#
# A fatal error has been detected by the Java Runtime Environment:
#
#  SIGSEGV (0xb) at pc=0x00007fbd0f5d989b, pid=17218, tid=140449753937664
#
# JRE version: Java(TM) SE Runtime Environment (7.0_80-b15) (build 1.7.0_80-b15)
# Java VM: Java HotSpot(TM) 64-Bit Server VM (24.80-b11 mixed mode linux-amd64 compressed oops)
# Problematic frame:
# V  [libjvm.so+0x4fb89b]  NTarjan::DFS(NTarjan*, VectorSet&, PhaseIdealLoop*, unsigned int*)+0x1cb
#
# Failed to write core dump. Core dumps have been disabled. To enable core dumping, try "ulimit -c unlimited" before starting Java again
#
# If you would like to submit a bug report, please visit:
#   http://bugreport.java.com/bugreport/crash.jsp
#

---------------  T H R E A D  ---------------

Current thread (0x00007fbd082c2800):  JavaThread "C2 CompilerThread1" daemon [_thread_in_native, id=17231, stack(0x00007fbd01a13000,0x00007fbd01b14000)]

siginfo:si_signo=SIGSEGV: si_errno=0, si_code=128 (), si_addr=0x0000000000000000

Registers:
RAX=0x00407fbd0feb98d0, RBX=0x00007fbd01b0ef00, RCX=0x0000000000000008, RDX=0x0000000000000002
RSP=0x00007fbd01b0ee00, RBP=0x00007fbd01b0ee80, RSI=0x0000000000000008, RDI=0x00007fbcdc57d458
R8 =0x0000000000000112, R9 =0x00007fbcdc232b60, R10=0x0000000000000010, R11=0x00007fbcd8290670
R12=0x0000000000000002, R13=0x00007fbcdc57d458, R14=0x00007fbcdc57d378, R15=0x00007fbcdcc5bf60
RIP=0x00007fbd0f5d989b, EFLAGS=0x0000000000010202, CSGSFS=0x0000000000000033, ERR=0x0000000000000000
  TRAPNO=0x000000000000000d

Top of Stack: (sp=0x00007fbd01b0ee00)
0x00007fbd01b0ee00:   00007fbd01b0ee30 00007fbcdc232b80
0x00007fbd01b0ee10:   00007fbd01b10710 00007fbd01b0ef00
0x00007fbd01b0ee20:   00007fbcdcc3e7d0 000005e5082c5fb0
0x00007fbd01b0ee30:   00000ac200000056 0000000000000000
0x00007fbd01b0ee40:   00007fbd082c0700 00007fbcd855d140
0x00007fbd01b0ee50:   00007fbd01b10710 00007fbd01b0ef00
0x00007fbd01b0ee60:   00007fbd082c5fb0 00007fbd01b10710
0x00007fbd01b0ee70:   00007fbd0fefe1e0 00007fbd082c5fb0
0x00007fbd01b0ee80:   00007fbd01b0ef50 00007fbd0f5d9c36
0x00007fbd01b0ee90:   0000000000000000 00007fbd0f847d78
0x00007fbd01b0eea0:   00007fbcd8290670 00007fbd01b10710
0x00007fbd01b0eeb0:   00007fbcdcc3e7d0 00007fbcdc232b80
0x00007fbd01b0eec0:   0000000000015860 00007fbcdc626bf0
0x00007fbd01b0eed0:   00007fbcdc63c460 00007fbcdc63c460
0x00007fbd01b0eee0:   00007fbd082c5fb0 0000000000238ba0
0x00007fbd01b0eef0:   0000000000015860 00007fbd082c5fb0
0x00007fbd01b0ef00:   00007fbd0fee5290 00007fbd082c5fb0
0x00007fbd01b0ef10:   00007fbd00000400 00007fbcd8562750
0x00007fbd01b0ef20:   0000000000000000 00007fbcdcf598d0
0x00007fbd01b0ef30:   00007fbd082c5fb0 00007fbd01b10710
0x00007fbd01b0ef40:   00007fbd0fefe1e0 00007fbd082c5fb0
0x00007fbd01b0ef50:   00007fbd01b0f270 00007fbd0f848611
0x00007fbd01b0ef60:   00007fbd01b0f1b0 00007fbd0f5ec21f
0x00007fbd01b0ef70:   00007fbd01b0f220 00007fbd01b0f1e0
0x00007fbd01b0ef80:   00007fbd01b0efb0 00007fbd01b10730
0x00007fbd01b0ef90:   00007fbd00000009 00007fbcdc451e00
0x00007fbd01b0efa0:   00007fbcdc451e50 00007fbcdc459de8
0x00007fbd01b0efb0:   00007fbd082c5fb0 000000000017d1f0
0x00007fbd01b0efc0:   00007fbd082c5fb0 00007fbc00000004
0x00007fbd01b0efd0:   00007fbcd86ec300 00007fbd00000000
0x00007fbd01b0efe0:   00007fbd0000007d 00007fbd01b0f060
0x00007fbd01b0eff0:   0000000000040010 00007fbd0fa4911b 

Instructions: (pc=0x00007fbd0f5d989b)
0x00007fbd0f5d987b:   45 8b 66 20 90 45 85 e4 7e 71 49 8b 46 10 41 83
0x00007fbd0f5d988b:   ec 01 44 89 e2 4c 8b 2c d0 49 8b 45 00 4c 89 ef
0x00007fbd0f5d989b:   ff 50 10 84 c0 74 de 48 8b 55 90 41 8b 75 28 3b
0x00007fbd0f5d98ab:   72 28 73 d1 48 8b 42 30 89 f7 48 83 3c f8 00 74 

Register to memory mapping:

RAX=0x00407fbd0feb98d0 is an unknown value
RBX=0x00007fbd01b0ef00 is pointing into the stack for thread: 0x00007fbd082c2800
RCX=0x0000000000000008 is an unknown value
RDX=0x0000000000000002 is an unknown value
RSP=0x00007fbd01b0ee00 is pointing into the stack for thread: 0x00007fbd082c2800
RBP=0x00007fbd01b0ee80 is pointing into the stack for thread: 0x00007fbd082c2800
RSI=0x0000000000000008 is an unknown value
RDI=0x00007fbcdc57d458 is an unknown value
R8 =0x0000000000000112 is an unknown value
R9 =0x00007fbcdc232b60 is an unknown value
R10=0x0000000000000010 is an unknown value
R11=0x00007fbcd8290670 is an unknown value
R12=0x0000000000000002 is an unknown value
R13=0x00007fbcdc57d458 is an unknown value
R14=0x00007fbcdc57d378 is an unknown value
R15=0x00007fbcdcc5bf60 is an unknown value


Stack: [0x00007fbd01a13000,0x00007fbd01b14000],  sp=0x00007fbd01b0ee00,  free space=1007k
Native frames: (J=compiled Java code, j=interpreted, Vv=VM code, C=native code)
V  [libjvm.so+0x4fb89b]  NTarjan::DFS(NTarjan*, VectorSet&, PhaseIdealLoop*, unsigned int*)+0x1cb
V  [libjvm.so+0x4fbc36]  PhaseIdealLoop::Dominators()+0x156
V  [libjvm.so+0x76a611]  PhaseIdealLoop::build_and_optimize(bool, bool)+0x471
V  [libjvm.so+0x446486]  Compile::Optimize()+0x636
V  [libjvm.so+0x447ca9]  Compile::Compile(ciEnv*, C2Compiler*, ciMethod*, int, bool, bool)+0x12f9
V  [libjvm.so+0x3b2516]  C2Compiler::compile_method(ciEnv*, ciMethod*, int)+0x176
V  [libjvm.so+0x44f6ce]  CompileBroker::invoke_compiler_on_method(CompileTask*)+0x33e
V  [libjvm.so+0x450458]  CompileBroker::compiler_thread_loop()+0x3e8
V  [libjvm.so+0x95bfff]  JavaThread::thread_main_inner()+0xdf
V  [libjvm.so+0x95c105]  JavaThread::run()+0xf5
V  [libjvm.so+0x8238c8]  java_start(Thread*)+0x108


Current CompileTask:
C2:  10979 1201   !         java.beans.Introspector::getTargetPropertyInfo (589 bytes)


---------------  P R O C E S S  ---------------

Java Threads: ( => current thread )
  0x00007fbcbc5cb800 JavaThread "PoolCleaner[1293967512:1437652715487]" daemon [_thread_blocked, id=17264, stack(0x00007fbd0035f000,0x00007fbd00460000)]
  0x00007fbcbc085000 JavaThread "FileSystemWatcher: files=#94 cl=groovy.lang.GroovyClassLoader@4d206098" daemon [_thread_blocked, id=17262, stack(0x00007fbd00460000,0x00007fbd00561000)]
  0x00007fbcb8001800 JavaThread "localhost-startStop-1" daemon [_thread_in_Java, id=17261, stack(0x00007fbd00561000,0x00007fbd00662000)]
  0x00007fbd08d1d800 JavaThread "Tomcat-startStop-1" daemon [_thread_blocked, id=17260, stack(0x00007fbd00662000,0x00007fbd00763000)]
  0x00007fbd08cf8000 JavaThread "Thread-3" [_thread_in_native, id=17259, stack(0x00007fbd0096b000,0x00007fbd00a6c000)]
  0x00007fbd087e4000 JavaThread "Thread-2" [_thread_blocked, id=17258, stack(0x00007fbd00cac000,0x00007fbd00dad000)]
  0x00007fbd08572000 JavaThread "NonBlockingInputStreamThread" daemon [_thread_blocked, id=17247, stack(0x00007fbd014d6000,0x00007fbd015d7000)]
  0x00007fbd0853f000 JavaThread "process reaper" daemon [_thread_blocked, id=17236, stack(0x00007fbd017d8000,0x00007fbd01811000)]
  0x00007fbd082d6000 JavaThread "Service Thread" daemon [_thread_blocked, id=17232, stack(0x00007fbd01912000,0x00007fbd01a13000)]
=>0x00007fbd082c2800 JavaThread "C2 CompilerThread1" daemon [_thread_in_native, id=17231, stack(0x00007fbd01a13000,0x00007fbd01b14000)]
  0x00007fbd082cb000 JavaThread "C2 CompilerThread0" daemon [_thread_in_native, id=17230, stack(0x00007fbd01b14000,0x00007fbd01c15000)]
  0x00007fbd0815b000 JavaThread "Signal Dispatcher" daemon [_thread_blocked, id=17229, stack(0x00007fbd02832000,0x00007fbd02933000)]
  0x00007fbd0813a000 JavaThread "Finalizer" daemon [_thread_blocked, id=17228, stack(0x00007fbd02bfc000,0x00007fbd02cfd000)]
  0x00007fbd08138000 JavaThread "Reference Handler" daemon [_thread_blocked, id=17227, stack(0x00007fbd02cfd000,0x00007fbd02dfe000)]
  0x00007fbd0800c800 JavaThread "main" [_thread_blocked, id=17219, stack(0x00007fbd10a5f000,0x00007fbd10b60000)]

Other Threads:
  0x00007fbd08133800 VMThread [stack: 0x00007fbd02dfe000,0x00007fbd02eff000] [id=17226]
  0x00007fbd082e1000 WatcherThread [stack: 0x00007fbd01811000,0x00007fbd01912000] [id=17233]

VM state:not at safepoint (normal execution)

VM Mutex/Monitor currently owned by a thread: None

Heap
 PSYoungGen      total 223232K, used 161811K [0x00000000f0000000, 0x0000000100000000, 0x0000000100000000)
  eden space 202752K, 69% used [0x00000000f0000000,0x00000000f8a49ae0,0x00000000fc600000)
  from space 20480K, 98% used [0x00000000fc600000,0x00000000fd9bb2a0,0x00000000fda00000)
  to   space 30720K, 0% used [0x00000000fe200000,0x00000000fe200000,0x0000000100000000)
 ParOldGen       total 84480K, used 54248K [0x00000000d0000000, 0x00000000d5280000, 0x00000000f0000000)
  object space 84480K, 64% used [0x00000000d0000000,0x00000000d34fa0e8,0x00000000d5280000)
 PSPermGen       total 75776K, used 51801K [0x00000000c0000000, 0x00000000c4a00000, 0x00000000d0000000)
  object space 75776K, 68% used [0x00000000c0000000,0x00000000c32967d8,0x00000000c4a00000)

Card table byte_map: [0x00007fbd0d936000,0x00007fbd0db37000] byte_map_base: 0x00007fbd0d336000

Polling page: 0x00007fbd10b79000

Code Cache  [0x00007fbd05000000, 0x00007fbd05520000, 0x00007fbd08000000)
 total_blobs=1650 nmethods=999 adapters=602 free_code_cache=44201Kb largest_free_block=44986496

Compilation events (10 events):
Event: 10.890 Thread 0x00007fbd082c2800 1196             java.util.WeakHashMap::getTable (9 bytes)
Event: 10.890 Thread 0x00007fbd082c2800 nmethod 1196 0x00007fbd0532db50 code [0x00007fbd0532dca0, 0x00007fbd0532dd28]
Event: 10.900 Thread 0x00007fbd082cb000 1197             org.codehaus.groovy.reflection.GeneratedMetaMethod::getDeclaringClass (5 bytes)
Event: 10.901 Thread 0x00007fbd082cb000 nmethod 1197 0x00007fbd051e4190 code [0x00007fbd051e42c0, 0x00007fbd051e4318]
Event: 10.921 Thread 0x00007fbd082c2800 1201   !         java.beans.Introspector::getTargetPropertyInfo (589 bytes)
Event: 10.933 Thread 0x00007fbd082cb000 1202             java.util.HashMap::isEmpty (13 bytes)
Event: 10.934 Thread 0x00007fbd082cb000 nmethod 1202 0x00007fbd05393290 code [0x00007fbd053933c0, 0x00007fbd05393418]
Event: 10.938 Thread 0x00007fbd082cb000 1203             java.beans.FeatureDescriptor::<init> (5 bytes)
Event: 10.938 Thread 0x00007fbd082cb000 nmethod 1203 0x00007fbd051e3f90 code [0x00007fbd051e40c0, 0x00007fbd051e4118]
Event: 10.939 Thread 0x00007fbd082cb000 1204 % !         org.springsource.loaded.MethodInvokerRewriter::rewrite @ 25 (293 bytes)

GC Heap History (10 events):
Event: 7.283 GC heap before
{Heap before GC invocations=10 (full 0):
 PSYoungGen      total 244224K, used 244214K [0x00000000f0000000, 0x0000000100000000, 0x0000000100000000)
  eden space 226304K, 100% used [0x00000000f0000000,0x00000000fdd00000,0x00000000fdd00000)
  from space 17920K, 99% used [0x00000000fdd00000,0x00000000fee7d9c0,0x00000000fee80000)
  to   space 17920K, 0% used [0x00000000fee80000,0x00000000fee80000,0x0000000100000000)
 ParOldGen       total 44032K, used 27862K [0x00000000d0000000, 0x00000000d2b00000, 0x00000000f0000000)
  object space 44032K, 63% used [0x00000000d0000000,0x00000000d1b358d8,0x00000000d2b00000)
 PSPermGen       total 37888K, used 37724K [0x00000000c0000000, 0x00000000c2500000, 0x00000000d0000000)
  object space 37888K, 99% used [0x00000000c0000000,0x00000000c24d73f0,0x00000000c2500000)
Event: 7.320 GC heap after
Heap after GC invocations=10 (full 0):
 PSYoungGen      total 219648K, used 17894K [0x00000000f0000000, 0x0000000100000000, 0x0000000100000000)
  eden space 201728K, 0% used [0x00000000f0000000,0x00000000f0000000,0x00000000fc500000)
  from space 17920K, 99% used [0x00000000fee80000,0x00000000ffff9938,0x0000000100000000)
  to   space 30208K, 0% used [0x00000000fc500000,0x00000000fc500000,0x00000000fe280000)
 ParOldGen       total 44032K, used 41744K [0x00000000d0000000, 0x00000000d2b00000, 0x00000000f0000000)
  object space 44032K, 94% used [0x00000000d0000000,0x00000000d28c4218,0x00000000d2b00000)
 PSPermGen       total 37888K, used 37724K [0x00000000c0000000, 0x00000000c2500000, 0x00000000d0000000)
  object space 37888K, 99% used [0x00000000c0000000,0x00000000c24d73f0,0x00000000c2500000)
}
Event: 7.320 GC heap before
{Heap before GC invocations=11 (full 1):
 PSYoungGen      total 219648K, used 17894K [0x00000000f0000000, 0x0000000100000000, 0x0000000100000000)
  eden space 201728K, 0% used [0x00000000f0000000,0x00000000f0000000,0x00000000fc500000)
  from space 17920K, 99% used [0x00000000fee80000,0x00000000ffff9938,0x0000000100000000)
  to   space 30208K, 0% used [0x00000000fc500000,0x00000000fc500000,0x00000000fe280000)
 ParOldGen       total 44032K, used 41744K [0x00000000d0000000, 0x00000000d2b00000, 0x00000000f0000000)
  object space 44032K, 94% used [0x00000000d0000000,0x00000000d28c4218,0x00000000d2b00000)
 PSPermGen       total 37888K, used 37724K [0x00000000c0000000, 0x00000000c2500000, 0x00000000d0000000)
  object space 37888K, 99% used [0x00000000c0000000,0x00000000c24d73f0,0x00000000c2500000)
Event: 7.665 GC heap after
Heap after GC invocations=11 (full 1):
 PSYoungGen      total 219648K, used 10194K [0x00000000f0000000, 0x0000000100000000, 0x0000000100000000)
  eden space 201728K, 0% used [0x00000000f0000000,0x00000000f0000000,0x00000000fc500000)
  from space 17920K, 56% used [0x00000000fee80000,0x00000000ff874808,0x0000000100000000)
  to   space 30208K, 0% used [0x00000000fc500000,0x00000000fc500000,0x00000000fe280000)
 ParOldGen       total 84480K, used 43964K [0x00000000d0000000, 0x00000000d5280000, 0x00000000f0000000)
  object space 84480K, 52% used [0x00000000d0000000,0x00000000d2aef260,0x00000000d5280000)
 PSPermGen       total 75776K, used 37710K [0x00000000c0000000, 0x00000000c4a00000, 0x00000000d0000000)
  object space 75776K, 49% used [0x00000000c0000000,0x00000000c24d3ba0,0x00000000c4a00000)
}
Event: 8.337 GC heap before
{Heap before GC invocations=12 (full 1):
 PSYoungGen      total 219648K, used 211922K [0x00000000f0000000, 0x0000000100000000, 0x0000000100000000)
  eden space 201728K, 100% used [0x00000000f0000000,0x00000000fc500000,0x00000000fc500000)
  from space 17920K, 56% used [0x00000000fee80000,0x00000000ff874808,0x0000000100000000)
  to   space 30208K, 0% used [0x00000000fc500000,0x00000000fc500000,0x00000000fe280000)
 ParOldGen       total 84480K, used 43964K [0x00000000d0000000, 0x00000000d5280000, 0x00000000f0000000)
  object space 84480K, 52% used [0x00000000d0000000,0x00000000d2aef260,0x00000000d5280000)
 PSPermGen       total 75776K, used 40642K [0x00000000c0000000, 0x00000000c4a00000, 0x00000000d0000000)
  object space 75776K, 53% used [0x00000000c0000000,0x00000000c27b0938,0x00000000c4a00000)
Event: 8.372 GC heap after
Heap after GC invocations=12 (full 1):
 PSYoungGen      total 231936K, used 8325K [0x00000000f0000000, 0x0000000100000000, 0x0000000100000000)
  eden space 201728K, 0% used [0x00000000f0000000,0x00000000f0000000,0x00000000fc500000)
  from space 30208K, 27% used [0x00000000fc500000,0x00000000fcd21488,0x00000000fe280000)
  to   space 29184K, 0% used [0x00000000fe380000,0x00000000fe380000,0x0000000100000000)
 ParOldGen       total 84480K, used 54248K [0x00000000d0000000, 0x00000000d5280000, 0x00000000f0000000)
  object space 84480K, 64% used [0x00000000d0000000,0x00000000d34fa0e8,0x00000000d5280000)
 PSPermGen       total 75776K, used 40642K [0x00000000c0000000, 0x00000000c4a00000, 0x00000000d0000000)
  object space 75776K, 53% used [0x00000000c0000000,0x00000000c27b0938,0x00000000c4a00000)
}
Event: 9.464 GC heap before
{Heap before GC invocations=13 (full 1):
 PSYoungGen      total 231936K, used 210053K [0x00000000f0000000, 0x0000000100000000, 0x0000000100000000)
  eden space 201728K, 100% used [0x00000000f0000000,0x00000000fc500000,0x00000000fc500000)
  from space 30208K, 27% used [0x00000000fc500000,0x00000000fcd21488,0x00000000fe280000)
  to   space 29184K, 0% used [0x00000000fe380000,0x00000000fe380000,0x0000000100000000)
 ParOldGen       total 84480K, used 54248K [0x00000000d0000000, 0x00000000d5280000, 0x00000000f0000000)
  object space 84480K, 64% used [0x00000000d0000000,0x00000000d34fa0e8,0x00000000d5280000)
 PSPermGen       total 75776K, used 46523K [0x00000000c0000000, 0x00000000c4a00000, 0x00000000d0000000)
  object space 75776K, 61% used [0x00000000c0000000,0x00000000c2d6eeb8,0x00000000c4a00000)
Event: 9.486 GC heap after
Heap after GC invocations=13 (full 1):
 PSYoungGen      total 230912K, used 16630K [0x00000000f0000000, 0x00000000fff00000, 0x0000000100000000)
  eden space 202752K, 0% used [0x00000000f0000000,0x00000000f0000000,0x00000000fc600000)
  from space 28160K, 59% used [0x00000000fe380000,0x00000000ff3bd920,0x00000000fff00000)
  to   space 29184K, 0% used [0x00000000fc600000,0x00000000fc600000,0x00000000fe280000)
 ParOldGen       total 84480K, used 54248K [0x00000000d0000000, 0x00000000d5280000, 0x00000000f0000000)
  object space 84480K, 64% used [0x00000000d0000000,0x00000000d34fa0e8,0x00000000d5280000)
 PSPermGen       total 75776K, used 46523K [0x00000000c0000000, 0x00000000c4a00000, 0x00000000d0000000)
  object space 75776K, 61% used [0x00000000c0000000,0x00000000c2d6eeb8,0x00000000c4a00000)
}
Event: 10.396 GC heap before
{Heap before GC invocations=14 (full 1):
 PSYoungGen      total 230912K, used 219382K [0x00000000f0000000, 0x00000000fff00000, 0x0000000100000000)
  eden space 202752K, 100% used [0x00000000f0000000,0x00000000fc600000,0x00000000fc600000)
  from space 28160K, 59% used [0x00000000fe380000,0x00000000ff3bd920,0x00000000fff00000)
  to   space 29184K, 0% used [0x00000000fc600000,0x00000000fc600000,0x00000000fe280000)
 ParOldGen       total 84480K, used 54248K [0x00000000d0000000, 0x00000000d5280000, 0x00000000f0000000)
  object space 84480K, 64% used [0x00000000d0000000,0x00000000d34fa0e8,0x00000000d5280000)
 PSPermGen       total 75776K, used 50831K [0x00000000c0000000, 0x00000000c4a00000, 0x00000000d0000000)
  object space 75776K, 67% used [0x00000000c0000000,0x00000000c31a3fc0,0x00000000c4a00000)
Event: 10.414 GC heap after
Heap after GC invocations=14 (full 1):
 PSYoungGen      total 223232K, used 20204K [0x00000000f0000000, 0x0000000100000000, 0x0000000100000000)
  eden space 202752K, 0% used [0x00000000f0000000,0x00000000f0000000,0x00000000fc600000)
  from space 20480K, 98% used [0x00000000fc600000,0x00000000fd9bb2a0,0x00000000fda00000)
  to   space 30720K, 0% used [0x00000000fe200000,0x00000000fe200000,0x0000000100000000)
 ParOldGen       total 84480K, used 54248K [0x00000000d0000000, 0x00000000d5280000, 0x00000000f0000000)
  object space 84480K, 64% used [0x00000000d0000000,0x00000000d34fa0e8,0x00000000d5280000)
 PSPermGen       total 75776K, used 50831K [0x00000000c0000000, 0x00000000c4a00000, 0x00000000d0000000)
  object space 75776K, 67% used [0x00000000c0000000,0x00000000c31a3fc0,0x00000000c4a00000)
}

Deoptimization events (10 events):
Event: 10.593 Thread 0x00007fbcb8001800 Uncommon trap: reason=unstable_if action=reinterpret pc=0x00007fbd054bff34 method=org.springframework.core.annotation.AnnotatedElementUtils.doProcess(Ljava/lang/reflect/AnnotatedElement;Ljava/lang/String;ZLorg/springframework/core/annotation/AnnotatedElem
Event: 10.676 Thread 0x00007fbcb8001800 Uncommon trap: reason=unstable_if action=reinterpret pc=0x00007fbd052b02c0 method=java.util.regex.Pattern$CharProperty.match(Ljava/util/regex/Matcher;ILjava/lang/CharSequence;)Z @ 40
Event: 10.728 Thread 0x00007fbcb8001800 Uncommon trap: reason=unstable_if action=reinterpret pc=0x00007fbd052975e4 method=java.util.regex.Matcher.appendReplacement(Ljava/lang/StringBuffer;Ljava/lang/String;)Ljava/util/regex/Matcher; @ 78
Event: 10.728 Thread 0x00007fbcb8001800 Uncommon trap: reason=unstable_if action=reinterpret pc=0x00007fbd05064d68 method=java.lang.String.indexOf([CII[CIII)I @ 19
Event: 10.729 Thread 0x00007fbcb8001800 Uncommon trap: reason=unstable_if action=reinterpret pc=0x00007fbd0528ce94 method=java.lang.String.regionMatches(ZILjava/lang/String;II)Z @ 123
Event: 10.762 Thread 0x00007fbcb8001800 Uncommon trap: reason=predicate action=maybe_recompile pc=0x00007fbd054f3584 method=java.util.TreeMap.put(Ljava/lang/Object;Ljava/lang/Object;)Ljava/lang/Object; @ 132
Event: 10.815 Thread 0x00007fbcb8001800 Uncommon trap: reason=class_check action=maybe_recompile pc=0x00007fbd054e6284 method=org.springframework.core.ResolvableType.getSource()Ljava/lang/Object; @ 11
Event: 10.815 Thread 0x00007fbcb8001800 Uncommon trap: reason=class_check action=maybe_recompile pc=0x00007fbd054e6284 method=org.springframework.core.ResolvableType.getSource()Ljava/lang/Object; @ 11
Event: 10.921 Thread 0x00007fbcb8001800 Uncommon trap: reason=null_check action=make_not_entrant pc=0x00007fbd05495a9c method=java.beans.IndexedPropertyDescriptor.setIndexedWriteMethod0(Ljava/lang/reflect/Method;)V @ 42
Event: 10.922 Thread 0x00007fbcb8001800 Uncommon trap: reason=unstable_if action=reinterpret pc=0x00007fbd0550f650 method=org.codehaus.groovy.runtime.metaclass.MetaMethodIndex.isNonRealMethod(Lgroovy/lang/MetaMethod;)Z @ 4

Internal exceptions (10 events):
Event: 10.968 Thread 0x00007fbcb8001800 Threw 0x00000000f88f48a8 at /HUDSON/workspace/7u-2-build-linux-amd64/jdk7u80/2329/hotspot/src/share/vm/prims/jvm.cpp:1319
Event: 10.968 Thread 0x00007fbcb8001800 Threw 0x00000000f88f55f0 at /HUDSON/workspace/7u-2-build-linux-amd64/jdk7u80/2329/hotspot/src/share/vm/classfile/systemDictionary.cpp:185
Event: 10.968 Thread 0x00007fbcb8001800 Threw 0x00000000f88f6878 at /HUDSON/workspace/7u-2-build-linux-amd64/jdk7u80/2329/hotspot/src/share/vm/prims/jvm.cpp:1319
Event: 10.968 Thread 0x00007fbcb8001800 Threw 0x00000000f88fbe88 at /HUDSON/workspace/7u-2-build-linux-amd64/jdk7u80/2329/hotspot/src/share/vm/prims/jvm.cpp:1319
Event: 10.968 Thread 0x00007fbcb8001800 Threw 0x00000000f890f750 at /HUDSON/workspace/7u-2-build-linux-amd64/jdk7u80/2329/hotspot/src/share/vm/prims/jvm.cpp:1319
Event: 10.968 Thread 0x00007fbcb8001800 Threw 0x00000000f89285c8 at /HUDSON/workspace/7u-2-build-linux-amd64/jdk7u80/2329/hotspot/src/share/vm/prims/jvm.cpp:1319
Event: 10.968 Thread 0x00007fbcb8001800 Threw 0x00000000f892dbd8 at /HUDSON/workspace/7u-2-build-linux-amd64/jdk7u80/2329/hotspot/src/share/vm/prims/jvm.cpp:1319
Event: 10.969 Thread 0x00007fbcb8001800 Threw 0x00000000f89414a0 at /HUDSON/workspace/7u-2-build-linux-amd64/jdk7u80/2329/hotspot/src/share/vm/prims/jvm.cpp:1319
Event: 10.969 Thread 0x00007fbcb8001800 Threw 0x00000000f896cce0 at /HUDSON/workspace/7u-2-build-linux-amd64/jdk7u80/2329/hotspot/src/share/vm/prims/jvm.cpp:1319
Event: 10.969 Thread 0x00007fbcb8001800 Threw 0x00000000f896da28 at /HUDSON/workspace/7u-2-build-linux-amd64/jdk7u80/2329/hotspot/src/share/vm/classfile/systemDictionary.cpp:185

Events (10 events):
Event: 10.967 loading class 0x00007fbcbc2ae410
Event: 10.967 loading class 0x00007fbcbc2ae410 done
Event: 10.968 loading class 0x00007fbcbc2ae410
Event: 10.968 loading class 0x00007fbcbc2ae410 done
Event: 10.968 loading class 0x00007fbcbc2ae4a0
Event: 10.968 loading class 0x00007fbcbc2ae4a0 done
Event: 10.968 loading class 0x00007fbcbc2ae4a0
Event: 10.968 loading class 0x00007fbcbc2ae4a0 done
Event: 10.969 loading class 0x00007fbcbc2ae4a0
Event: 10.969 loading class 0x00007fbcbc2ae4a0 done


Dynamic libraries:
00400000-00401000 r-xp 00000000 08:07 140222                             /usr/lib/jvm/java-7-oracle/bin/java
00600000-00601000 rw-p 00000000 08:07 140222                             /usr/lib/jvm/java-7-oracle/bin/java
01bbb000-01bdc000 rw-p 00000000 00:00 0                                  [heap]
c0000000-c4a00000 rw-p 00000000 00:00 0 
c4a00000-d0000000 rw-p 00000000 00:00 0 
d0000000-d5280000 rw-p 00000000 00:00 0 
d5280000-f0000000 rw-p 00000000 00:00 0 
f0000000-100000000 rw-p 00000000 00:00 0 
7fbcb0000000-7fbcb0021000 rw-p 00000000 00:00 0 
7fbcb0021000-7fbcb4000000 ---p 00000000 00:00 0 
7fbcb4000000-7fbcb4021000 rw-p 00000000 00:00 0 
7fbcb4021000-7fbcb8000000 ---p 00000000 00:00 0 
7fbcb8000000-7fbcb8021000 rw-p 00000000 00:00 0 
7fbcb8021000-7fbcbc000000 ---p 00000000 00:00 0 
7fbcbc000000-7fbcbc782000 rw-p 00000000 00:00 0 
7fbcbc782000-7fbcc0000000 ---p 00000000 00:00 0 
7fbcc0000000-7fbcc0021000 rw-p 00000000 00:00 0 
7fbcc0021000-7fbcc4000000 ---p 00000000 00:00 0 
7fbcc4000000-7fbcc4021000 rw-p 00000000 00:00 0 
7fbcc4021000-7fbcc8000000 ---p 00000000 00:00 0 
7fbcc8000000-7fbcc8021000 rw-p 00000000 00:00 0 
7fbcc8021000-7fbccc000000 ---p 00000000 00:00 0 
7fbccc000000-7fbccc021000 rw-p 00000000 00:00 0 
7fbccc021000-7fbcd0000000 ---p 00000000 00:00 0 
7fbcd0000000-7fbcd0021000 rw-p 00000000 00:00 0 
7fbcd0021000-7fbcd4000000 ---p 00000000 00:00 0 
7fbcd4000000-7fbcd4021000 rw-p 00000000 00:00 0 
7fbcd4021000-7fbcd8000000 ---p 00000000 00:00 0 
7fbcd8000000-7fbcd948d000 rw-p 00000000 00:00 0 
7fbcd948d000-7fbcdc000000 ---p 00000000 00:00 0 
7fbcdc000000-7fbcdd1d8000 rw-p 00000000 00:00 0 
7fbcdd1d8000-7fbce0000000 ---p 00000000 00:00 0 
7fbce0000000-7fbce0038000 rw-p 00000000 00:00 0 
7fbce0038000-7fbce4000000 ---p 00000000 00:00 0 
7fbce4000000-7fbce4021000 rw-p 00000000 00:00 0 
7fbce4021000-7fbce8000000 ---p 00000000 00:00 0 
7fbce8000000-7fbce8082000 rw-p 00000000 00:00 0 
7fbce8082000-7fbcec000000 ---p 00000000 00:00 0 
7fbcec000000-7fbcec021000 rw-p 00000000 00:00 0 
7fbcec021000-7fbcf0000000 ---p 00000000 00:00 0 
7fbcf0000000-7fbcf0021000 rw-p 00000000 00:00 0 
7fbcf0021000-7fbcf4000000 ---p 00000000 00:00 0 
7fbcf4000000-7fbcf4049000 rw-p 00000000 00:00 0 
7fbcf4049000-7fbcf8000000 ---p 00000000 00:00 0 
7fbcf8000000-7fbcf8021000 rw-p 00000000 00:00 0 
7fbcf8021000-7fbcfc000000 ---p 00000000 00:00 0 
7fbcfc000000-7fbcfc021000 rw-p 00000000 00:00 0 
7fbcfc021000-7fbd00000000 ---p 00000000 00:00 0 
7fbd0035e000-7fbd0035f000 rw-p 00000000 00:00 0 
7fbd0035f000-7fbd00362000 ---p 00000000 00:00 0 
7fbd00362000-7fbd00460000 rw-p 00000000 00:00 0                          [stack:17264]
7fbd00460000-7fbd00463000 ---p 00000000 00:00 0 
7fbd00463000-7fbd00561000 rw-p 00000000 00:00 0                          [stack:17262]
7fbd00561000-7fbd00564000 ---p 00000000 00:00 0 
7fbd00564000-7fbd00662000 rw-p 00000000 00:00 0                          [stack:17261]
7fbd00662000-7fbd00665000 ---p 00000000 00:00 0 
7fbd00665000-7fbd00763000 rw-p 00000000 00:00 0                          [stack:17260]
7fbd00763000-7fbd0076b000 r-xp 00000000 08:07 139006                     /usr/lib/jvm/java-7-oracle/jre/lib/amd64/libmanagement.so
7fbd0076b000-7fbd0096a000 ---p 00008000 08:07 139006                     /usr/lib/jvm/java-7-oracle/jre/lib/amd64/libmanagement.so
7fbd0096a000-7fbd0096b000 rw-p 00007000 08:07 139006                     /usr/lib/jvm/java-7-oracle/jre/lib/amd64/libmanagement.so
7fbd0096b000-7fbd0096e000 ---p 00000000 00:00 0 
7fbd0096e000-7fbd00a6c000 rw-p 00000000 00:00 0                          [stack:17259]
7fbd00a6c000-7fbd00a6f000 r--s 00012000 08:01 530047                     /home/rubinder/.gvm/grails/2.4.4/lib/javax.servlet/javax.servlet-api/jars/javax.servlet-api-3.0.1.jar
7fbd00a6f000-7fbd00a74000 r--s 00040000 08:01 658152                     /home/rubinder/.gvm/grails/2.4.4/dist/grails-project-api-2.4.4.jar
7fbd00a74000-7fbd00a85000 r--s 000d2000 08:01 787589                     /home/rubinder/.m2/repository/org/liquibase/liquibase-core/2.0.5/liquibase-core-2.0.5.jar
7fbd00a85000-7fbd00a88000 r--s 0000f000 08:01 787737                     /home/rubinder/.m2/repository/org/hibernate/hibernate-commons-annotations/3.2.0.Final/hibernate-commons-annotations-3.2.0.Final.jar
7fbd00a88000-7fbd00a92000 r--s 0005f000 08:01 787736                     /home/rubinder/.m2/repository/org/hibernate/hibernate-entitymanager/3.6.10.Final/hibernate-entitymanager-3.6.10.Final.jar
7fbd00a92000-7fbd00a99000 r--s 00040000 08:01 787729                     /home/rubinder/.m2/repository/org/hibernate/hibernate-validator/4.1.0.Final/hibernate-validator-4.1.0.Final.jar
7fbd00a99000-7fbd00a9c000 r--s 00009000 08:01 787731                     /home/rubinder/.m2/repository/javax/validation/validation-api/1.0.0.GA/validation-api-1.0.0.GA.jar
7fbd00a9c000-7fbd00ace000 r--s 002c9000 08:01 787733                     /home/rubinder/.m2/repository/org/hibernate/hibernate-core/3.6.10.Final/hibernate-core-3.6.10.Final.jar
7fbd00ace000-7fbd00adc000 r--s 0007f000 08:01 529993                     /home/rubinder/.gvm/grails/2.4.4/lib/commons-collections/commons-collections/jars/commons-collections-3.2.1.jar
7fbd00adc000-7fbd00ae2000 r--s 0004c000 08:01 530323                     /home/rubinder/.gvm/grails/2.4.4/lib/org.grails/grails-datastore-simple/jars/grails-datastore-simple-3.1.3.RELEASE.jar
7fbd00ae2000-7fbd00aea000 r--s 00052000 08:01 787580                     /home/rubinder/.m2/repository/org/springframework/spring-orm/4.0.7.RELEASE/spring-orm-4.0.7.RELEASE.jar
7fbd00aea000-7fbd00aec000 r--s 0000a000 08:01 787578                     /home/rubinder/.m2/repository/org/grails/grails-datastore-gorm-plugin-support/3.1.3.RELEASE/grails-datastore-gorm-plugin-support-3.1.3.RELEASE.jar
7fbd00aec000-7fbd00af1000 r--s 00048000 08:01 787586                     /home/rubinder/.m2/repository/dom4j/dom4j/1.6.1/dom4j-1.6.1.jar
7fbd00af1000-7fbd00af6000 r--s 00068000 08:01 787568                     /home/rubinder/.m2/repository/antlr/antlr/2.7.7/antlr-2.7.7.jar
7fbd00af6000-7fbd00afc000 r--s 00041000 08:01 787577                     /home/rubinder/.m2/repository/org/grails/grails-datastore-gorm-hibernate-core/3.1.3.RELEASE/grails-datastore-gorm-hibernate-core-3.1.3.RELEASE.jar
7fbd00afc000-7fbd00b03000 r--s 0005b000 08:01 787726                     /home/rubinder/.m2/repository/org/grails/grails-datastore-gorm-hibernate/3.1.3.RELEASE/grails-datastore-gorm-hibernate-3.1.3.RELEASE.jar
7fbd00b03000-7fbd00b0d000 r--s 00080000 08:01 530320                     /home/rubinder/.gvm/grails/2.4.4/lib/org.grails/grails-datastore-gorm/jars/grails-datastore-gorm-3.1.3.RELEASE.jar
7fbd00b0d000-7fbd00b0e000 r--s 00003000 08:01 530060                     /home/rubinder/.gvm/grails/2.4.4/lib/javax.transaction/jta/jars/jta-1.1.jar
7fbd00b0e000-7fbd00b19000 r--s 00054000 08:01 530317                     /home/rubinder/.gvm/grails/2.4.4/lib/org.grails/grails-datastore-core/jars/grails-datastore-core-3.1.3.RELEASE.jar
7fbd00b19000-7fbd00b2f000 r--s 000e6000 08:01 787570                     /home/rubinder/.m2/repository/net/sf/ehcache/ehcache-core/2.4.8/ehcache-core-2.4.8.jar
7fbd00b2f000-7fbd00b30000 r--s 00002000 08:01 787724                     /home/rubinder/.m2/repository/org/hibernate/hibernate-ehcache/3.6.10.Final/hibernate-ehcache-3.6.10.Final.jar
7fbd00b30000-7fbd00b34000 r--s 00027000 08:01 530001                     /home/rubinder/.gvm/grails/2.4.4/lib/commons-io/commons-io/jars/commons-io-2.2.jar
7fbd00b34000-7fbd00b41000 r--s 00109000 08:01 787552                     /home/rubinder/.m2/repository/org/mozilla/rhino/1.7R4/rhino-1.7R4.jar
7fbd00b41000-7fbd00b4a000 r--s 000a5000 08:01 787550                     /home/rubinder/.m2/repository/org/javassist/javassist/3.17.1-GA/javassist-3.17.1-GA.jar
7fbd00b4a000-7fbd00b52000 r--s 000b9000 08:01 919222                     /home/rubinder/.m2/repository/mysql/mysql-connector-java/5.1.16/mysql-connector-java-5.1.16.jar
7fbd00b52000-7fbd00b54000 r--s 00085000 08:01 658173                     /home/rubinder/.gvm/grails/2.4.4/dist/grails-resources-2.4.4.jar
7fbd00b54000-7fbd00b61000 r--s 00189000 08:01 529968                     /home/rubinder/.gvm/grails/2.4.4/lib/com.h2database/h2/jars/h2-1.3.176.jar
7fbd00b61000-7fbd00b63000 r--s 0000e000 08:01 658005                     /home/rubinder/.gvm/grails/2.4.4/dist/grails-plugin-mimetypes-2.4.4.jar
7fbd00b63000-7fbd00b64000 r--s 0000a000 08:01 529908                     /home/rubinder/.gvm/grails/2.4.4/lib/asm/asm/jars/asm-3.3.1.jar
7fbd00b64000-7fbd00b6b000 r--s 00040000 08:01 529924                     /home/rubinder/.gvm/grails/2.4.4/lib/cglib/cglib/jars/cglib-2.2.2.jar
7fbd00b6b000-7fbd00b6e000 r--s 00018000 08:01 657900                     /home/rubinder/.gvm/grails/2.4.4/dist/grails-plugin-domain-class-2.4.4.jar
7fbd00b6e000-7fbd00b72000 r--s 00021000 08:01 657837                     /home/rubinder/.gvm/grails/2.4.4/dist/grails-plugin-converters-2.4.4.jar
7fbd00b72000-7fbd00b73000 r--s 0000e000 08:01 530222                     /home/rubinder/.gvm/grails/2.4.4/lib/org.codehaus.jsr166-mirror/jsr166y/jars/jsr166y-1.7.0.jar
7fbd00b73000-7fbd00b8f000 r--s 00136000 08:01 530208                     /home/rubinder/.gvm/grails/2.4.4/lib/org.codehaus.gpars/gpars/jars/gpars-1.2.1.jar
7fbd00b8f000-7fbd00b91000 r--s 00011000 08:01 657627                     /home/rubinder/.gvm/grails/2.4.4/dist/grails-async-2.4.4.jar
7fbd00b91000-7fbd00b93000 r--s 0000e000 08:01 657774                     /home/rubinder/.gvm/grails/2.4.4/dist/grails-plugin-async-2.4.4.jar
7fbd00b93000-7fbd00b97000 r--s 00019000 08:01 529954                     /home/rubinder/.gvm/grails/2.4.4/lib/com.googlecode.concurrentlinkedhashmap/concurrentlinkedhashmap-lru/jars/concurrentlinkedhashmap-lru-1.4.jar
7fbd00b97000-7fbd00b9b000 r--s 00028000 08:01 530012                     /home/rubinder/.gvm/grails/2.4.4/lib/commons-validator/commons-validator/jars/commons-validator-1.4.0.jar
7fbd00b9b000-7fbd00b9e000 r--s 00012000 08:01 658257                     /home/rubinder/.gvm/grails/2.4.4/dist/grails-validation-2.4.4.jar
7fbd00b9e000-7fbd00ba0000 r--s 0000e000 08:01 658110                     /home/rubinder/.gvm/grails/2.4.4/dist/grails-plugin-url-mappings-2.4.4.jar
7fbd00ba0000-7fbd00ba1000 r--s 00006000 08:01 658068                     /home/rubinder/.gvm/grails/2.4.4/dist/grails-plugin-servlets-2.4.4.jar
7fbd00ba1000-7fbd00ba8000 r--s 00036000 08:01 530473                     /home/rubinder/.gvm/grails/2.4.4/lib/org.springframework/spring-tx/jars/spring-tx-4.0.7.RELEASE.jar
7fbd00ba8000-7fbd00baa000 r--s 00009000 08:01 658047                     /home/rubinder/.gvm/grails/2.4.4/dist/grails-plugin-services-2.4.4.jar
7fbd00baa000-7fbd00bab000 r--s 00001000 08:01 530368                     /home/rubinder/.gvm/grails/2.4.4/lib/org.slf4j/jul-to-slf4j/jars/jul-to-slf4j-1.7.5.jar
7fbd00bab000-7fbd00bad000 r--s 0000c000 08:01 658404                     /home/rubinder/.gvm/grails/2.4.4/dist/grails-web-gsp-taglib-2.4.4.jar
7fbd00bad000-7fbd00bae000 r--s 00000000 08:01 657753                     /home/rubinder/.gvm/grails/2.4.4/dist/grails-logging-2.4.4.jar
7fbd00bae000-7fbd00bb4000 r--s 00033000 08:01 529986                     /home/rubinder/.gvm/grails/2.4.4/lib/commons-codec/commons-codec/jars/commons-codec-1.6.jar
7fbd00bb4000-7fbd00bc3000 r--s 00096000 08:01 530480                     /home/rubinder/.gvm/grails/2.4.4/lib/org.springframework/spring-web/jars/spring-web-4.0.7.RELEASE.jar
7fbd00bc3000-7fbd00bc8000 r--s 0002e000 08:01 657732                     /home/rubinder/.gvm/grails/2.4.4/dist/grails-encoder-2.4.4.jar
7fbd00bc8000-7fbd00bca000 r--s 00012000 08:01 657795                     /home/rubinder/.gvm/grails/2.4.4/dist/grails-plugin-codecs-2.4.4.jar
7fbd00bca000-7fbd00bd0000 r--s 00058000 08:01 657942                     /home/rubinder/.gvm/grails/2.4.4/dist/grails-plugin-gsp-2.4.4.jar
7fbd00bd0000-7fbd00bd2000 r--s 0000b000 08:01 657921                     /home/rubinder/.gvm/grails/2.4.4/dist/grails-plugin-filters-2.4.4.jar
7fbd00bd2000-7fbd00bd7000 r--s 00041000 08:01 530008                     /home/rubinder/.gvm/grails/2.4.4/lib/commons-lang/commons-lang/jars/commons-lang-2.6.jar
7fbd00bd7000-7fbd00bd8000 r--s 00005000 08:01 657963                     /home/rubinder/.gvm/grails/2.4.4/dist/grails-plugin-i18n-2.4.4.jar
7fbd00bd8000-7fbd00bdd000 r--s 00017000 08:01 530344                     /home/rubinder/.gvm/grails/2.4.4/lib/org.hibernate.javax.persistence/hibernate-jpa-2.1-api/jars/hibernate-jpa-2.1-api-1.0.0.Final.jar
7fbd00bdd000-7fbd00bdf000 r--s 00000000 08:01 529903                     /home/rubinder/.gvm/grails/2.4.4/lib/aopalliance/aopalliance/jars/aopalliance-1.0.jar
7fbd00bdf000-7fbd00beb000 r--s 00098000 08:01 530427                     /home/rubinder/.gvm/grails/2.4.4/lib/org.springframework/spring-beans/jars/spring-beans-4.0.7.RELEASE.jar
7fbd00beb000-7fbd00bff000 r--s 000db000 08:01 530445                     /home/rubinder/.gvm/grails/2.4.4/lib/org.springframework/spring-core/jars/spring-core-4.0.7.RELEASE.jar
7fbd00bff000-7fbd00c02000 r--s 00041000 08:01 530515                     /home/rubinder/.gvm/grails/2.4.4/lib/xalan/serializer/jars/serializer-2.7.1.jar
7fbd00c02000-7fbd00c04000 r--s 00009000 08:01 658215                     /home/rubinder/.gvm/grails/2.4.4/dist/grails-spring-2.4.4.jar
7fbd00c04000-7fbd00c11000 r--s 000a6000 08:01 657669                     /home/rubinder/.gvm/grails/2.4.4/dist/grails-core-2.4.4.jar
7fbd00c11000-7fbd00c12000 r--s 00005000 08:01 657858                     /home/rubinder/.gvm/grails/2.4.4/dist/grails-plugin-databinding-2.4.4.jar
7fbd00c12000-7fbd00c17000 r--s 0002a000 08:01 529933                     /home/rubinder/.gvm/grails/2.4.4/lib/com.google.code.gson/gson/jars/gson-2.2.4.jar
7fbd00c17000-7fbd00c1b000 r--s 00019000 08:01 530179                     /home/rubinder/.gvm/grails/2.4.4/lib/org.aspectj/aspectjrt/jars/aspectjrt-1.8.2.jar
7fbd00c1b000-7fbd00c33000 r--s 001ae000 08:01 530183                     /home/rubinder/.gvm/grails/2.4.4/lib/org.aspectj/aspectjweaver/jars/aspectjweaver-1.8.2.jar
7fbd00c33000-7fbd00c35000 r--s 0001d000 08:01 658320                     /home/rubinder/.gvm/grails/2.4.4/dist/grails-web-databinding-2.4.4.jar
7fbd00c35000-7fbd00c37000 r--s 0000b000 08:01 530420                     /home/rubinder/.gvm/grails/2.4.4/lib/org.springframework/spring-aspects/jars/spring-aspects-4.0.7.RELEASE.jar
7fbd00c37000-7fbd00c3d000 r--s 00027000 08:01 530088                     /home/rubinder/.gvm/grails/2.4.4/lib/opensymphony/sitemesh/jars/sitemesh-2.4.jar
7fbd00c3d000-7fbd00c3f000 r--s 0000b000 08:01 658467                     /home/rubinder/.gvm/grails/2.4.4/dist/grails-web-sitemesh-2.4.4.jar
7fbd00c3f000-7fbd00c43000 r--s 00023000 08:01 658488                     /home/rubinder/.gvm/grails/2.4.4/dist/grails-web-url-mappings-2.4.4.jar
7fbd00c43000-7fbd00c45000 r--s 00009000 08:01 658446                     /home/rubinder/.gvm/grails/2.4.4/dist/grails-web-mvc-2.4.4.jar
7fbd00c45000-7fbd00c47000 r--s 00013000 08:01 657690                     /home/rubinder/.gvm/grails/2.4.4/dist/grails-databinding-2.4.4.jar
7fbd00c47000-7fbd00c4b000 r--s 0001e000 08:01 530438                     /home/rubinder/.gvm/grails/2.4.4/lib/org.springframework/spring-context-support/jars/spring-context-support-4.0.7.RELEASE.jar
7fbd00c4b000-7fbd00c57000 r--s 00096000 08:01 530484                     /home/rubinder/.gvm/grails/2.4.4/lib/org.springframework/spring-webmvc/jars/spring-webmvc-4.0.7.RELEASE.jar
7fbd00c57000-7fbd00c5c000 r--s 00030000 08:01 658299                     /home/rubinder/.gvm/grails/2.4.4/dist/grails-web-common-2.4.4.jar
7fbd00c5c000-7fbd00c5e000 r--s 0000f000 08:01 529997                     /home/rubinder/.gvm/grails/2.4.4/lib/commons-fileupload/commons-fileupload/jars/commons-fileupload-1.3.1.jar
7fbd00c5e000-7fbd00c62000 r--s 00024000 08:01 658425                     /home/rubinder/.gvm/grails/2.4.4/dist/grails-web-jsp-2.4.4.jar
7fbd00c62000-7fbd00c69000 r--s 0004f000 08:01 658383                     /home/rubinder/.gvm/grails/2.4.4/dist/grails-web-gsp-2.4.4.jar
7fbd00c69000-7fbd00c6b000 r--s 00009000 08:01 658278                     /home/rubinder/.gvm/grails/2.4.4/dist/grails-web-2.4.4.jar
7fbd00c6b000-7fbd00c6d000 r--s 00008000 08:01 658131                     /home/rubinder/.gvm/grails/2.4.4/dist/grails-plugin-validation-2.4.4.jar
7fbd00c6d000-7fbd00c71000 r--s 00020000 08:01 657816                     /home/rubinder/.gvm/grails/2.4.4/dist/grails-plugin-controllers-2.4.4.jar
7fbd00c71000-7fbd00c76000 r--s 0002e000 08:01 530452                     /home/rubinder/.gvm/grails/2.4.4/lib/org.springframework/spring-expression/jars/spring-expression-4.0.7.RELEASE.jar
7fbd00c76000-7fbd00c7f000 r--s 0004e000 08:01 530416                     /home/rubinder/.gvm/grails/2.4.4/lib/org.springframework/spring-aop/jars/spring-aop-4.0.7.RELEASE.jar
7fbd00c7f000-7fbd00c96000 r--s 000d8000 08:01 530434                     /home/rubinder/.gvm/grails/2.4.4/lib/org.springframework/spring-context/jars/spring-context-4.0.7.RELEASE.jar
7fbd00c96000-7fbd00c98000 r--s 00008000 08:01 530166                     /home/rubinder/.gvm/grails/2.4.4/lib/org.apache.tomcat/tomcat-juli/jars/tomcat-juli-7.0.50.jar
7fbd00c98000-7fbd00ca2000 r--s 0005e000 08:01 530459                     /home/rubinder/.gvm/grails/2.4.4/lib/org.springframework/spring-jdbc/jars/spring-jdbc-4.0.7.RELEASE.jar
7fbd00ca2000-7fbd00cac000 r--s 00253000 08:07 139075                     /usr/lib/jvm/java-7-oracle/jre/lib/resources.jar
7fbd00cac000-7fbd00caf000 ---p 00000000 00:00 0 
7fbd00caf000-7fbd00dad000 rw-p 00000000 00:00 0                          [stack:17258]
7fbd00dad000-7fbd00dbd000 r-xp 00000000 08:07 138998                     /usr/lib/jvm/java-7-oracle/jre/lib/amd64/libnio.so
7fbd00dbd000-7fbd00fbd000 ---p 00010000 08:07 138998                     /usr/lib/jvm/java-7-oracle/jre/lib/amd64/libnio.so
7fbd00fbd000-7fbd00fbe000 rw-p 00010000 08:07 138998                     /usr/lib/jvm/java-7-oracle/jre/lib/amd64/libnio.so
7fbd00fbe000-7fbd012bf000 rw-p 00000000 00:00 0 
7fbd012bf000-7fbd012d6000 r-xp 00000000 08:07 139032                     /usr/lib/jvm/java-7-oracle/jre/lib/amd64/libnet.so
7fbd012d6000-7fbd014d5000 ---p 00017000 08:07 139032                     /usr/lib/jvm/java-7-oracle/jre/lib/amd64/libnet.so
7fbd014d5000-7fbd014d6000 rw-p 00016000 08:07 139032                     /usr/lib/jvm/java-7-oracle/jre/lib/amd64/libnet.so
7fbd014d6000-7fbd014d9000 ---p 00000000 00:00 0 
7fbd014d9000-7fbd015d7000 rw-p 00000000 00:00 0                          [stack:17247]
7fbd015d7000-7fbd015d8000 r-xp 00000000 08:07 789724                     /tmp/libjansi-64-7026001265029948362.so
7fbd015d8000-7fbd017d7000 ---p 00001000 08:07 789724                     /tmp/libjansi-64-7026001265029948362.so
7fbd017d7000-7fbd017d8000 rw-p 00000000 08:07 789724                     /tmp/libjansi-64-7026001265029948362.so
7fbd017d8000-7fbd017db000 ---p 00000000 00:00 0 
7fbd017db000-7fbd01811000 rw-p 00000000 00:00 0                          [stack:17236]
7fbd01811000-7fbd01812000 ---p 00000000 00:00 0 
7fbd01812000-7fbd01912000 rw-p 00000000 00:00 0                          [stack:17233]
7fbd01912000-7fbd01915000 ---p 00000000 00:00 0 
7fbd01915000-7fbd01a13000 rw-p 00000000 00:00 0                          [stack:17232]
7fbd01a13000-7fbd01a16000 ---p 00000000 00:00 0 
7fbd01a16000-7fbd01b14000 rw-p 00000000 00:00 0                          [stack:17231]
7fbd01b14000-7fbd01b17000 ---p 00000000 00:00 0 
7fbd01b17000-7fbd01c15000 rw-p 00000000 00:00 0                          [stack:17230]
7fbd01c15000-7fbd01c1a000 r-xp 00000000 08:07 2761929                    /usr/lib/x86_64-linux-gnu/libXdmcp.so.6.0.0
7fbd01c1a000-7fbd01e19000 ---p 00005000 08:07 2761929                    /usr/lib/x86_64-linux-gnu/libXdmcp.so.6.0.0
7fbd01e19000-7fbd01e1a000 r--p 00004000 08:07 2761929                    /usr/lib/x86_64-linux-gnu/libXdmcp.so.6.0.0
7fbd01e1a000-7fbd01e1b000 rw-p 00005000 08:07 2761929                    /usr/lib/x86_64-linux-gnu/libXdmcp.so.6.0.0
7fbd01e1b000-7fbd01e1d000 r-xp 00000000 08:07 2761918                    /usr/lib/x86_64-linux-gnu/libXau.so.6.0.0
7fbd01e1d000-7fbd0201d000 ---p 00002000 08:07 2761918                    /usr/lib/x86_64-linux-gnu/libXau.so.6.0.0
7fbd0201d000-7fbd0201e000 r--p 00002000 08:07 2761918                    /usr/lib/x86_64-linux-gnu/libXau.so.6.0.0
7fbd0201e000-7fbd0201f000 rw-p 00003000 08:07 2761918                    /usr/lib/x86_64-linux-gnu/libXau.so.6.0.0
7fbd0201f000-7fbd0203c000 r-xp 00000000 08:07 2763038                    /usr/lib/x86_64-linux-gnu/libxcb.so.1.1.0
7fbd0203c000-7fbd0223c000 ---p 0001d000 08:07 2763038                    /usr/lib/x86_64-linux-gnu/libxcb.so.1.1.0
7fbd0223c000-7fbd0223d000 r--p 0001d000 08:07 2763038                    /usr/lib/x86_64-linux-gnu/libxcb.so.1.1.0
7fbd0223d000-7fbd0223e000 rw-p 0001e000 08:07 2763038                    /usr/lib/x86_64-linux-gnu/libxcb.so.1.1.0
7fbd0223e000-7fbd02371000 r-xp 00000000 08:07 2761914                    /usr/lib/x86_64-linux-gnu/libX11.so.6.3.0
7fbd02371000-7fbd02571000 ---p 00133000 08:07 2761914                    /usr/lib/x86_64-linux-gnu/libX11.so.6.3.0
7fbd02571000-7fbd02572000 r--p 00133000 08:07 2761914                    /usr/lib/x86_64-linux-gnu/libX11.so.6.3.0
7fbd02572000-7fbd02576000 rw-p 00134000 08:07 2761914                    /usr/lib/x86_64-linux-gnu/libX11.so.6.3.0
7fbd02576000-7fbd02577000 rw-p 00000000 00:00 0 
7fbd02577000-7fbd02578000 r--s 00000000 08:01 658362                     /home/rubinder/.gvm/grails/2.4.4/dist/grails-web-fileupload-2.4.4.jar
7fbd02578000-7fbd0257a000 r--s 0001d000 08:01 530161                     /home/rubinder/.gvm/grails/2.4.4/lib/org.apache.tomcat/tomcat-jdbc/jars/tomcat-jdbc-7.0.50.jar
7fbd0257a000-7fbd0257c000 r--s 0000d000 08:01 657879                     /home/rubinder/.gvm/grails/2.4.4/dist/grails-plugin-datasource-2.4.4.jar
7fbd0257c000-7fbd02580000 r--s 00038000 08:01 658026                     /home/rubinder/.gvm/grails/2.4.4/dist/grails-plugin-rest-2.4.4.jar
7fbd02580000-7fbd02582000 r--s 00001000 08:07 139631                     /usr/lib/jvm/java-7-oracle/jre/lib/ext/dnsns.jar
7fbd02582000-7fbd02586000 r--s 0008b000 08:07 139624                     /usr/lib/jvm/java-7-oracle/jre/lib/jsse.jar
7fbd02586000-7fbd0258d000 r--s 00060000 08:01 530491                     /home/rubinder/.gvm/grails/2.4.4/lib/org.springframework/springloaded/jars/springloaded-1.2.1.RELEASE.jar
7fbd0258d000-7fbd0258f000 r-xp 00000000 08:07 2753098                    /usr/lib/jayatana/libjayatanaag.so
7fbd0258f000-7fbd0278e000 ---p 00002000 08:07 2753098                    /usr/lib/jayatana/libjayatanaag.so
7fbd0278e000-7fbd0278f000 r--p 00001000 08:07 2753098                    /usr/lib/jayatana/libjayatanaag.so
7fbd0278f000-7fbd02790000 rw-p 00002000 08:07 2753098                    /usr/lib/jayatana/libjayatanaag.so
7fbd02790000-7fbd027a0000 r--s 0019c000 08:01 787123                     /home/rubinder/.m2/repository/org/eclipse/jdt/core/compiler/ecj/3.7.2/ecj-3.7.2.jar
7fbd027a0000-7fbd027c2000 r--s 0026b000 08:01 787124                     /home/rubinder/.m2/repository/org/apache/tomcat/embed/tomcat-embed-core/7.0.55/tomcat-embed-core-7.0.55.jar
7fbd027c2000-7fbd027c7000 r--s 0002f000 08:01 787120                     /home/rubinder/.m2/repository/org/apache/tomcat/embed/tomcat-embed-websocket/7.0.55/tomcat-embed-websocket-7.0.55.jar
7fbd027c7000-7fbd02832000 r--s 00685000 08:01 530215                     /home/rubinder/.gvm/grails/2.4.4/lib/org.codehaus.groovy/groovy-all/jars/groovy-all-2.3.7.jar
7fbd02832000-7fbd02835000 ---p 00000000 00:00 0 
7fbd02835000-7fbd02933000 rw-p 00000000 00:00 0                          [stack:17229]
7fbd02933000-7fbd02bfc000 r--p 00000000 08:07 2755905                    /usr/lib/locale/locale-archive
7fbd02bfc000-7fbd02bff000 ---p 00000000 00:00 0 
7fbd02bff000-7fbd02cfd000 rw-p 00000000 00:00 0                          [stack:17228]
7fbd02cfd000-7fbd02d00000 ---p 00000000 00:00 0 
7fbd02d00000-7fbd02dfe000 rw-p 00000000 00:00 0                          [stack:17227]
7fbd02dfe000-7fbd02dff000 ---p 00000000 00:00 0 
7fbd02dff000-7fbd05000000 rw-p 00000000 00:00 0                          [stack:17226]
7fbd05000000-7fbd05520000 rwxp 00000000 00:00 0 
7fbd05520000-7fbd08d38000 rw-p 00000000 00:00 0 
7fbd08d38000-7fbd0c000000 ---p 00000000 00:00 0 
7fbd0c000000-7fbd0c002000 r--s 00006000 08:07 265901                     /usr/share/java/jayatana.jar
7fbd0c002000-7fbd0c003000 r--s 00000000 08:07 265899                     /usr/share/java/jayatanaag.jar
7fbd0c003000-7fbd0c005000 r--s 00013000 08:01 787114                     /home/rubinder/.m2/repository/org/apache/tomcat/embed/tomcat-embed-logging-log4j/7.0.55/tomcat-embed-logging-log4j-7.0.55.jar
7fbd0c005000-7fbd0c008000 r--s 00028000 08:01 787112                     /home/rubinder/.m2/repository/org/apache/tomcat/embed/tomcat-embed-el/7.0.55/tomcat-embed-el-7.0.55.jar
7fbd0c008000-7fbd0c011000 r--s 0009f000 08:01 787110                     /home/rubinder/.m2/repository/org/apache/tomcat/embed/tomcat-embed-jasper/7.0.55/tomcat-embed-jasper-7.0.55.jar
7fbd0c011000-7fbd0c013000 r--s 0000c000 08:01 787108                     /home/rubinder/.m2/repository/org/apache/tomcat/tomcat-catalina-ant/7.0.55/tomcat-catalina-ant-7.0.55.jar
7fbd0c013000-7fbd0c015000 r--s 0001a000 08:01 530313                     /home/rubinder/.gvm/grails/2.4.4/lib/org.fusesource.jansi/jansi/jars/jansi-1.11.jar
7fbd0c015000-7fbd0c02a000 r--s 00116000 08:01 530118                     /home/rubinder/.gvm/grails/2.4.4/lib/org.apache.ivy/ivy/jars/ivy-2.3.0.jar
7fbd0c02a000-7fbd0c02d000 r--s 00018000 08:01 530095                     /home/rubinder/.gvm/grails/2.4.4/lib/org.apache.ant/ant-junit/jars/ant-junit-1.8.4.jar
7fbd0c02d000-7fbd0c04b000 r--s 001bd000 08:01 530092                     /home/rubinder/.gvm/grails/2.4.4/lib/org.apache.ant/ant/jars/ant-1.8.4.jar
7fbd0c04b000-7fbd0c04f000 r--s 00031000 08:01 530065                     /home/rubinder/.gvm/grails/2.4.4/lib/jline/jline/jars/jline-2.12.jar
7fbd0c04f000-7fbd0c05d000 r--s 000db000 08:01 657648                     /home/rubinder/.gvm/grails/2.4.4/dist/grails-bootstrap-2.4.4.jar
7fbd0c05d000-7fbd0c0c8000 r--s 00e21000 08:07 140196                     /usr/lib/jvm/java-7-oracle/lib/tools.jar
7fbd0c0c8000-7fbd0cf21000 rw-p 00000000 00:00 0 
7fbd0cf21000-7fbd0d0e1000 r--s 039fb000 08:07 139680                     /usr/lib/jvm/java-7-oracle/jre/lib/rt.jar
7fbd0d0e1000-7fbd0d3b2000 rw-p 00000000 00:00 0 
7fbd0d3b2000-7fbd0d3b3000 ---p 00000000 00:00 0 
7fbd0d3b3000-7fbd0d4b3000 rw-p 00000000 00:00 0                          [stack:17225]
7fbd0d4b3000-7fbd0d4b4000 ---p 00000000 00:00 0 
7fbd0d4b4000-7fbd0d5b4000 rw-p 00000000 00:00 0                          [stack:17224]
7fbd0d5b4000-7fbd0d5b5000 ---p 00000000 00:00 0 
7fbd0d5b5000-7fbd0d6b5000 rw-p 00000000 00:00 0                          [stack:17223]
7fbd0d6b5000-7fbd0d6b6000 ---p 00000000 00:00 0 
7fbd0d6b6000-7fbd0d7db000 rw-p 00000000 00:00 0                          [stack:17220]
7fbd0d7db000-7fbd0d836000 rw-p 00000000 00:00 0 
7fbd0d836000-7fbd0d860000 rw-p 00000000 00:00 0 
7fbd0d860000-7fbd0d936000 rw-p 00000000 00:00 0 
7fbd0d936000-7fbd0d95b000 rw-p 00000000 00:00 0 
7fbd0d95b000-7fbd0d9b6000 rw-p 00000000 00:00 0 
7fbd0d9b6000-7fbd0d9e0000 rw-p 00000000 00:00 0 
7fbd0d9e0000-7fbd0dab6000 rw-p 00000000 00:00 0 
7fbd0dab6000-7fbd0db36000 rw-p 00000000 00:00 0 
7fbd0db36000-7fbd0db37000 rw-p 00000000 00:00 0 
7fbd0db37000-7fbd0db4e000 r-xp 00000000 08:07 139027                     /usr/lib/jvm/java-7-oracle/jre/lib/amd64/libzip.so
7fbd0db4e000-7fbd0dd4e000 ---p 00017000 08:07 139027                     /usr/lib/jvm/java-7-oracle/jre/lib/amd64/libzip.so
7fbd0dd4e000-7fbd0dd4f000 rw-p 00017000 08:07 139027                     /usr/lib/jvm/java-7-oracle/jre/lib/amd64/libzip.so
7fbd0dd4f000-7fbd0dd5b000 r-xp 00000000 08:07 135339                     /lib/x86_64-linux-gnu/libnss_files-2.21.so
7fbd0dd5b000-7fbd0df5a000 ---p 0000c000 08:07 135339                     /lib/x86_64-linux-gnu/libnss_files-2.21.so
7fbd0df5a000-7fbd0df5b000 r--p 0000b000 08:07 135339                     /lib/x86_64-linux-gnu/libnss_files-2.21.so
7fbd0df5b000-7fbd0df5c000 rw-p 0000c000 08:07 135339                     /lib/x86_64-linux-gnu/libnss_files-2.21.so
7fbd0df5c000-7fbd0df67000 r-xp 00000000 08:07 135312                     /lib/x86_64-linux-gnu/libnss_nis-2.21.so
7fbd0df67000-7fbd0e166000 ---p 0000b000 08:07 135312                     /lib/x86_64-linux-gnu/libnss_nis-2.21.so
7fbd0e166000-7fbd0e167000 r--p 0000a000 08:07 135312                     /lib/x86_64-linux-gnu/libnss_nis-2.21.so
7fbd0e167000-7fbd0e168000 rw-p 0000b000 08:07 135312                     /lib/x86_64-linux-gnu/libnss_nis-2.21.so
7fbd0e168000-7fbd0e17f000 r-xp 00000000 08:07 135347                     /lib/x86_64-linux-gnu/libnsl-2.21.so
7fbd0e17f000-7fbd0e37e000 ---p 00017000 08:07 135347                     /lib/x86_64-linux-gnu/libnsl-2.21.so
7fbd0e37e000-7fbd0e37f000 r--p 00016000 08:07 135347                     /lib/x86_64-linux-gnu/libnsl-2.21.so
7fbd0e37f000-7fbd0e380000 rw-p 00017000 08:07 135347                     /lib/x86_64-linux-gnu/libnsl-2.21.so
7fbd0e380000-7fbd0e382000 rw-p 00000000 00:00 0 
7fbd0e382000-7fbd0e38a000 r-xp 00000000 08:07 135341                     /lib/x86_64-linux-gnu/libnss_compat-2.21.so
7fbd0e38a000-7fbd0e589000 ---p 00008000 08:07 135341                     /lib/x86_64-linux-gnu/libnss_compat-2.21.so
7fbd0e589000-7fbd0e58a000 r--p 00007000 08:07 135341                     /lib/x86_64-linux-gnu/libnss_compat-2.21.so
7fbd0e58a000-7fbd0e58b000 rw-p 00008000 08:07 135341                     /lib/x86_64-linux-gnu/libnss_compat-2.21.so
7fbd0e58b000-7fbd0e595000 r-xp 00000000 08:07 139040                     /usr/lib/jvm/java-7-oracle/jre/lib/amd64/libinstrument.so
7fbd0e595000-7fbd0e794000 ---p 0000a000 08:07 139040                     /usr/lib/jvm/java-7-oracle/jre/lib/amd64/libinstrument.so
7fbd0e794000-7fbd0e795000 rw-p 00009000 08:07 139040                     /usr/lib/jvm/java-7-oracle/jre/lib/amd64/libinstrument.so
7fbd0e795000-7fbd0e7be000 r-xp 00000000 08:07 138993                     /usr/lib/jvm/java-7-oracle/jre/lib/amd64/libjava.so
7fbd0e7be000-7fbd0e9be000 ---p 00029000 08:07 138993                     /usr/lib/jvm/java-7-oracle/jre/lib/amd64/libjava.so
7fbd0e9be000-7fbd0e9c0000 rw-p 00029000 08:07 138993                     /usr/lib/jvm/java-7-oracle/jre/lib/amd64/libjava.so
7fbd0e9c0000-7fbd0e9cd000 r-xp 00000000 08:07 139020                     /usr/lib/jvm/java-7-oracle/jre/lib/amd64/libverify.so
7fbd0e9cd000-7fbd0ebcc000 ---p 0000d000 08:07 139020                     /usr/lib/jvm/java-7-oracle/jre/lib/amd64/libverify.so
7fbd0ebcc000-7fbd0ebce000 rw-p 0000c000 08:07 139020                     /usr/lib/jvm/java-7-oracle/jre/lib/amd64/libverify.so
7fbd0ebce000-7fbd0ebd5000 r-xp 00000000 08:07 135348                     /lib/x86_64-linux-gnu/librt-2.21.so
7fbd0ebd5000-7fbd0edd4000 ---p 00007000 08:07 135348                     /lib/x86_64-linux-gnu/librt-2.21.so
7fbd0edd4000-7fbd0edd5000 r--p 00006000 08:07 135348                     /lib/x86_64-linux-gnu/librt-2.21.so
7fbd0edd5000-7fbd0edd6000 rw-p 00007000 08:07 135348                     /lib/x86_64-linux-gnu/librt-2.21.so
7fbd0edd6000-7fbd0eedd000 r-xp 00000000 08:07 135345                     /lib/x86_64-linux-gnu/libm-2.21.so
7fbd0eedd000-7fbd0f0dc000 ---p 00107000 08:07 135345                     /lib/x86_64-linux-gnu/libm-2.21.so
7fbd0f0dc000-7fbd0f0dd000 r--p 00106000 08:07 135345                     /lib/x86_64-linux-gnu/libm-2.21.so
7fbd0f0dd000-7fbd0f0de000 rw-p 00107000 08:07 135345                     /lib/x86_64-linux-gnu/libm-2.21.so
7fbd0f0de000-7fbd0fc54000 r-xp 00000000 08:07 139047                     /usr/lib/jvm/java-7-oracle/jre/lib/amd64/server/libjvm.so
7fbd0fc54000-7fbd0fe53000 ---p 00b76000 08:07 139047                     /usr/lib/jvm/java-7-oracle/jre/lib/amd64/server/libjvm.so
7fbd0fe53000-7fbd0ff17000 rw-p 00b75000 08:07 139047                     /usr/lib/jvm/java-7-oracle/jre/lib/amd64/server/libjvm.so
7fbd0ff17000-7fbd0ff58000 rw-p 00000000 00:00 0 
7fbd0ff58000-7fbd10118000 r-xp 00000000 08:07 135352                     /lib/x86_64-linux-gnu/libc-2.21.so
7fbd10118000-7fbd10318000 ---p 001c0000 08:07 135352                     /lib/x86_64-linux-gnu/libc-2.21.so
7fbd10318000-7fbd1031c000 r--p 001c0000 08:07 135352                     /lib/x86_64-linux-gnu/libc-2.21.so
7fbd1031c000-7fbd1031e000 rw-p 001c4000 08:07 135352                     /lib/x86_64-linux-gnu/libc-2.21.so
7fbd1031e000-7fbd10322000 rw-p 00000000 00:00 0 
7fbd10322000-7fbd10325000 r-xp 00000000 08:07 135318                     /lib/x86_64-linux-gnu/libdl-2.21.so
7fbd10325000-7fbd10524000 ---p 00003000 08:07 135318                     /lib/x86_64-linux-gnu/libdl-2.21.so
7fbd10524000-7fbd10525000 r--p 00002000 08:07 135318                     /lib/x86_64-linux-gnu/libdl-2.21.so
7fbd10525000-7fbd10526000 rw-p 00003000 08:07 135318                     /lib/x86_64-linux-gnu/libdl-2.21.so
7fbd10526000-7fbd1053b000 r-xp 00000000 08:07 139728                     /usr/lib/jvm/java-7-oracle/lib/amd64/jli/libjli.so
7fbd1053b000-7fbd1073a000 ---p 00015000 08:07 139728                     /usr/lib/jvm/java-7-oracle/lib/amd64/jli/libjli.so
7fbd1073a000-7fbd1073b000 rw-p 00014000 08:07 139728                     /usr/lib/jvm/java-7-oracle/lib/amd64/jli/libjli.so
7fbd1073b000-7fbd10753000 r-xp 00000000 08:07 135332                     /lib/x86_64-linux-gnu/libpthread-2.21.so
7fbd10753000-7fbd10953000 ---p 00018000 08:07 135332                     /lib/x86_64-linux-gnu/libpthread-2.21.so
7fbd10953000-7fbd10954000 r--p 00018000 08:07 135332                     /lib/x86_64-linux-gnu/libpthread-2.21.so
7fbd10954000-7fbd10955000 rw-p 00019000 08:07 135332                     /lib/x86_64-linux-gnu/libpthread-2.21.so
7fbd10955000-7fbd10959000 rw-p 00000000 00:00 0 
7fbd10959000-7fbd1097d000 r-xp 00000000 08:07 135325                     /lib/x86_64-linux-gnu/ld-2.21.so
7fbd1097d000-7fbd1097e000 r--s 00013000 08:01 918237                     /home/rubinder/Workspace/linksharing/target/work/plugins/tomcat-7.0.55/grails-plugin-tomcat-7.0.55.jar
7fbd1097e000-7fbd1097f000 r--s 00001000 08:01 530101                     /home/rubinder/.gvm/grails/2.4.4/lib/org.apache.ant/ant-trax/jars/ant-trax-1.7.1.jar
7fbd1097f000-7fbd10980000 r--s 00004000 08:01 530098                     /home/rubinder/.gvm/grails/2.4.4/lib/org.apache.ant/ant-launcher/jars/ant-launcher-1.8.4.jar
7fbd10980000-7fbd10982000 r--s 00005000 08:01 530374                     /home/rubinder/.gvm/grails/2.4.4/lib/org.slf4j/slf4j-api/jars/slf4j-api-1.7.5.jar
7fbd10982000-7fbd1098b000 r--s 0006f000 08:01 530080                     /home/rubinder/.gvm/grails/2.4.4/lib/log4j/log4j/jars/log4j-1.2.17.jar
7fbd1098b000-7fbd109b4000 rw-p 00000000 00:00 0 
7fbd109b4000-7fbd10a5f000 rw-p 00000000 00:00 0 
7fbd10a5f000-7fbd10a62000 ---p 00000000 00:00 0 
7fbd10a62000-7fbd10b64000 rw-p 00000000 00:00 0                          [stack:17219]
7fbd10b64000-7fbd10b67000 r--s 0000d000 08:01 657984                     /home/rubinder/.gvm/grails/2.4.4/dist/grails-plugin-log4j-2.4.4.jar
7fbd10b67000-7fbd10b69000 r--s 00013000 08:01 530172                     /home/rubinder/.gvm/grails/2.4.4/lib/org.apache.tomcat.embed/tomcat-embed-logging-log4j/jars/tomcat-embed-logging-log4j-7.0.50.jar
7fbd10b69000-7fbd10b6e000 r--s 00050000 08:01 530200                     /home/rubinder/.gvm/grails/2.4.4/lib/org.codehaus.gant/gant_groovy1.8/jars/gant_groovy1.8-1.9.6.jar
7fbd10b6e000-7fbd10b70000 r--s 00003000 08:01 530362                     /home/rubinder/.gvm/grails/2.4.4/lib/org.slf4j/jcl-over-slf4j/jars/jcl-over-slf4j-1.7.5.jar
7fbd10b70000-7fbd10b78000 rw-s 00000000 08:07 789723                     /tmp/hsperfdata_rubinder/17218
7fbd10b78000-7fbd10b79000 rw-p 00000000 00:00 0 
7fbd10b79000-7fbd10b7a000 r--p 00000000 00:00 0 
7fbd10b7a000-7fbd10b7c000 rw-p 00000000 00:00 0 
7fbd10b7c000-7fbd10b7d000 r--p 00023000 08:07 135325                     /lib/x86_64-linux-gnu/ld-2.21.so
7fbd10b7d000-7fbd10b7e000 rw-p 00024000 08:07 135325                     /lib/x86_64-linux-gnu/ld-2.21.so
7fbd10b7e000-7fbd10b7f000 rw-p 00000000 00:00 0 
7ffdf0570000-7ffdf0592000 rw-p 00000000 00:00 0                          [stack]
7ffdf05f1000-7ffdf05f3000 r--p 00000000 00:00 0                          [vvar]
7ffdf05f3000-7ffdf05f5000 r-xp 00000000 00:00 0                          [vdso]
ffffffffff600000-ffffffffff601000 r-xp 00000000 00:00 0                  [vsyscall]

VM Arguments:
jvm_args: -javaagent:/usr/share/java/jayatanaag.jar -Dfile.encoding=UTF-8 -Xmx768M -Xms64M -XX:MaxPermSize=256m -Dgrails.fork.parent.process.port=43010 -Dgrails.fork.active=true -Dgrails.build.execution.context=/tmp/linksharing5572662347453931658grails-execution-context -Dgrails.home=/home/rubinder/.gvm/grails/2.4.4 -javaagent:/home/rubinder/.gvm/grails/2.4.4/lib/org.springframework/springloaded/jars/springloaded-1.2.1.RELEASE.jar -Xverify:none -Dspringloaded.synchronize=true -Djdk.reflect.allowGetCallerClass=true -Dspringloaded=profile=grails;cacheDir=/home/rubinder/.grails/2.4.4 
java_command: org.grails.plugins.tomcat.fork.ForkedTomcatServer
Launcher Type: SUN_STANDARD

Environment Variables:
JAVA_HOME=/usr/lib/jvm/java-7-oracle
JAVA_TOOL_OPTIONS=-javaagent:/usr/share/java/jayatanaag.jar 
PATH=/home/rubinder/.gvm/springboot/current/bin:/home/rubinder/.gvm/lazybones/current/bin:/home/rubinder/.gvm/jbossforge/current/bin:/home/rubinder/.gvm/jbake/current/bin:/home/rubinder/.gvm/groovyserv/current/bin:/home/rubinder/.gvm/groovy/current/bin:/home/rubinder/.gvm/griffon/current/bin:/home/rubinder/.gvm/grails/current/bin:/home/rubinder/.gvm/gradle/current/bin:/home/rubinder/.gvm/glide/current/bin:/home/rubinder/.gvm/gaiden/current/bin:/home/rubinder/.gvm/crash/current/bin:/home/rubinder/.gvm/asciidoctorj/current/bin:/usr/local/sbin:/usr/local/bin:/usr/sbin:/usr/bin:/sbin:/bin:/usr/games:/usr/local/games:/usr/lib/jvm/java-7-oracle/bin:/usr/lib/jvm/java-7-oracle/db/bin:/usr/lib/jvm/java-7-oracle/jre/bin:/opt/idea/bin
SHELL=/bin/bash
DISPLAY=:0

Signal Handlers:
SIGSEGV: [libjvm.so+0x9a3b20], sa_mask[0]=0x7ffbfeff, sa_flags=0x10000004
SIGBUS: [libjvm.so+0x9a3b20], sa_mask[0]=0x7ffbfeff, sa_flags=0x10000004
SIGFPE: [libjvm.so+0x81e740], sa_mask[0]=0x7ffbfeff, sa_flags=0x10000004
SIGPIPE: [libjvm.so+0x81e740], sa_mask[0]=0x7ffbfeff, sa_flags=0x10000004
SIGXFSZ: [libjvm.so+0x81e740], sa_mask[0]=0x7ffbfeff, sa_flags=0x10000004
SIGILL: [libjvm.so+0x81e740], sa_mask[0]=0x7ffbfeff, sa_flags=0x10000004
SIGUSR1: SIG_DFL, sa_mask[0]=0x00000000, sa_flags=0x00000000
SIGUSR2: [libjvm.so+0x81ffb0], sa_mask[0]=0x00000004, sa_flags=0x10000004
SIGHUP: [libjvm.so+0x8210d0], sa_mask[0]=0x7ffbfeff, sa_flags=0x10000004
SIGINT: [libjvm.so+0x8210d0], sa_mask[0]=0x7ffbfeff, sa_flags=0x10000004
SIGTERM: [libjvm.so+0x8210d0], sa_mask[0]=0x7ffbfeff, sa_flags=0x10000004
SIGQUIT: [libjvm.so+0x8210d0], sa_mask[0]=0x7ffbfeff, sa_flags=0x10000004


---------------  S Y S T E M  ---------------

OS:jessie/sid

uname:Linux 3.19.0-22-generic #22-Ubuntu SMP Tue Jun 16 17:15:15 UTC 2015 x86_64
libc:glibc 2.21 NPTL 2.21 
rlimit: STACK 8192k, CORE 0k, NPROC 31559, NOFILE 65536, AS infinity
load average:1.89 1.21 1.03

/proc/meminfo:
MemTotal:        8101404 kB
MemFree:         1793980 kB
MemAvailable:    3081408 kB
Buffers:          210384 kB
Cached:          1723656 kB
SwapCached:           36 kB
Active:          4923912 kB
Inactive:        1173928 kB
Active(anon):    4146552 kB
Inactive(anon):   522160 kB
Active(file):     777360 kB
Inactive(file):   651768 kB
Unevictable:          32 kB
Mlocked:              32 kB
SwapTotal:      16600060 kB
SwapFree:       16599336 kB
Dirty:              9392 kB
Writeback:             0 kB
AnonPages:       4163660 kB
Mapped:           605040 kB
Shmem:            504916 kB
Slab:              94936 kB
SReclaimable:      54488 kB
SUnreclaim:        40448 kB
KernelStack:       11504 kB
PageTables:        47716 kB
NFS_Unstable:          0 kB
Bounce:                0 kB
WritebackTmp:          0 kB
CommitLimit:    20650760 kB
Committed_AS:   10839104 kB
VmallocTotal:   34359738367 kB
VmallocUsed:      557140 kB
VmallocChunk:   34359099760 kB
HardwareCorrupted:     0 kB
AnonHugePages:   2859008 kB
CmaTotal:              0 kB
CmaFree:               0 kB
HugePages_Total:       0
HugePages_Free:        0
HugePages_Rsvd:        0
HugePages_Surp:        0
Hugepagesize:       2048 kB
DirectMap4k:      175872 kB
DirectMap2M:     4993024 kB
DirectMap1G:     4194304 kB


CPU:total 4 (2 cores per cpu, 2 threads per core) family 6 model 69 stepping 1, cmov, cx8, fxsr, mmx, sse, sse2, sse3, ssse3, sse4.1, sse4.2, popcnt, avx, avx2, aes, erms, ht, tsc, tscinvbit

/proc/cpuinfo:
processor	: 0
vendor_id	: GenuineIntel
cpu family	: 6
model		: 69
model name	: Intel(R) Core(TM) i7-4510U CPU @ 2.00GHz
stepping	: 1
microcode	: 0x1c
cpu MHz		: 2799.976
cache size	: 4096 KB
physical id	: 0
siblings	: 4
core id		: 0
cpu cores	: 2
apicid		: 0
initial apicid	: 0
fpu		: yes
fpu_exception	: yes
cpuid level	: 13
wp		: yes
flags		: fpu vme de pse tsc msr pae mce cx8 apic sep mtrr pge mca cmov pat pse36 clflush dts acpi mmx fxsr sse sse2 ss ht tm pbe syscall nx pdpe1gb rdtscp lm constant_tsc arch_perfmon pebs bts rep_good nopl xtopology nonstop_tsc aperfmperf eagerfpu pni pclmulqdq dtes64 monitor ds_cpl vmx est tm2 ssse3 fma cx16 xtpr pdcm pcid sse4_1 sse4_2 movbe popcnt tsc_deadline_timer aes xsave avx f16c rdrand lahf_lm abm ida arat epb pln pts dtherm tpr_shadow vnmi flexpriority ept vpid fsgsbase tsc_adjust bmi1 avx2 smep bmi2 erms invpcid xsaveopt
bugs		:
bogomips	: 5187.63
clflush size	: 64
cache_alignment	: 64
address sizes	: 39 bits physical, 48 bits virtual
power management:

processor	: 1
vendor_id	: GenuineIntel
cpu family	: 6
model		: 69
model name	: Intel(R) Core(TM) i7-4510U CPU @ 2.00GHz
stepping	: 1
microcode	: 0x1c
cpu MHz		: 2799.976
cache size	: 4096 KB
physical id	: 0
siblings	: 4
core id		: 0
cpu cores	: 2
apicid		: 1
initial apicid	: 1
fpu		: yes
fpu_exception	: yes
cpuid level	: 13
wp		: yes
flags		: fpu vme de pse tsc msr pae mce cx8 apic sep mtrr pge mca cmov pat pse36 clflush dts acpi mmx fxsr sse sse2 ss ht tm pbe syscall nx pdpe1gb rdtscp lm constant_tsc arch_perfmon pebs bts rep_good nopl xtopology nonstop_tsc aperfmperf eagerfpu pni pclmulqdq dtes64 monitor ds_cpl vmx est tm2 ssse3 fma cx16 xtpr pdcm pcid sse4_1 sse4_2 movbe popcnt tsc_deadline_timer aes xsave avx f16c rdrand lahf_lm abm ida arat epb pln pts dtherm tpr_shadow vnmi flexpriority ept vpid fsgsbase tsc_adjust bmi1 avx2 smep bmi2 erms invpcid xsaveopt
bugs		:
bogomips	: 5187.63
clflush size	: 64
cache_alignment	: 64
address sizes	: 39 bits physical, 48 bits virtual
power management:

processor	: 2
vendor_id	: GenuineIntel
cpu family	: 6
model		: 69
model name	: Intel(R) Core(TM) i7-4510U CPU @ 2.00GHz
stepping	: 1
microcode	: 0x1c
cpu MHz		: 2799.976
cache size	: 4096 KB
physical id	: 0
siblings	: 4
core id		: 1
cpu cores	: 2
apicid		: 2
initial apicid	: 2
fpu		: yes
fpu_exception	: yes
cpuid level	: 13
wp		: yes
flags		: fpu vme de pse tsc msr pae mce cx8 apic sep mtrr pge mca cmov pat pse36 clflush dts acpi mmx fxsr sse sse2 ss ht tm pbe syscall nx pdpe1gb rdtscp lm constant_tsc arch_perfmon pebs bts rep_good nopl xtopology nonstop_tsc aperfmperf eagerfpu pni pclmulqdq dtes64 monitor ds_cpl vmx est tm2 ssse3 fma cx16 xtpr pdcm pcid sse4_1 sse4_2 movbe popcnt tsc_deadline_timer aes xsave avx f16c rdrand lahf_lm abm ida arat epb pln pts dtherm tpr_shadow vnmi flexpriority ept vpid fsgsbase tsc_adjust bmi1 avx2 smep bmi2 erms invpcid xsaveopt
bugs		:
bogomips	: 5187.63
clflush size	: 64
cache_alignment	: 64
address sizes	: 39 bits physical, 48 bits virtual
power management:

processor	: 3
vendor_id	: GenuineIntel
cpu family	: 6
model		: 69
model name	: Intel(R) Core(TM) i7-4510U CPU @ 2.00GHz
stepping	: 1
microcode	: 0x1c
cpu MHz		: 2799.976
cache size	: 4096 KB
physical id	: 0
siblings	: 4
core id		: 1
cpu cores	: 2
apicid		: 3
initial apicid	: 3
fpu		: yes
fpu_exception	: yes
cpuid level	: 13
wp		: yes
flags		: fpu vme de pse tsc msr pae mce cx8 apic sep mtrr pge mca cmov pat pse36 clflush dts acpi mmx fxsr sse sse2 ss ht tm pbe syscall nx pdpe1gb rdtscp lm constant_tsc arch_perfmon pebs bts rep_good nopl xtopology nonstop_tsc aperfmperf eagerfpu pni pclmulqdq dtes64 monitor ds_cpl vmx est tm2 ssse3 fma cx16 xtpr pdcm pcid sse4_1 sse4_2 movbe popcnt tsc_deadline_timer aes xsave avx f16c rdrand lahf_lm abm ida arat epb pln pts dtherm tpr_shadow vnmi flexpriority ept vpid fsgsbase tsc_adjust bmi1 avx2 smep bmi2 erms invpcid xsaveopt
bugs		:
bogomips	: 5187.63
clflush size	: 64
cache_alignment	: 64
address sizes	: 39 bits physical, 48 bits virtual
power management:



Memory: 4k page, physical 8101404k(1793980k free), swap 16600060k(16599336k free)

vm_info: Java HotSpot(TM) 64-Bit Server VM (24.80-b11) for linux-amd64 JRE (1.7.0_80-b15), built on Apr 10 2015 19:53:14 by "java_re" with gcc 4.3.0 20080428 (Red Hat 4.3.0-8)

time: Thu Jul 23 17:28:37 2015
elapsed time: 10 seconds

