#
# A fatal error has been detected by the Java Runtime Environment:
#
#  SIGSEGV (0xb) at pc=0x00007f671500ba0e, pid=15093, tid=140080243615488
#
# JRE version: Java(TM) SE Runtime Environment (7.0_80-b15) (build 1.7.0_80-b15)
# Java VM: Java HotSpot(TM) 64-Bit Server VM (24.80-b11 mixed mode linux-amd64 compressed oops)
# Problematic frame:
# V  [libjvm.so+0x5c4a0e]  instanceKlass::find_method(objArrayOopDesc*, Symbol*, Symbol*)+0x7e
#
# Failed to write core dump. Core dumps have been disabled. To enable core dumping, try "ulimit -c unlimited" before starting Java again
#
# If you would like to submit a bug report, please visit:
#   http://bugreport.java.com/bugreport/crash.jsp
#

---------------  T H R E A D  ---------------

Current thread (0x00007f669c006000):  JavaThread "http-bio-8080-exec-4" daemon [_thread_in_vm, id=15165, stack(0x00007f66f9192000,0x00007f66f9293000)]

siginfo:si_signo=SIGSEGV: si_errno=0, si_code=1 (SEGV_MAPERR), si_addr=0x0000000000003491

Registers:
RAX=0x0000000000003459, RBX=0x00000000c121cdb8, RCX=0x0000000000000000, RDX=0x00000000c121cdb8
RSP=0x00007f66f9290c80, RBP=0x00007f66f9290cf0, RSI=0x00007f671403ebd0, RDI=0x00000000c161a938
R8 =0x00007f669c006000, R9 =0x00000000c129d460, R10=0x0000000030757aef, R11=0x00000000c0002bb0
R12=0x0000000000000023, R13=0x0000000000000000, R14=0x00000000c161a950, R15=0x0000000000000046
RIP=0x00007f671500ba0e, EFLAGS=0x0000000000010206, CSGSFS=0x0000000000000033, ERR=0x0000000000000004
  TRAPNO=0x000000000000000e

Top of Stack: (sp=0x00007f66f9290c80)
0x00007f66f9290c80:   00007f671402f690 00007f671403ebd0
0x00007f66f9290c90:   00000000c161a938 00000000c161a948
0x00007f66f9290ca0:   00007f66f9290ef0 0000000000000001
0x00007f66f9290cb0:   00007f66e0ae47c8 00007f66f9290ef0
0x00007f66f9290cc0:   00007f66f9290eb0 00000000c161fbe8
0x00007f66f9290cd0:   00007f671402f690 00007f671403ebd0
0x00007f66f9290ce0:   00007f66f9290e70 00007f671402f690
0x00007f66f9290cf0:   00007f66f9290d20 00007f671500bd3f
0x00007f66f9290d00:   00007f66e0ae4b28 00007f66e0ae47c8
0x00007f66f9290d10:   00007f66e0ae47e0 00007f669c006000
0x00007f66f9290d20:   00007f66f9290d70 00007f671518c56b
0x00007f66f9290d30:   00007f6600000000 00007f671403ebd0
0x00007f66f9290d40:   00007f669c006000 00007f66e0ae47c8
0x00007f66f9290d50:   00007f66e0ae47e0 0000000000000001
0x00007f66f9290d60:   00007f66f9290fb0 00007f66e0ae47d8
0x00007f66f9290d70:   00007f66f9290eb0 00007f671518e96c
0x00007f66f9290d80:   00007f66f92910c8 00000000fffffffe
0x00007f66f9290d90:   00007f66e0ae47b0 00007f669c006000
0x00007f66f9290da0:   00000000fffffffe 00007f66e0ae47b0
0x00007f66f9290db0:   00007f669c0010c0 00007f66e003d660
0x00007f66f9290dc0:   00007f66e003d670 00007f66e003da48
0x00007f66f9290dd0:   00000000000003d8 00007f66f9290e10
0x00007f66f9290de0:   00007f66f9290e00 00007f6715231139
0x00007f66f9290df0:   00007f66f9290e30 00007f66f9290e30
0x00007f66f9290e00:   00007f66f9290e20 00007f67150441c5
0x00007f66f9290e10:   00007f669c0010c0 00007f66e003d660
0x00007f66f9290e20:   00007f66e003d670 00007f66e003da48
0x00007f66f9290e30:   00000000000003d8 00007f66e0ae4790
0x00007f66f9290e40:   0000000000000000 00007f6600000001
0x00007f66f9290e50:   00007f66f9291120 00007f6710dba0d1
0x00007f66f9290e60:   00007f66e0ae47b0 00007f671403ebd1
0x00007f66f9290e70:   0000000000000000 00007f6700000000 

Instructions: (pc=0x00007f671500ba0e)
0x00007f671500b9ee:   c4 31 db 8b 14 81 85 d2 74 12 48 8b 05 79 4b 84
0x00007f671500b9fe:   00 89 d3 8b 48 08 48 d3 e3 48 03 18 48 8b 43 10
0x00007f671500ba0e:   0f b7 70 38 48 8b 78 20 e8 f5 6f e4 ff 48 39 45
0x00007f671500ba1e:   98 76 2f 45 8d 6c 24 01 45 39 ef 7c 37 48 8b 0d 

Register to memory mapping:

RAX=0x0000000000003459 is an unknown value
RBX=0x00000000c121cdb8 is pointing into object: 0x00000000c121cd08
{method data} 
 - klass: {other class}
RCX=0x0000000000000000 is an unknown value
RDX=0x00000000c121cdb8 is pointing into object: 0x00000000c121cd08
{method data} 
 - klass: {other class}
RSP=0x00007f66f9290c80 is pointing into the stack for thread: 0x00007f669c006000
RBP=0x00007f66f9290cf0 is pointing into the stack for thread: 0x00007f669c006000
RSI=0x00007f671403ebd0 is an unknown value
RDI=0x00000000c161a938 is an oop
[[I 
 - klass: 'java/lang/Object'[]
 - length: 71
R8 =0x00007f669c006000 is a thread
R9 =0x00000000c129d460 is pointing into object: 0x00000000c129d420
{constant pool} 
 - klass: {other class}
 - holder: 0x00000000c129eff0
 - cache: 0x00000000c13a2ed8
 -   1 :  : '()Ljava/lang/String;'
 -   2 :  : '()V'
 -   3 :  : '(Ljava/lang/String;)Ljava/lang/Object;'
 -   4 :  : '(Ljava/lang/String;)V'
 -   5 :  : '(Ljava/lang/String;Ljava/lang/String;)V'
 -   6 :  : 'APPLET'
 -   7 :  : 'AUTHORITATIVE'
 -   8 :  : 'BATCHSIZE'
 -   9 :  : 'ConstantValue'
 -  10 :  : 'DNS_URL'
 -  11 :  : 'Exceptions'
 -  12 :  : 'INITIAL_CONTEXT_FACTORY'
 -  13 :  : 'LANGUAGE'
 -  14 :  : 'Ljava/lang/String;'
 -  15 :  : 'OBJECT_FACTORIES'
 -  16 :  : 'PROVIDER_URL'
 -  17 :  : 'REFERRAL'
 -  18 :  : 'SECURITY_AUTHENTICATION'
 -  19 :  : 'SECURITY_CREDENTIALS'
 -  20 :  : 'SECURITY_PRINCIPAL'
 -  21 :  : 'SECURITY_PROTOCOL'
 -  22 :  : 'STATE_FACTORIES'
 -  23 :  : 'Signature'
 -  24 :  : 'SourceFile'
 -  25 :  : 'URL_PKG_PREFIXES'
 -  26 :  : 'addToEnvironment'
 -  27 :  : 'bind'
 -  28 :  : 'close'
 -  29 :  : 'composeName'
 -  30 :  : 'createSubcontext'
 -  31 :  : 'destroySubcontext'
 -  32 :  : 'getEnvironment'
 -  33 :  : 'getNameInNamespace'
 -  34 :  : 'getNameParser'
 -  35 :  : 'java.naming.applet'
 -  36 :  : 'java.naming.authoritative'
 -  37 :  : 'java.naming.batchsize'
 -  38 :  : 'java.naming.dns.url'
 -  39 :  : 'java.naming.factory.initial'
 -  40 :  : 'java.naming.factory.object'
 -  41 :  : 'java.naming.factory.state'
 -  42 :  : 'java.naming.factory.url.pkgs'
 -  43 :  : 'java.naming.language'
 -  44 :  : 'java.naming.provider.url'
 -  45 :  : 'java.naming.referral'
 -  46 :  : 'java.naming.security.authentication'
 -  47 :  : 'java.naming.security.credentials'
 -  48 :  : 'java.naming.security.principal'
 -  49 :  : 'java.naming.security.protocol'
 -  50 :  : 'java/lang/Object'
 -  51 :  : 'javax/naming/Context'
 -  52 :  : 'javax/naming/NamingException'
 -  53 :  : 'list'
 -  54 :  : 'listBindings'
 -  55 :  : 'lookup'
 -  56 :  : 'lookupLink'
 -  57 :  : 'rebind'
 -  58 :  : 'removeFromEnvironment'
 -  59 :  : 'rename'
 -  60 :  : 'unbind'
 -  61 :  : "java.naming.applet" {0xd0cd62c8}
 -  62 :  : "java.naming.authoritative" {0xd0cd65b8}
 -  63 :  : "java.naming.batchsize" {0xd0cd6560}
 -  64 :  : "java.naming.dns.url" {0xd0cd6618}
 -  65 :  : "java.naming.factory.initial" {0xd0cd67e0}
 -  66 :  : "java.naming.factory.object" {0xd0cd6780}
 -  67 :  : "java.naming.factory.state" {0xd0cd6720}
 -  68 :  : "java.naming.factory.url.pkgs" {0xd0cd66c0}
 -  69 :  : "java.naming.language" {0xd0cd6318}
 -  70 :  : "java.naming.provider.url" {0xd0cd6668}
 -  71 :  : "java.naming.referral" {0xd0cd6510}
 -  72 :  : "java.naming.security.authentication" {0xd0cd6438}
 -  73 :  : "java.naming.security.credentials" {0xd0cd6368}
 -  74 :  : "java.naming.security.principal" {0xd0cd63d0}
 -  75 :  : "java.naming.security.protocol" {0xd0cd64a8}
 -  76 :  : 'java/lang/Object'
 -  77 :  : 'javax/naming/Context'
 -  78 :  : 'javax/naming/NamingException' {0xc13a5ee8}
 -  79 :  : '()Ljava/util/Hashtable;'
 -  80 :  : '()Ljava/util/Hashtable<**>;'
 -  81 :  : '(Ljavax/naming/Name;)V'
 -  82 :  : '(Ljava/lang/String;Ljava/lang/Object;)V'
 -  83 :  : '(Ljavax/naming/Name;)Ljava/lang/Object;'
 -  84 :  : '(Ljavax/naming/Name;Ljava/lang/Object;)V'
 -  85 :  : '(Ljava/lang/String;)Ljavax/naming/Context;'
 -  86 :  : '(Ljavax/naming/Name;)Ljavax/naming/Context;'
 -  87 :  : '(Ljavax/naming/Name;Ljavax/naming/Name;)V'
 -  88 :  : '(Ljava/lang/String;)Ljavax/naming/NameParser;'
 -  89 :  : '(Ljavax/naming/Name;)Ljavax/naming/NameParser;'
 -  90 :  : '(Ljava/lang/String;)Ljavax/naming/NamingEnumeration;'
 -  91 :  : '(Ljavax/naming/Name;)Ljavax/naming/NamingEnumeration;'
 -  92 :  : '(Ljava/lang/String;Ljava/lang/Object;)Ljava/lang/Object;'
 -  93 :  : '(Ljava/lang/String;Ljava/lang/String;)Ljava/lang/String;'
 -  94 :  : '(Ljava/lang/String;)Ljavax/naming/NamingEnumeration<Ljavax/naming/Binding;>;'
 -  95 :  : '(Ljavax/naming/Name;)Ljavax/naming/NamingEnumeration<Ljavax/naming/Binding;>;'
 -  96 :  : '(Ljavax/naming/Name;Ljavax/naming/Name;)Ljavax/naming/Name;'
 -  97 :  : '(Ljava/lang/String;)Ljavax/naming/NamingEnumeration<Ljavax/naming/NameClassPair;>;'
 -  98 :  : '(Ljavax/naming/Name;)Ljavax/naming/NamingEnumeration<Ljavax/naming/NameClassPair;>;'
 -  99 :  : 'Context.java'

R10=0x0000000030757aef is an unknown value
R11=0x00000000c0002bb0 is an oop
{instance class} 
 - klass: {other class}
R12=0x0000000000000023 is an unknown value
R13=0x0000000000000000 is an unknown value
R14=0x00000000c161a950 is pointing into object: 0x00000000c161a938
[[I 
 - klass: 'java/lang/Object'[]
 - length: 71
R15=0x0000000000000046 is an unknown value


Stack: [0x00007f66f9192000,0x00007f66f9293000],  sp=0x00007f66f9290c80,  free space=1019k
Native frames: (J=compiled Java code, j=interpreted, Vv=VM code, C=native code)
V  [libjvm.so+0x5c4a0e]  instanceKlass::find_method(objArrayOopDesc*, Symbol*, Symbol*)+0x7e
V  [libjvm.so+0x5c4d3f]  instanceKlass::uncached_lookup_method(Symbol*, Symbol*) const+0x3f
V  [libjvm.so+0x74556b]  LinkResolver::lookup_instance_method_in_klasses(methodHandle&, KlassHandle, Symbol*, Symbol*, Thread*)+0x8b
V  [libjvm.so+0x74796c]  LinkResolver::runtime_resolve_interface_method(CallInfo&, methodHandle, KlassHandle, Handle, KlassHandle, bool, Thread*)+0x27c
V  [libjvm.so+0x749184]  LinkResolver::resolve_invokeinterface(CallInfo&, Handle, constantPoolHandle, int, Thread*)+0x184
V  [libjvm.so+0x5fa4cf]  InterpreterRuntime::resolve_invoke(JavaThread*, Bytecodes::Code)+0x17f
j  org.apache.tomcat.util.http.mapper.Mapper.internalMapWrapper(Lorg/apache/tomcat/util/http/mapper/Mapper$ContextVersion;Lorg/apache/tomcat/util/buf/CharChunk;Lorg/apache/tomcat/util/http/mapper/MappingData;)V+793
j  org.apache.tomcat.util.http.mapper.Mapper.internalMap(Lorg/apache/tomcat/util/buf/CharChunk;Lorg/apache/tomcat/util/buf/CharChunk;Ljava/lang/String;Lorg/apache/tomcat/util/http/mapper/MappingData;)V+429
j  org.apache.tomcat.util.http.mapper.Mapper.map(Lorg/apache/tomcat/util/buf/MessageBytes;Lorg/apache/tomcat/util/buf/MessageBytes;Ljava/lang/String;Lorg/apache/tomcat/util/http/mapper/MappingData;)V+38
j  org.apache.catalina.connector.CoyoteAdapter.postParseRequest(Lorg/apache/coyote/Request;Lorg/apache/catalina/connector/Request;Lorg/apache/coyote/Response;Lorg/apache/catalina/connector/Response;)Z+422
j  org.apache.catalina.connector.CoyoteAdapter.service(Lorg/apache/coyote/Request;Lorg/apache/coyote/Response;)V+135
j  org.apache.coyote.http11.AbstractHttp11Processor.process(Lorg/apache/tomcat/util/net/SocketWrapper;)Lorg/apache/tomcat/util/net/AbstractEndpoint$Handler$SocketState;+632
j  org.apache.coyote.AbstractProtocol$AbstractConnectionHandler.process(Lorg/apache/tomcat/util/net/SocketWrapper;Lorg/apache/tomcat/util/net/SocketStatus;)Lorg/apache/tomcat/util/net/AbstractEndpoint$Handler$SocketState;+239
j  org.apache.tomcat.util.net.JIoEndpoint$SocketProcessor.run()V+106
j  java.util.concurrent.ThreadPoolExecutor.runWorker(Ljava/util/concurrent/ThreadPoolExecutor$Worker;)V+95
j  java.util.concurrent.ThreadPoolExecutor$Worker.run()V+5
j  org.apache.tomcat.util.threads.TaskThread$WrappingRunnable.run()V+4
j  java.lang.Thread.run()V+11
v  ~StubRoutines::call_stub
V  [libjvm.so+0x6020a5]  JavaCalls::call_helper(JavaValue*, methodHandle*, JavaCallArguments*, Thread*)+0x365
V  [libjvm.so+0x600b08]  JavaCalls::call(JavaValue*, methodHandle, JavaCallArguments*, Thread*)+0x28
V  [libjvm.so+0x600dd7]  JavaCalls::call_virtual(JavaValue*, KlassHandle, Symbol*, Symbol*, JavaCallArguments*, Thread*)+0x197
V  [libjvm.so+0x600ef7]  JavaCalls::call_virtual(JavaValue*, Handle, KlassHandle, Symbol*, Symbol*, Thread*)+0x47
V  [libjvm.so+0x67f8d5]  thread_entry(JavaThread*, Thread*)+0xe5
V  [libjvm.so+0x95bfff]  JavaThread::thread_main_inner()+0xdf
V  [libjvm.so+0x95c105]  JavaThread::run()+0xf5
V  [libjvm.so+0x8238c8]  java_start(Thread*)+0x108

Java frames: (J=compiled Java code, j=interpreted, Vv=VM code)
j  org.apache.tomcat.util.http.mapper.Mapper.internalMapWrapper(Lorg/apache/tomcat/util/http/mapper/Mapper$ContextVersion;Lorg/apache/tomcat/util/buf/CharChunk;Lorg/apache/tomcat/util/http/mapper/MappingData;)V+793
j  org.apache.tomcat.util.http.mapper.Mapper.internalMap(Lorg/apache/tomcat/util/buf/CharChunk;Lorg/apache/tomcat/util/buf/CharChunk;Ljava/lang/String;Lorg/apache/tomcat/util/http/mapper/MappingData;)V+429
j  org.apache.tomcat.util.http.mapper.Mapper.map(Lorg/apache/tomcat/util/buf/MessageBytes;Lorg/apache/tomcat/util/buf/MessageBytes;Ljava/lang/String;Lorg/apache/tomcat/util/http/mapper/MappingData;)V+38
j  org.apache.catalina.connector.CoyoteAdapter.postParseRequest(Lorg/apache/coyote/Request;Lorg/apache/catalina/connector/Request;Lorg/apache/coyote/Response;Lorg/apache/catalina/connector/Response;)Z+422
j  org.apache.catalina.connector.CoyoteAdapter.service(Lorg/apache/coyote/Request;Lorg/apache/coyote/Response;)V+135
j  org.apache.coyote.http11.AbstractHttp11Processor.process(Lorg/apache/tomcat/util/net/SocketWrapper;)Lorg/apache/tomcat/util/net/AbstractEndpoint$Handler$SocketState;+632
j  org.apache.coyote.AbstractProtocol$AbstractConnectionHandler.process(Lorg/apache/tomcat/util/net/SocketWrapper;Lorg/apache/tomcat/util/net/SocketStatus;)Lorg/apache/tomcat/util/net/AbstractEndpoint$Handler$SocketState;+239
j  org.apache.tomcat.util.net.JIoEndpoint$SocketProcessor.run()V+106
j  java.util.concurrent.ThreadPoolExecutor.runWorker(Ljava/util/concurrent/ThreadPoolExecutor$Worker;)V+95
j  java.util.concurrent.ThreadPoolExecutor$Worker.run()V+5
j  org.apache.tomcat.util.threads.TaskThread$WrappingRunnable.run()V+4
j  java.lang.Thread.run()V+11
v  ~StubRoutines::call_stub

---------------  P R O C E S S  ---------------

Java Threads: ( => current thread )
  0x00007f669c00e000 JavaThread "http-bio-8080-exec-9" daemon [_thread_blocked, id=15170, stack(0x00007f66f8c8c000,0x00007f66f8d8d000)]
  0x00007f669c00c800 JavaThread "http-bio-8080-exec-8" daemon [_thread_blocked, id=15169, stack(0x00007f66f8d8d000,0x00007f66f8e8e000)]
  0x00007f669c00b000 JavaThread "http-bio-8080-exec-7" daemon [_thread_blocked, id=15168, stack(0x00007f66f8e8e000,0x00007f66f8f8f000)]
  0x00007f669c009000 JavaThread "http-bio-8080-exec-6" daemon [_thread_blocked, id=15167, stack(0x00007f66f8f90000,0x00007f66f9091000)]
  0x00007f669c007800 JavaThread "http-bio-8080-exec-5" daemon [_thread_blocked, id=15166, stack(0x00007f66f9091000,0x00007f66f9192000)]
=>0x00007f669c006000 JavaThread "http-bio-8080-exec-4" daemon [_thread_in_vm, id=15165, stack(0x00007f66f9192000,0x00007f66f9293000)]
  0x00007f668c14c800 JavaThread "Thread-10" daemon [_thread_in_native, id=15164, stack(0x00007f66f9293000,0x00007f66f9394000)]
  0x00007f6698009800 JavaThread "http-bio-8080-exec-3" daemon [_thread_in_native, id=15161, stack(0x00007f66f9394000,0x00007f66f9495000)]
  0x00007f671000c800 JavaThread "DestroyJavaVM" [_thread_blocked, id=15096, stack(0x00007f67163c8000,0x00007f67164c9000)]
  0x00007f671036d000 JavaThread "Thread-8" [_thread_blocked, id=15159, stack(0x00007f66f9495000,0x00007f66f9596000)]
  0x00007f669c004000 JavaThread "http-bio-8080-exec-2" daemon [_thread_blocked, id=15158, stack(0x00007f66f9596000,0x00007f66f9697000)]
  0x00007f669c001800 JavaThread "http-bio-8080-exec-1" daemon [_thread_in_native, id=15157, stack(0x00007f66f9697000,0x00007f66f9798000)]
  0x00007f671036c000 JavaThread "http-bio-8080-AsyncTimeout" daemon [_thread_blocked, id=15156, stack(0x00007f66f9798000,0x00007f66f9899000)]
  0x00007f671036b000 JavaThread "http-bio-8080-Acceptor-0" daemon [_thread_in_native, id=15155, stack(0x00007f66f9899000,0x00007f66f999a000)]
  0x00007f6710312000 JavaThread "ContainerBackgroundProcessor[StandardEngine[Tomcat]]" daemon [_thread_blocked, id=15154, stack(0x00007f66f999a000,0x00007f66f9a9b000)]
  0x00007f66b4264800 JavaThread "net.sf.ehcache.CacheManager@2b9da54" daemon [_thread_blocked, id=15152, stack(0x00007f66f9aa6000,0x00007f66f9ba7000)]
  0x00007f66b47d9800 JavaThread "Abandoned connection cleanup thread" daemon [_thread_blocked, id=15139, stack(0x00007f66f9ba7000,0x00007f66f9ca8000)]
  0x00007f66b47be800 JavaThread "PoolCleaner[982679760:1437650602940]" daemon [_thread_blocked, id=15138, stack(0x00007f66f9ca8000,0x00007f66f9da9000)]
  0x00007f66b40a5800 JavaThread "FileSystemWatcher: files=#120 cl=groovy.lang.GroovyClassLoader@3a9280d0" daemon [_thread_blocked, id=15136, stack(0x00007f66f9da9000,0x00007f66f9eaa000)]
  0x00007f66c0001800 JavaThread "localhost-startStop-1" daemon [_thread_blocked, id=15135, stack(0x00007f66f9eaa000,0x00007f66f9fab000)]
  0x00007f6710e6c800 JavaThread "Tomcat-startStop-1" daemon [_thread_blocked, id=15134, stack(0x00007f66f9fab000,0x00007f66fa0ac000)]
  0x00007f6710e35800 JavaThread "Thread-3" [_thread_in_native, id=15133, stack(0x00007f66fa2b4000,0x00007f66fa3b5000)]
  0x00007f671091b800 JavaThread "Thread-2" [_thread_blocked, id=15132, stack(0x00007f66fa56b000,0x00007f66fa66c000)]
  0x00007f6710652000 JavaThread "NonBlockingInputStreamThread" daemon [_thread_blocked, id=15121, stack(0x00007f66fad95000,0x00007f66fae96000)]
  0x00007f671061e000 JavaThread "process reaper" daemon [_thread_blocked, id=15110, stack(0x00007f67080b5000,0x00007f67080ee000)]
  0x00007f67102de000 JavaThread "Service Thread" daemon [_thread_blocked, id=15107, stack(0x00007f66fb198000,0x00007f66fb299000)]
  0x00007f67102ca800 JavaThread "C2 CompilerThread1" daemon [_thread_blocked, id=15106, stack(0x00007f66fb299000,0x00007f66fb39a000)]
  0x00007f67102d3000 JavaThread "C2 CompilerThread0" daemon [_thread_blocked, id=15105, stack(0x00007f66fb39a000,0x00007f66fb49b000)]
  0x00007f671015b000 JavaThread "Signal Dispatcher" daemon [_thread_blocked, id=15104, stack(0x00007f6708240000,0x00007f6708341000)]
  0x00007f671013a000 JavaThread "Finalizer" daemon [_thread_blocked, id=15103, stack(0x00007f670860a000,0x00007f670870b000)]
  0x00007f6710138000 JavaThread "Reference Handler" daemon [_thread_blocked, id=15102, stack(0x00007f670870b000,0x00007f670880c000)]

Other Threads:
  0x00007f6710133800 VMThread [stack: 0x00007f670880c000,0x00007f670890d000] [id=15101]
  0x00007f67102f1000 WatcherThread [stack: 0x00007f66fb097000,0x00007f66fb198000] [id=15108]

VM state:synchronizing (normal execution)

VM Mutex/Monitor currently owned by a thread:  ([mutex/lock_event])
[0x00007f6710008e00] Threads_lock - owner thread: 0x00007f6710133800

Heap
 PSYoungGen      total 216064K, used 130099K [0x00000000f0000000, 0x0000000100000000, 0x0000000100000000)
  eden space 167424K, 65% used [0x00000000f0000000,0x00000000f6aa8990,0x00000000fa380000)
  from space 48640K, 42% used [0x00000000fd080000,0x00000000fe4e4628,0x0000000100000000)
  to   space 46080K, 0% used [0x00000000fa380000,0x00000000fa380000,0x00000000fd080000)
 ParOldGen       total 142336K, used 84544K [0x00000000d0000000, 0x00000000d8b00000, 0x00000000f0000000)
  object space 142336K, 59% used [0x00000000d0000000,0x00000000d5290010,0x00000000d8b00000)
 PSPermGen       total 102912K, used 67698K [0x00000000c0000000, 0x00000000c6480000, 0x00000000d0000000)
  object space 102912K, 65% used [0x00000000c0000000,0x00000000c421c800,0x00000000c6480000)

Card table byte_map: [0x00007f670c1a1000,0x00007f670c3a2000] byte_map_base: 0x00007f670bba1000

Polling page: 0x00007f67164e2000

Code Cache  [0x00007f670c3a2000, 0x00007f670ca12000, 0x00007f670f3a2000)
 total_blobs=2008 nmethods=1303 adapters=656 free_code_cache=42970Kb largest_free_block=43622912

Compilation events (10 events):
Event: 15.956 Thread 0x00007f67102ca800 nmethod 1572 0x00007f670c716290 code [0x00007f670c7163e0, 0x00007f670c7164c8]
Event: 15.956 Thread 0x00007f67102ca800 1573             java.lang.ThreadLocal::get (34 bytes)
Event: 15.958 Thread 0x00007f67102ca800 nmethod 1573 0x00007f670c5cf810 code [0x00007f670c5cf980, 0x00007f670c5cfab8]
Event: 15.958 Thread 0x00007f67102ca800 1574             sun.nio.fs.UnixPath::normalizeAndCheck (75 bytes)
Event: 15.962 Thread 0x00007f67102ca800 nmethod 1574 0x00007f670c74b9d0 code [0x00007f670c74bb20, 0x00007f670c74bdd8]
Event: 15.962 Thread 0x00007f67102ca800 1575             sun.nio.fs.UnixPath::checkNotNul (16 bytes)
Event: 15.962 Thread 0x00007f67102ca800 nmethod 1575 0x00007f670c426e90 code [0x00007f670c426fc0, 0x00007f670c427018]
Event: 15.962 Thread 0x00007f67102ca800 1576             java.nio.Bits::byteOrder (20 bytes)
Event: 15.962 Thread 0x00007f67102ca800 nmethod 1576 0x00007f670c798150 code [0x00007f670c798280, 0x00007f670c7982d8]
Event: 16.058 Thread 0x00007f67102d3000 nmethod 1565 0x00007f670c855b50 code [0x00007f670c856260, 0x00007f670c85b230]

GC Heap History (10 events):
Event: 12.187 GC heap before
{Heap before GC invocations=16 (full 1):
 PSYoungGen      total 226816K, used 219852K [0x00000000f0000000, 0x0000000100000000, 0x0000000100000000)
  eden space 195584K, 100% used [0x00000000f0000000,0x00000000fbf00000,0x00000000fbf00000)
  from space 31232K, 77% used [0x00000000fe180000,0x00000000ff9331a8,0x0000000100000000)
  to   space 33280K, 0% used [0x00000000fbf00000,0x00000000fbf00000,0x00000000fdf80000)
 ParOldGen       total 83968K, used 52563K [0x00000000d0000000, 0x00000000d5200000, 0x00000000f0000000)
  object space 83968K, 62% used [0x00000000d0000000,0x00000000d3354c58,0x00000000d5200000)
 PSPermGen       total 75264K, used 56960K [0x00000000c0000000, 0x00000000c4980000, 0x00000000d0000000)
  object space 75264K, 75% used [0x00000000c0000000,0x00000000c37a0390,0x00000000c4980000)
Event: 12.215 GC heap after
Heap after GC invocations=16 (full 1):
 PSYoungGen      total 227840K, used 31983K [0x00000000f0000000, 0x0000000100000000, 0x0000000100000000)
  eden space 195584K, 0% used [0x00000000f0000000,0x00000000f0000000,0x00000000fbf00000)
  from space 32256K, 99% used [0x00000000fbf00000,0x00000000fde3bf18,0x00000000fde80000)
  to   space 34304K, 0% used [0x00000000fde80000,0x00000000fde80000,0x0000000100000000)
 ParOldGen       total 83968K, used 52571K [0x00000000d0000000, 0x00000000d5200000, 0x00000000f0000000)
  object space 83968K, 62% used [0x00000000d0000000,0x00000000d3356c58,0x00000000d5200000)
 PSPermGen       total 75264K, used 56960K [0x00000000c0000000, 0x00000000c4980000, 0x00000000d0000000)
  object space 75264K, 75% used [0x00000000c0000000,0x00000000c37a0390,0x00000000c4980000)
}
Event: 12.935 GC heap before
{Heap before GC invocations=17 (full 1):
 PSYoungGen      total 227840K, used 227567K [0x00000000f0000000, 0x0000000100000000, 0x0000000100000000)
  eden space 195584K, 100% used [0x00000000f0000000,0x00000000fbf00000,0x00000000fbf00000)
  from space 32256K, 99% used [0x00000000fbf00000,0x00000000fde3bf18,0x00000000fde80000)
  to   space 34304K, 0% used [0x00000000fde80000,0x00000000fde80000,0x0000000100000000)
 ParOldGen       total 83968K, used 52571K [0x00000000d0000000, 0x00000000d5200000, 0x00000000f0000000)
  object space 83968K, 62% used [0x00000000d0000000,0x00000000d3356c58,0x00000000d5200000)
 PSPermGen       total 75264K, used 58794K [0x00000000c0000000, 0x00000000c4980000, 0x00000000d0000000)
  object space 75264K, 78% used [0x00000000c0000000,0x00000000c396ab48,0x00000000c4980000)
Event: 12.976 GC heap after
Heap after GC invocations=17 (full 1):
 PSYoungGen      total 205312K, used 34276K [0x00000000f0000000, 0x0000000100000000, 0x0000000100000000)
  eden space 171008K, 0% used [0x00000000f0000000,0x00000000f0000000,0x00000000fa700000)
  from space 34304K, 99% used [0x00000000fde80000,0x00000000ffff90a0,0x0000000100000000)
  to   space 45568K, 0% used [0x00000000fa700000,0x00000000fa700000,0x00000000fd380000)
 ParOldGen       total 83968K, used 60030K [0x00000000d0000000, 0x00000000d5200000, 0x00000000f0000000)
  object space 83968K, 71% used [0x00000000d0000000,0x00000000d3a9f800,0x00000000d5200000)
 PSPermGen       total 75264K, used 58794K [0x00000000c0000000, 0x00000000c4980000, 0x00000000d0000000)
  object space 75264K, 78% used [0x00000000c0000000,0x00000000c396ab48,0x00000000c4980000)
}
Event: 13.785 GC heap before
{Heap before GC invocations=18 (full 1):
 PSYoungGen      total 205312K, used 205284K [0x00000000f0000000, 0x0000000100000000, 0x0000000100000000)
  eden space 171008K, 100% used [0x00000000f0000000,0x00000000fa700000,0x00000000fa700000)
  from space 34304K, 99% used [0x00000000fde80000,0x00000000ffff90a0,0x0000000100000000)
  to   space 45568K, 0% used [0x00000000fa700000,0x00000000fa700000,0x00000000fd380000)
 ParOldGen       total 83968K, used 60030K [0x00000000d0000000, 0x00000000d5200000, 0x00000000f0000000)
  object space 83968K, 71% used [0x00000000d0000000,0x00000000d3a9f800,0x00000000d5200000)
 PSPermGen       total 75264K, used 61356K [0x00000000c0000000, 0x00000000c4980000, 0x00000000d0000000)
  object space 75264K, 81% used [0x00000000c0000000,0x00000000c3beb268,0x00000000c4980000)
Event: 13.828 GC heap after
Heap after GC invocations=18 (full 1):
 PSYoungGen      total 205312K, used 34068K [0x00000000f0000000, 0x0000000100000000, 0x0000000100000000)
  eden space 171008K, 0% used [0x00000000f0000000,0x00000000f0000000,0x00000000fa700000)
  from space 34304K, 99% used [0x00000000fa700000,0x00000000fc8452d0,0x00000000fc880000)
  to   space 48640K, 0% used [0x00000000fd080000,0x00000000fd080000,0x0000000100000000)
 ParOldGen       total 83968K, used 72522K [0x00000000d0000000, 0x00000000d5200000, 0x00000000f0000000)
  object space 83968K, 86% used [0x00000000d0000000,0x00000000d46d2848,0x00000000d5200000)
 PSPermGen       total 75264K, used 61356K [0x00000000c0000000, 0x00000000c4980000, 0x00000000d0000000)
  object space 75264K, 81% used [0x00000000c0000000,0x00000000c3beb268,0x00000000c4980000)
}
Event: 13.828 GC heap before
{Heap before GC invocations=19 (full 2):
 PSYoungGen      total 205312K, used 34068K [0x00000000f0000000, 0x0000000100000000, 0x0000000100000000)
  eden space 171008K, 0% used [0x00000000f0000000,0x00000000f0000000,0x00000000fa700000)
  from space 34304K, 99% used [0x00000000fa700000,0x00000000fc8452d0,0x00000000fc880000)
  to   space 48640K, 0% used [0x00000000fd080000,0x00000000fd080000,0x0000000100000000)
 ParOldGen       total 83968K, used 72522K [0x00000000d0000000, 0x00000000d5200000, 0x00000000f0000000)
  object space 83968K, 86% used [0x00000000d0000000,0x00000000d46d2848,0x00000000d5200000)
 PSPermGen       total 75264K, used 61356K [0x00000000c0000000, 0x00000000c4980000, 0x00000000d0000000)
  object space 75264K, 81% used [0x00000000c0000000,0x00000000c3beb268,0x00000000c4980000)
Event: 14.309 GC heap after
Heap after GC invocations=19 (full 2):
 PSYoungGen      total 205312K, used 15873K [0x00000000f0000000, 0x0000000100000000, 0x0000000100000000)
  eden space 171008K, 0% used [0x00000000f0000000,0x00000000f0000000,0x00000000fa700000)
  from space 34304K, 46% used [0x00000000fa700000,0x00000000fb6804c8,0x00000000fc880000)
  to   space 48640K, 0% used [0x00000000fd080000,0x00000000fd080000,0x0000000100000000)
 ParOldGen       total 142336K, used 83873K [0x00000000d0000000, 0x00000000d8b00000, 0x00000000f0000000)
  object space 142336K, 58% used [0x00000000d0000000,0x00000000d51e87c0,0x00000000d8b00000)
 PSPermGen       total 102912K, used 61343K [0x00000000c0000000, 0x00000000c6480000, 0x00000000d0000000)
  object space 102912K, 59% used [0x00000000c0000000,0x00000000c3be7cc8,0x00000000c6480000)
}
Event: 14.860 GC heap before
{Heap before GC invocations=20 (full 2):
 PSYoungGen      total 205312K, used 183840K [0x00000000f0000000, 0x0000000100000000, 0x0000000100000000)
  eden space 171008K, 98% used [0x00000000f0000000,0x00000000fa407f30,0x00000000fa700000)
  from space 34304K, 46% used [0x00000000fa700000,0x00000000fb6804c8,0x00000000fc880000)
  to   space 48640K, 0% used [0x00000000fd080000,0x00000000fd080000,0x0000000100000000)
 ParOldGen       total 142336K, used 83873K [0x00000000d0000000, 0x00000000d8b00000, 0x00000000f0000000)
  object space 142336K, 58% used [0x00000000d0000000,0x00000000d51e87c0,0x00000000d8b00000)
 PSPermGen       total 102912K, used 64808K [0x00000000c0000000, 0x00000000c6480000, 0x00000000d0000000)
  object space 102912K, 62% used [0x00000000c0000000,0x00000000c3f4a0f8,0x00000000c6480000)
Event: 14.904 GC heap after
Heap after GC invocations=20 (full 2):
 PSYoungGen      total 216064K, used 20881K [0x00000000f0000000, 0x0000000100000000, 0x0000000100000000)
  eden space 167424K, 0% used [0x00000000f0000000,0x00000000f0000000,0x00000000fa380000)
  from space 48640K, 42% used [0x00000000fd080000,0x00000000fe4e4628,0x0000000100000000)
  to   space 46080K, 0% used [0x00000000fa380000,0x00000000fa380000,0x00000000fd080000)
 ParOldGen       total 142336K, used 84544K [0x00000000d0000000, 0x00000000d8b00000, 0x00000000f0000000)
  object space 142336K, 59% used [0x00000000d0000000,0x00000000d5290010,0x00000000d8b00000)
 PSPermGen       total 102912K, used 64808K [0x00000000c0000000, 0x00000000c6480000, 0x00000000d0000000)
  object space 102912K, 62% used [0x00000000c0000000,0x00000000c3f4a0f8,0x00000000c6480000)
}

Deoptimization events (10 events):
Event: 14.990 Thread 0x00007f669c001800 Uncommon trap: reason=unstable_if action=reinterpret pc=0x00007f670c616e20 method=java.util.concurrent.locks.ReentrantLock$Sync.nonfairTryAcquire(I)Z @ 10
Event: 15.215 Thread 0x00007f671036d000 Uncommon trap: reason=bimorphic action=maybe_recompile pc=0x00007f670c775b34 method=java.util.Hashtable.put(Ljava/lang/Object;Ljava/lang/Object;)Ljava/lang/Object; @ 115
Event: 15.215 Thread 0x00007f671036d000 Uncommon trap: reason=bimorphic action=maybe_recompile pc=0x00007f670c775b34 method=java.util.Hashtable.put(Ljava/lang/Object;Ljava/lang/Object;)Ljava/lang/Object; @ 115
Event: 15.215 Thread 0x00007f671036d000 Uncommon trap: reason=bimorphic action=maybe_recompile pc=0x00007f670c775b34 method=java.util.Hashtable.put(Ljava/lang/Object;Ljava/lang/Object;)Ljava/lang/Object; @ 115
Event: 15.215 Thread 0x00007f671036d000 Uncommon trap: reason=bimorphic action=maybe_recompile pc=0x00007f670c775b34 method=java.util.Hashtable.put(Ljava/lang/Object;Ljava/lang/Object;)Ljava/lang/Object; @ 115
Event: 15.452 Thread 0x00007f671036d000 Uncommon trap: reason=unstable_if action=reinterpret pc=0x00007f670c6d9564 method=com.sun.org.apache.xerces.internal.impl.XMLEntityScanner.scanData(Ljava/lang/String;Lcom/sun/org/apache/xerces/internal/util/XMLStringBuffer;)Z @ 60
Event: 15.709 Thread 0x00007f671036d000 Uncommon trap: reason=bimorphic action=maybe_recompile pc=0x00007f670c42842c method=java.lang.AbstractStringBuilder.append(Ljava/lang/CharSequence;II)Ljava/lang/AbstractStringBuilder; @ 18
Event: 15.717 Thread 0x00007f671036d000 Uncommon trap: reason=unstable_if action=reinterpret pc=0x00007f670c6717d0 method=groovy.lang.MetaClassImpl.establishStaticMetaProperty(Lgroovy/lang/MetaProperty;)Lgroovy/lang/MetaProperty; @ 165
Event: 15.722 Thread 0x00007f671036d000 Uncommon trap: reason=unstable_if action=reinterpret pc=0x00007f670c5ada84 method=org.springsource.loaded.agent.SpringLoadedPreProcessor.getIsReloadableTypePlugins()Ljava/util/List; @ 3
Event: 18.760 Thread 0x00007f671036d000 Uncommon trap: reason=unstable_if action=reinterpret pc=0x00007f670c441dd4 method=java.util.concurrent.locks.AbstractQueuedSynchronizer.release(I)Z @ 14

Internal exceptions (10 events):
Event: 16.906 Thread 0x00007f671091b800 Threw 0x00000000f681a898 at /HUDSON/workspace/7u-2-build-linux-amd64/jdk7u80/2329/hotspot/src/share/vm/prims/jvm.cpp:1319
Event: 16.906 Thread 0x00007f671091b800 Threw 0x00000000f681fa80 at /HUDSON/workspace/7u-2-build-linux-amd64/jdk7u80/2329/hotspot/src/share/vm/prims/jvm.cpp:1319
Event: 16.907 Thread 0x00007f671091b800 Threw 0x00000000f684b8a0 at /HUDSON/workspace/7u-2-build-linux-amd64/jdk7u80/2329/hotspot/src/share/vm/prims/jvm.cpp:1319
Event: 16.907 Thread 0x00007f671091b800 Threw 0x00000000f684f0a8 at /HUDSON/workspace/7u-2-build-linux-amd64/jdk7u80/2329/hotspot/src/share/vm/prims/jvm.cpp:1319
Event: 16.908 Thread 0x00007f671091b800 Threw 0x00000000f685a548 at /HUDSON/workspace/7u-2-build-linux-amd64/jdk7u80/2329/hotspot/src/share/vm/prims/jvm.cpp:1319
Event: 16.908 Thread 0x00007f671091b800 Threw 0x00000000f685cb28 at /HUDSON/workspace/7u-2-build-linux-amd64/jdk7u80/2329/hotspot/src/share/vm/prims/jvm.cpp:1319
Event: 16.908 Thread 0x00007f671091b800 Threw 0x00000000f685cda8 at /HUDSON/workspace/7u-2-build-linux-amd64/jdk7u80/2329/hotspot/src/share/vm/classfile/systemDictionary.cpp:185
Event: 16.908 Thread 0x00007f671091b800 Threw 0x00000000f685d680 at /HUDSON/workspace/7u-2-build-linux-amd64/jdk7u80/2329/hotspot/src/share/vm/prims/jvm.cpp:1319
Event: 16.908 Thread 0x00007f671091b800 Threw 0x00000000f685fd58 at /HUDSON/workspace/7u-2-build-linux-amd64/jdk7u80/2329/hotspot/src/share/vm/prims/jvm.cpp:1319
Event: 16.908 Thread 0x00007f671091b800 Threw 0x00000000f685ffe0 at /HUDSON/workspace/7u-2-build-linux-amd64/jdk7u80/2329/hotspot/src/share/vm/classfile/systemDictionary.cpp:185

Events (10 events):
Event: 16.909 Executing VM operation: RevokeBias done
Event: 16.909 loading class 0x00007f671032f510
Event: 16.909 loading class 0x00007f671032f510 done
Event: 18.760 Thread 0x00007f671036d000 Uncommon trap: trap_request=0xffffff75 fr.pc=0x00007f670c441dd4
Event: 18.760 Thread 0x00007f671036d000 DEOPT PACKING pc=0x00007f670c441dd4 sp=0x00007f66f95929c0
Event: 18.760 Thread 0x00007f671036d000 DEOPT UNPACKING pc=0x00007f670c3db445 sp=0x00007f66f9592980 mode 2
Event: 19.667 Thread 0x00007f669c006000 Thread added: 0x00007f669c006000
Event: 19.667 Executing VM operation: RevokeBias
Event: 19.667 Thread 0x00007f669c007800 Thread added: 0x00007f669c007800
Event: 19.671 Executing VM operation: RevokeBias done


Dynamic libraries:
00400000-00401000 r-xp 00000000 08:07 140222                             /usr/lib/jvm/java-7-oracle/bin/java
00600000-00601000 rw-p 00000000 08:07 140222                             /usr/lib/jvm/java-7-oracle/bin/java
023fe000-0266e000 rw-p 00000000 00:00 0                                  [heap]
c0000000-c6480000 rw-p 00000000 00:00 0 
c6480000-d0000000 rw-p 00000000 00:00 0 
d0000000-d8b00000 rw-p 00000000 00:00 0 
d8b00000-f0000000 rw-p 00000000 00:00 0 
f0000000-100000000 rw-p 00000000 00:00 0 
7f6684000000-7f6684021000 rw-p 00000000 00:00 0 
7f6684021000-7f6688000000 ---p 00000000 00:00 0 
7f668c000000-7f668c224000 rw-p 00000000 00:00 0 
7f668c224000-7f6690000000 ---p 00000000 00:00 0 
7f6690000000-7f6690021000 rw-p 00000000 00:00 0 
7f6690021000-7f6694000000 ---p 00000000 00:00 0 
7f6694000000-7f6694021000 rw-p 00000000 00:00 0 
7f6694021000-7f6698000000 ---p 00000000 00:00 0 
7f6698000000-7f6698021000 rw-p 00000000 00:00 0 
7f6698021000-7f669c000000 ---p 00000000 00:00 0 
7f669c000000-7f669c021000 rw-p 00000000 00:00 0 
7f669c021000-7f66a0000000 ---p 00000000 00:00 0 
7f66a0000000-7f66a0021000 rw-p 00000000 00:00 0 
7f66a0021000-7f66a4000000 ---p 00000000 00:00 0 
7f66a4000000-7f66a4021000 rw-p 00000000 00:00 0 
7f66a4021000-7f66a8000000 ---p 00000000 00:00 0 
7f66a8000000-7f66a8021000 rw-p 00000000 00:00 0 
7f66a8021000-7f66ac000000 ---p 00000000 00:00 0 
7f66ac000000-7f66ac021000 rw-p 00000000 00:00 0 
7f66ac021000-7f66b0000000 ---p 00000000 00:00 0 
7f66b0000000-7f66b0021000 rw-p 00000000 00:00 0 
7f66b0021000-7f66b4000000 ---p 00000000 00:00 0 
7f66b4000000-7f66b502c000 rw-p 00000000 00:00 0 
7f66b502c000-7f66b8000000 ---p 00000000 00:00 0 
7f66b8000000-7f66b8021000 rw-p 00000000 00:00 0 
7f66b8021000-7f66bc000000 ---p 00000000 00:00 0 
7f66bc000000-7f66bc021000 rw-p 00000000 00:00 0 
7f66bc021000-7f66c0000000 ---p 00000000 00:00 0 
7f66c0000000-7f66c0021000 rw-p 00000000 00:00 0 
7f66c0021000-7f66c4000000 ---p 00000000 00:00 0 
7f66c4000000-7f66c4021000 rw-p 00000000 00:00 0 
7f66c4021000-7f66c8000000 ---p 00000000 00:00 0 
7f66c8000000-7f66c8021000 rw-p 00000000 00:00 0 
7f66c8021000-7f66cc000000 ---p 00000000 00:00 0 
7f66cc000000-7f66cc021000 rw-p 00000000 00:00 0 
7f66cc021000-7f66d0000000 ---p 00000000 00:00 0 
7f66d0000000-7f66d0021000 rw-p 00000000 00:00 0 
7f66d0021000-7f66d4000000 ---p 00000000 00:00 0 
7f66d4000000-7f66d54d8000 rw-p 00000000 00:00 0 
7f66d54d8000-7f66d8000000 ---p 00000000 00:00 0 
7f66d8000000-7f66d8021000 rw-p 00000000 00:00 0 
7f66d8021000-7f66dc000000 ---p 00000000 00:00 0 
7f66dc000000-7f66dc021000 rw-p 00000000 00:00 0 
7f66dc021000-7f66e0000000 ---p 00000000 00:00 0 
7f66e0000000-7f66e1507000 rw-p 00000000 00:00 0 
7f66e1507000-7f66e4000000 ---p 00000000 00:00 0 
7f66e4000000-7f66e4021000 rw-p 00000000 00:00 0 
7f66e4021000-7f66e8000000 ---p 00000000 00:00 0 
7f66e8000000-7f66e8036000 rw-p 00000000 00:00 0 
7f66e8036000-7f66ec000000 ---p 00000000 00:00 0 
7f66ec000000-7f66ec03c000 rw-p 00000000 00:00 0 
7f66ec03c000-7f66f0000000 ---p 00000000 00:00 0 
7f66f4000000-7f66f4021000 rw-p 00000000 00:00 0 
7f66f4021000-7f66f8000000 ---p 00000000 00:00 0 
7f66f8c8c000-7f66f8c8f000 ---p 00000000 00:00 0 
7f66f8c8f000-7f66f8d8d000 rw-p 00000000 00:00 0                          [stack:15170]
7f66f8d8d000-7f66f8d90000 ---p 00000000 00:00 0 
7f66f8d90000-7f66f8e8e000 rw-p 00000000 00:00 0                          [stack:15169]
7f66f8e8e000-7f66f8e91000 ---p 00000000 00:00 0 
7f66f8e91000-7f66f8f90000 rw-p 00000000 00:00 0                          [stack:15168]
7f66f8f90000-7f66f8f93000 ---p 00000000 00:00 0 
7f66f8f93000-7f66f9091000 rw-p 00000000 00:00 0                          [stack:15167]
7f66f9091000-7f66f9094000 ---p 00000000 00:00 0 
7f66f9094000-7f66f9192000 rw-p 00000000 00:00 0                          [stack:15166]
7f66f9192000-7f66f9195000 ---p 00000000 00:00 0 
7f66f9195000-7f66f9293000 rw-p 00000000 00:00 0                          [stack:15165]
7f66f9293000-7f66f9296000 ---p 00000000 00:00 0 
7f66f9296000-7f66f9394000 rw-p 00000000 00:00 0                          [stack:15164]
7f66f9394000-7f66f9397000 ---p 00000000 00:00 0 
7f66f9397000-7f66f9495000 rw-p 00000000 00:00 0                          [stack:15161]
7f66f9495000-7f66f9498000 ---p 00000000 00:00 0 
7f66f9498000-7f66f9596000 rw-p 00000000 00:00 0                          [stack:15159]
7f66f9596000-7f66f9599000 ---p 00000000 00:00 0 
7f66f9599000-7f66f9697000 rw-p 00000000 00:00 0                          [stack:15158]
7f66f9697000-7f66f969a000 ---p 00000000 00:00 0 
7f66f969a000-7f66f9798000 rw-p 00000000 00:00 0                          [stack:15157]
7f66f9798000-7f66f979b000 ---p 00000000 00:00 0 
7f66f979b000-7f66f9899000 rw-p 00000000 00:00 0                          [stack:15156]
7f66f9899000-7f66f989c000 ---p 00000000 00:00 0 
7f66f989c000-7f66f999a000 rw-p 00000000 00:00 0                          [stack:15155]
7f66f999a000-7f66f999d000 ---p 00000000 00:00 0 
7f66f999d000-7f66f9a9b000 rw-p 00000000 00:00 0                          [stack:15154]
7f66f9a9b000-7f66f9aa6000 r--s 0037c000 08:07 139701                     /usr/lib/jvm/java-7-oracle/jre/lib/charsets.jar
7f66f9aa6000-7f66f9aa9000 ---p 00000000 00:00 0 
7f66f9aa9000-7f66f9ba7000 rw-p 00000000 00:00 0                          [stack:15152]
7f66f9ba7000-7f66f9baa000 ---p 00000000 00:00 0 
7f66f9baa000-7f66f9ca8000 rw-p 00000000 00:00 0                          [stack:15139]
7f66f9ca8000-7f66f9cab000 ---p 00000000 00:00 0 
7f66f9cab000-7f66f9da9000 rw-p 00000000 00:00 0                          [stack:15138]
7f66f9da9000-7f66f9dac000 ---p 00000000 00:00 0 
7f66f9dac000-7f66f9eaa000 rw-p 00000000 00:00 0                          [stack:15136]
7f66f9eaa000-7f66f9ead000 ---p 00000000 00:00 0 
7f66f9ead000-7f66f9fab000 rw-p 00000000 00:00 0                          [stack:15135]
7f66f9fab000-7f66f9fae000 ---p 00000000 00:00 0 
7f66f9fae000-7f66fa0ac000 rw-p 00000000 00:00 0                          [stack:15134]
7f66fa0ac000-7f66fa0b4000 r-xp 00000000 08:07 139006                     /usr/lib/jvm/java-7-oracle/jre/lib/amd64/libmanagement.so
7f66fa0b4000-7f66fa2b3000 ---p 00008000 08:07 139006                     /usr/lib/jvm/java-7-oracle/jre/lib/amd64/libmanagement.so
7f66fa2b3000-7f66fa2b4000 rw-p 00007000 08:07 139006                     /usr/lib/jvm/java-7-oracle/jre/lib/amd64/libmanagement.so
7f66fa2b4000-7f66fa2b7000 ---p 00000000 00:00 0 
7f66fa2b7000-7f66fa3b5000 rw-p 00000000 00:00 0                          [stack:15133]
7f66fa3b5000-7f66fa3b8000 r--s 00012000 08:01 530047                     /home/rubinder/.gvm/grails/2.4.4/lib/javax.servlet/javax.servlet-api/jars/javax.servlet-api-3.0.1.jar
7f66fa3b8000-7f66fa3bd000 r--s 00040000 08:01 658152                     /home/rubinder/.gvm/grails/2.4.4/dist/grails-project-api-2.4.4.jar
7f66fa3bd000-7f66fa3ce000 r--s 000d2000 08:01 787589                     /home/rubinder/.m2/repository/org/liquibase/liquibase-core/2.0.5/liquibase-core-2.0.5.jar
7f66fa3ce000-7f66fa3d4000 r--s 0004c000 08:01 530323                     /home/rubinder/.gvm/grails/2.4.4/lib/org.grails/grails-datastore-simple/jars/grails-datastore-simple-3.1.3.RELEASE.jar
7f66fa3d4000-7f66fa3d9000 r--s 00048000 08:01 787586                     /home/rubinder/.m2/repository/dom4j/dom4j/1.6.1/dom4j-1.6.1.jar
7f66fa3d9000-7f66fa3da000 r--s 00002000 08:01 787584                     /home/rubinder/.m2/repository/org/jboss/logging/jboss-logging-annotations/1.2.0.Beta1/jboss-logging-annotations-1.2.0.Beta1.jar
7f66fa3da000-7f66fa3dd000 r--s 00010000 08:01 787583                     /home/rubinder/.m2/repository/org/hibernate/common/hibernate-commons-annotations/4.0.4.Final/hibernate-commons-annotations-4.0.4.Final.jar
7f66fa3dd000-7f66fa3e5000 r--s 00052000 08:01 787580                     /home/rubinder/.m2/repository/org/springframework/spring-orm/4.0.7.RELEASE/spring-orm-4.0.7.RELEASE.jar
7f66fa3e5000-7f66fa3e7000 r--s 0000a000 08:01 787578                     /home/rubinder/.m2/repository/org/grails/grails-datastore-gorm-plugin-support/3.1.3.RELEASE/grails-datastore-gorm-plugin-support-3.1.3.RELEASE.jar
7f66fa3e7000-7f66fa3ed000 r--s 00041000 08:01 787577                     /home/rubinder/.m2/repository/org/grails/grails-datastore-gorm-hibernate-core/3.1.3.RELEASE/grails-datastore-gorm-hibernate-core-3.1.3.RELEASE.jar
7f66fa3ed000-7f66fa3f5000 r--s 00062000 08:01 787574                     /home/rubinder/.m2/repository/org/grails/grails-datastore-gorm-hibernate4/3.1.3.RELEASE/grails-datastore-gorm-hibernate4-3.1.3.RELEASE.jar
7f66fa3f5000-7f66fa3ff000 r--s 00080000 08:01 530320                     /home/rubinder/.gvm/grails/2.4.4/lib/org.grails/grails-datastore-gorm/jars/grails-datastore-gorm-3.1.3.RELEASE.jar
7f66fa3ff000-7f66fa40a000 r--s 00054000 08:01 530317                     /home/rubinder/.gvm/grails/2.4.4/lib/org.grails/grails-datastore-core/jars/grails-datastore-core-3.1.3.RELEASE.jar
7f66fa40a000-7f66fa40c000 r--s 0000d000 08:01 787572                     /home/rubinder/.m2/repository/org/jboss/logging/jboss-logging/3.1.0.GA/jboss-logging-3.1.0.GA.jar
7f66fa40c000-7f66fa422000 r--s 000e6000 08:01 787570                     /home/rubinder/.m2/repository/net/sf/ehcache/ehcache-core/2.4.8/ehcache-core-2.4.8.jar
7f66fa422000-7f66fa424000 r--s 00011000 08:01 787569                     /home/rubinder/.m2/repository/org/jboss/jandex/1.1.0.Final/jandex-1.1.0.Final.jar
7f66fa424000-7f66fa429000 r--s 00068000 08:01 787568                     /home/rubinder/.m2/repository/antlr/antlr/2.7.7/antlr-2.7.7.jar
7f66fa429000-7f66fa42a000 r--s 00006000 08:01 787564                     /home/rubinder/.m2/repository/org/jboss/spec/javax/transaction/jboss-transaction-api_1.2_spec/1.0.0.Final/jboss-transaction-api_1.2_spec-1.0.0.Final.jar
7f66fa42a000-7f66fa488000 r--s 004a5000 08:01 787563                     /home/rubinder/.m2/repository/org/hibernate/hibernate-core/4.3.6.Final/hibernate-core-4.3.6.Final.jar
7f66fa488000-7f66fa48c000 r--s 0001e000 08:01 787560                     /home/rubinder/.m2/repository/org/hibernate/hibernate-ehcache/4.3.6.Final/hibernate-ehcache-4.3.6.Final.jar
7f66fa48c000-7f66fa48e000 r--s 0000d000 08:01 787559                     /home/rubinder/.m2/repository/com/fasterxml/classmate/1.0.0/classmate-1.0.0.jar
7f66fa48e000-7f66fa492000 r--s 0000c000 08:01 787556                     /home/rubinder/.m2/repository/javax/validation/validation-api/1.1.0.Final/validation-api-1.1.0.Final.jar
7f66fa492000-7f66fa4a1000 r--s 0008a000 08:01 787554                     /home/rubinder/.m2/repository/org/hibernate/hibernate-validator/5.1.1.Final/hibernate-validator-5.1.1.Final.jar
7f66fa4a1000-7f66fa4a5000 r--s 00027000 08:01 530001                     /home/rubinder/.gvm/grails/2.4.4/lib/commons-io/commons-io/jars/commons-io-2.2.jar
7f66fa4a5000-7f66fa4b2000 r--s 00109000 08:01 787552                     /home/rubinder/.m2/repository/org/mozilla/rhino/1.7R4/rhino-1.7R4.jar
7f66fa4b2000-7f66fa4bb000 r--s 000a5000 08:01 787550                     /home/rubinder/.m2/repository/org/javassist/javassist/3.17.1-GA/javassist-3.17.1-GA.jar
7f66fa4bb000-7f66fa4c3000 r--s 000cf000 08:01 919776                     /home/rubinder/.m2/repository/mysql/mysql-connector-java/5.1.29/mysql-connector-java-5.1.29.jar
7f66fa4c3000-7f66fa4c5000 r--s 00085000 08:01 658173                     /home/rubinder/.gvm/grails/2.4.4/dist/grails-resources-2.4.4.jar
7f66fa4c5000-7f66fa4d2000 r--s 00189000 08:01 529968                     /home/rubinder/.gvm/grails/2.4.4/lib/com.h2database/h2/jars/h2-1.3.176.jar
7f66fa4d2000-7f66fa4d4000 r--s 0000e000 08:01 658005                     /home/rubinder/.gvm/grails/2.4.4/dist/grails-plugin-mimetypes-2.4.4.jar
7f66fa4d4000-7f66fa4d7000 r--s 00018000 08:01 657900                     /home/rubinder/.gvm/grails/2.4.4/dist/grails-plugin-domain-class-2.4.4.jar
7f66fa4d7000-7f66fa4db000 r--s 00021000 08:01 657837                     /home/rubinder/.gvm/grails/2.4.4/dist/grails-plugin-converters-2.4.4.jar
7f66fa4db000-7f66fa4dc000 r--s 0000e000 08:01 530222                     /home/rubinder/.gvm/grails/2.4.4/lib/org.codehaus.jsr166-mirror/jsr166y/jars/jsr166y-1.7.0.jar
7f66fa4dc000-7f66fa4f8000 r--s 00136000 08:01 530208                     /home/rubinder/.gvm/grails/2.4.4/lib/org.codehaus.gpars/gpars/jars/gpars-1.2.1.jar
7f66fa4f8000-7f66fa4fa000 r--s 00011000 08:01 657627                     /home/rubinder/.gvm/grails/2.4.4/dist/grails-async-2.4.4.jar
7f66fa4fa000-7f66fa4fc000 r--s 0000e000 08:01 657774                     /home/rubinder/.gvm/grails/2.4.4/dist/grails-plugin-async-2.4.4.jar
7f66fa4fc000-7f66fa500000 r--s 00019000 08:01 529954                     /home/rubinder/.gvm/grails/2.4.4/lib/com.googlecode.concurrentlinkedhashmap/concurrentlinkedhashmap-lru/jars/concurrentlinkedhashmap-lru-1.4.jar
7f66fa500000-7f66fa504000 r--s 00028000 08:01 530012                     /home/rubinder/.gvm/grails/2.4.4/lib/commons-validator/commons-validator/jars/commons-validator-1.4.0.jar
7f66fa504000-7f66fa507000 r--s 00012000 08:01 658257                     /home/rubinder/.gvm/grails/2.4.4/dist/grails-validation-2.4.4.jar
7f66fa507000-7f66fa509000 r--s 0000e000 08:01 658110                     /home/rubinder/.gvm/grails/2.4.4/dist/grails-plugin-url-mappings-2.4.4.jar
7f66fa509000-7f66fa50a000 r--s 00006000 08:01 658068                     /home/rubinder/.gvm/grails/2.4.4/dist/grails-plugin-servlets-2.4.4.jar
7f66fa50a000-7f66fa511000 r--s 00036000 08:01 530473                     /home/rubinder/.gvm/grails/2.4.4/lib/org.springframework/spring-tx/jars/spring-tx-4.0.7.RELEASE.jar
7f66fa511000-7f66fa513000 r--s 00009000 08:01 658047                     /home/rubinder/.gvm/grails/2.4.4/dist/grails-plugin-services-2.4.4.jar
7f66fa513000-7f66fa514000 r--s 00001000 08:01 530368                     /home/rubinder/.gvm/grails/2.4.4/lib/org.slf4j/jul-to-slf4j/jars/jul-to-slf4j-1.7.5.jar
7f66fa514000-7f66fa516000 r--s 0000c000 08:01 658404                     /home/rubinder/.gvm/grails/2.4.4/dist/grails-web-gsp-taglib-2.4.4.jar
7f66fa516000-7f66fa517000 r--s 00000000 08:01 657753                     /home/rubinder/.gvm/grails/2.4.4/dist/grails-logging-2.4.4.jar
7f66fa517000-7f66fa51d000 r--s 00033000 08:01 529986                     /home/rubinder/.gvm/grails/2.4.4/lib/commons-codec/commons-codec/jars/commons-codec-1.6.jar
7f66fa51d000-7f66fa52c000 r--s 00096000 08:01 530480                     /home/rubinder/.gvm/grails/2.4.4/lib/org.springframework/spring-web/jars/spring-web-4.0.7.RELEASE.jar
7f66fa52c000-7f66fa531000 r--s 0002e000 08:01 657732                     /home/rubinder/.gvm/grails/2.4.4/dist/grails-encoder-2.4.4.jar
7f66fa531000-7f66fa533000 r--s 00012000 08:01 657795                     /home/rubinder/.gvm/grails/2.4.4/dist/grails-plugin-codecs-2.4.4.jar
7f66fa533000-7f66fa539000 r--s 00058000 08:01 657942                     /home/rubinder/.gvm/grails/2.4.4/dist/grails-plugin-gsp-2.4.4.jar
7f66fa539000-7f66fa53b000 r--s 0000b000 08:01 657921                     /home/rubinder/.gvm/grails/2.4.4/dist/grails-plugin-filters-2.4.4.jar
7f66fa53b000-7f66fa540000 r--s 00041000 08:01 530008                     /home/rubinder/.gvm/grails/2.4.4/lib/commons-lang/commons-lang/jars/commons-lang-2.6.jar
7f66fa540000-7f66fa541000 r--s 00005000 08:01 657963                     /home/rubinder/.gvm/grails/2.4.4/dist/grails-plugin-i18n-2.4.4.jar
7f66fa541000-7f66fa546000 r--s 00017000 08:01 530344                     /home/rubinder/.gvm/grails/2.4.4/lib/org.hibernate.javax.persistence/hibernate-jpa-2.1-api/jars/hibernate-jpa-2.1-api-1.0.0.Final.jar
7f66fa546000-7f66fa548000 r--s 00000000 08:01 529903                     /home/rubinder/.gvm/grails/2.4.4/lib/aopalliance/aopalliance/jars/aopalliance-1.0.jar
7f66fa548000-7f66fa554000 r--s 00098000 08:01 530427                     /home/rubinder/.gvm/grails/2.4.4/lib/org.springframework/spring-beans/jars/spring-beans-4.0.7.RELEASE.jar
7f66fa554000-7f66fa568000 r--s 000db000 08:01 530445                     /home/rubinder/.gvm/grails/2.4.4/lib/org.springframework/spring-core/jars/spring-core-4.0.7.RELEASE.jar
7f66fa568000-7f66fa56b000 r--s 00041000 08:01 530515                     /home/rubinder/.gvm/grails/2.4.4/lib/xalan/serializer/jars/serializer-2.7.1.jar
7f66fa56b000-7f66fa56e000 ---p 00000000 00:00 0 
7f66fa56e000-7f66fa66c000 rw-p 00000000 00:00 0                          [stack:15132]
7f66fa66c000-7f66fa67c000 r-xp 00000000 08:07 138998                     /usr/lib/jvm/java-7-oracle/jre/lib/amd64/libnio.so
7f66fa67c000-7f66fa87c000 ---p 00010000 08:07 138998                     /usr/lib/jvm/java-7-oracle/jre/lib/amd64/libnio.so
7f66fa87c000-7f66fa87d000 rw-p 00010000 08:07 138998                     /usr/lib/jvm/java-7-oracle/jre/lib/amd64/libnio.so
7f66fa87d000-7f66fab7e000 rw-p 00000000 00:00 0 
7f66fab7e000-7f66fab95000 r-xp 00000000 08:07 139032                     /usr/lib/jvm/java-7-oracle/jre/lib/amd64/libnet.so
7f66fab95000-7f66fad94000 ---p 00017000 08:07 139032                     /usr/lib/jvm/java-7-oracle/jre/lib/amd64/libnet.so
7f66fad94000-7f66fad95000 rw-p 00016000 08:07 139032                     /usr/lib/jvm/java-7-oracle/jre/lib/amd64/libnet.so
7f66fad95000-7f66fad98000 ---p 00000000 00:00 0 
7f66fad98000-7f66fae96000 rw-p 00000000 00:00 0                          [stack:15121]
7f66fae96000-7f66fae97000 r-xp 00000000 08:07 789733                     /tmp/libjansi-64-2122678131282722920.so
7f66fae97000-7f66fb096000 ---p 00001000 08:07 789733                     /tmp/libjansi-64-2122678131282722920.so
7f66fb096000-7f66fb097000 rw-p 00000000 08:07 789733                     /tmp/libjansi-64-2122678131282722920.so
7f66fb097000-7f66fb098000 ---p 00000000 00:00 0 
7f66fb098000-7f66fb198000 rw-p 00000000 00:00 0                          [stack:15108]
7f66fb198000-7f66fb19b000 ---p 00000000 00:00 0 
7f66fb19b000-7f66fb299000 rw-p 00000000 00:00 0                          [stack:15107]
7f66fb299000-7f66fb29c000 ---p 00000000 00:00 0 
7f66fb29c000-7f66fb39a000 rw-p 00000000 00:00 0                          [stack:15106]
7f66fb39a000-7f66fb39d000 ---p 00000000 00:00 0 
7f66fb39d000-7f66fb49b000 rw-p 00000000 00:00 0                          [stack:15105]
7f66fb49b000-7f66fb4a0000 r-xp 00000000 08:07 2761929                    /usr/lib/x86_64-linux-gnu/libXdmcp.so.6.0.0
7f66fb4a0000-7f66fb69f000 ---p 00005000 08:07 2761929                    /usr/lib/x86_64-linux-gnu/libXdmcp.so.6.0.0
7f66fb69f000-7f66fb6a0000 r--p 00004000 08:07 2761929                    /usr/lib/x86_64-linux-gnu/libXdmcp.so.6.0.0
7f66fb6a0000-7f66fb6a1000 rw-p 00005000 08:07 2761929                    /usr/lib/x86_64-linux-gnu/libXdmcp.so.6.0.0
7f66fb6a1000-7f66fb6a3000 r-xp 00000000 08:07 2761918                    /usr/lib/x86_64-linux-gnu/libXau.so.6.0.0
7f66fb6a3000-7f66fb8a3000 ---p 00002000 08:07 2761918                    /usr/lib/x86_64-linux-gnu/libXau.so.6.0.0
7f66fb8a3000-7f66fb8a4000 r--p 00002000 08:07 2761918                    /usr/lib/x86_64-linux-gnu/libXau.so.6.0.0
7f66fb8a4000-7f66fb8a5000 rw-p 00003000 08:07 2761918                    /usr/lib/x86_64-linux-gnu/libXau.so.6.0.0
7f66fb8a5000-7f66fb8c2000 r-xp 00000000 08:07 2763038                    /usr/lib/x86_64-linux-gnu/libxcb.so.1.1.0
7f66fb8c2000-7f66fbac2000 ---p 0001d000 08:07 2763038                    /usr/lib/x86_64-linux-gnu/libxcb.so.1.1.0
7f66fbac2000-7f66fbac3000 r--p 0001d000 08:07 2763038                    /usr/lib/x86_64-linux-gnu/libxcb.so.1.1.0
7f66fbac3000-7f66fbac4000 rw-p 0001e000 08:07 2763038                    /usr/lib/x86_64-linux-gnu/libxcb.so.1.1.0
7f66fbac4000-7f66fbbf7000 r-xp 00000000 08:07 2761914                    /usr/lib/x86_64-linux-gnu/libX11.so.6.3.0
7f66fbbf7000-7f66fbdf7000 ---p 00133000 08:07 2761914                    /usr/lib/x86_64-linux-gnu/libX11.so.6.3.0
7f66fbdf7000-7f66fbdf8000 r--p 00133000 08:07 2761914                    /usr/lib/x86_64-linux-gnu/libX11.so.6.3.0
7f66fbdf8000-7f66fbdfc000 rw-p 00134000 08:07 2761914                    /usr/lib/x86_64-linux-gnu/libX11.so.6.3.0
7f66fbdfc000-7f66fbdfd000 rw-p 00000000 00:00 0 
7f66fbdfd000-7f66fbdff000 r-xp 00000000 08:07 2753098                    /usr/lib/jayatana/libjayatanaag.so
7f66fbdff000-7f66fbffe000 ---p 00002000 08:07 2753098                    /usr/lib/jayatana/libjayatanaag.so
7f66fbffe000-7f66fbfff000 r--p 00001000 08:07 2753098                    /usr/lib/jayatana/libjayatanaag.so
7f66fbfff000-7f66fc000000 rw-p 00002000 08:07 2753098                    /usr/lib/jayatana/libjayatanaag.so
7f66fc000000-7f66fc021000 rw-p 00000000 00:00 0 
7f66fc021000-7f6700000000 ---p 00000000 00:00 0 
7f6700000000-7f6700042000 rw-p 00000000 00:00 0 
7f6700042000-7f6704000000 ---p 00000000 00:00 0 
7f6704000000-7f6704021000 rw-p 00000000 00:00 0 
7f6704021000-7f6708000000 ---p 00000000 00:00 0 
7f6708000000-7f6708002000 r--s 00009000 08:01 658215                     /home/rubinder/.gvm/grails/2.4.4/dist/grails-spring-2.4.4.jar
7f6708002000-7f670800f000 r--s 000a6000 08:01 657669                     /home/rubinder/.gvm/grails/2.4.4/dist/grails-core-2.4.4.jar
7f670800f000-7f6708010000 r--s 00005000 08:01 657858                     /home/rubinder/.gvm/grails/2.4.4/dist/grails-plugin-databinding-2.4.4.jar
7f6708010000-7f6708015000 r--s 0002a000 08:01 529933                     /home/rubinder/.gvm/grails/2.4.4/lib/com.google.code.gson/gson/jars/gson-2.2.4.jar
7f6708015000-7f6708019000 r--s 00019000 08:01 530179                     /home/rubinder/.gvm/grails/2.4.4/lib/org.aspectj/aspectjrt/jars/aspectjrt-1.8.2.jar
7f6708019000-7f6708031000 r--s 001ae000 08:01 530183                     /home/rubinder/.gvm/grails/2.4.4/lib/org.aspectj/aspectjweaver/jars/aspectjweaver-1.8.2.jar
7f6708031000-7f6708033000 r--s 0001d000 08:01 658320                     /home/rubinder/.gvm/grails/2.4.4/dist/grails-web-databinding-2.4.4.jar
7f6708033000-7f6708035000 r--s 0000b000 08:01 530420                     /home/rubinder/.gvm/grails/2.4.4/lib/org.springframework/spring-aspects/jars/spring-aspects-4.0.7.RELEASE.jar
7f6708035000-7f670803b000 r--s 00027000 08:01 530088                     /home/rubinder/.gvm/grails/2.4.4/lib/opensymphony/sitemesh/jars/sitemesh-2.4.jar
7f670803b000-7f670803d000 r--s 0000b000 08:01 658467                     /home/rubinder/.gvm/grails/2.4.4/dist/grails-web-sitemesh-2.4.4.jar
7f670803d000-7f6708041000 r--s 00023000 08:01 658488                     /home/rubinder/.gvm/grails/2.4.4/dist/grails-web-url-mappings-2.4.4.jar
7f6708041000-7f6708043000 r--s 00009000 08:01 658446                     /home/rubinder/.gvm/grails/2.4.4/dist/grails-web-mvc-2.4.4.jar
7f6708043000-7f6708045000 r--s 00013000 08:01 657690                     /home/rubinder/.gvm/grails/2.4.4/dist/grails-databinding-2.4.4.jar
7f6708045000-7f6708049000 r--s 0001e000 08:01 530438                     /home/rubinder/.gvm/grails/2.4.4/lib/org.springframework/spring-context-support/jars/spring-context-support-4.0.7.RELEASE.jar
7f6708049000-7f6708055000 r--s 00096000 08:01 530484                     /home/rubinder/.gvm/grails/2.4.4/lib/org.springframework/spring-webmvc/jars/spring-webmvc-4.0.7.RELEASE.jar
7f6708055000-7f670805a000 r--s 00030000 08:01 658299                     /home/rubinder/.gvm/grails/2.4.4/dist/grails-web-common-2.4.4.jar
7f670805a000-7f670805c000 r--s 0000f000 08:01 529997                     /home/rubinder/.gvm/grails/2.4.4/lib/commons-fileupload/commons-fileupload/jars/commons-fileupload-1.3.1.jar
7f670805c000-7f6708060000 r--s 00024000 08:01 658425                     /home/rubinder/.gvm/grails/2.4.4/dist/grails-web-jsp-2.4.4.jar
7f6708060000-7f6708067000 r--s 0004f000 08:01 658383                     /home/rubinder/.gvm/grails/2.4.4/dist/grails-web-gsp-2.4.4.jar
7f6708067000-7f6708069000 r--s 00009000 08:01 658278                     /home/rubinder/.gvm/grails/2.4.4/dist/grails-web-2.4.4.jar
7f6708069000-7f670806b000 r--s 00008000 08:01 658131                     /home/rubinder/.gvm/grails/2.4.4/dist/grails-plugin-validation-2.4.4.jar
7f670806b000-7f670806f000 r--s 00020000 08:01 657816                     /home/rubinder/.gvm/grails/2.4.4/dist/grails-plugin-controllers-2.4.4.jar
7f670806f000-7f6708074000 r--s 0002e000 08:01 530452                     /home/rubinder/.gvm/grails/2.4.4/lib/org.springframework/spring-expression/jars/spring-expression-4.0.7.RELEASE.jar
7f6708074000-7f670807d000 r--s 0004e000 08:01 530416                     /home/rubinder/.gvm/grails/2.4.4/lib/org.springframework/spring-aop/jars/spring-aop-4.0.7.RELEASE.jar
7f670807d000-7f6708094000 r--s 000d8000 08:01 530434                     /home/rubinder/.gvm/grails/2.4.4/lib/org.springframework/spring-context/jars/spring-context-4.0.7.RELEASE.jar
7f6708094000-7f6708096000 r--s 00008000 08:01 530166                     /home/rubinder/.gvm/grails/2.4.4/lib/org.apache.tomcat/tomcat-juli/jars/tomcat-juli-7.0.50.jar
7f6708096000-7f6708098000 r--s 0001d000 08:01 530161                     /home/rubinder/.gvm/grails/2.4.4/lib/org.apache.tomcat/tomcat-jdbc/jars/tomcat-jdbc-7.0.50.jar
7f6708098000-7f67080a2000 r--s 0005e000 08:01 530459                     /home/rubinder/.gvm/grails/2.4.4/lib/org.springframework/spring-jdbc/jars/spring-jdbc-4.0.7.RELEASE.jar
7f67080a2000-7f67080a4000 r--s 0000d000 08:01 657879                     /home/rubinder/.gvm/grails/2.4.4/dist/grails-plugin-datasource-2.4.4.jar
7f67080a4000-7f67080a8000 r--s 00038000 08:01 658026                     /home/rubinder/.gvm/grails/2.4.4/dist/grails-plugin-rest-2.4.4.jar
7f67080a8000-7f67080b2000 r--s 00253000 08:07 139075                     /usr/lib/jvm/java-7-oracle/jre/lib/resources.jar
7f67080b2000-7f67080b3000 r--s 00000000 08:01 658362                     /home/rubinder/.gvm/grails/2.4.4/dist/grails-web-fileupload-2.4.4.jar
7f67080b3000-7f67080b5000 r--s 00001000 08:07 139631                     /usr/lib/jvm/java-7-oracle/jre/lib/ext/dnsns.jar
7f67080b5000-7f67080b8000 ---p 00000000 00:00 0 
7f67080b8000-7f67080ee000 rw-p 00000000 00:00 0                          [stack:15110]
7f67080ee000-7f67080f2000 r--s 0008b000 08:07 139624                     /usr/lib/jvm/java-7-oracle/jre/lib/jsse.jar
7f67080f2000-7f67080f4000 r--s 00006000 08:07 265901                     /usr/share/java/jayatana.jar
7f67080f4000-7f67080fb000 r--s 00060000 08:01 530491                     /home/rubinder/.gvm/grails/2.4.4/lib/org.springframework/springloaded/jars/springloaded-1.2.1.RELEASE.jar
7f67080fb000-7f670810b000 r--s 0019c000 08:01 787123                     /home/rubinder/.m2/repository/org/eclipse/jdt/core/compiler/ecj/3.7.2/ecj-3.7.2.jar
7f670810b000-7f670812d000 r--s 0026b000 08:01 787124                     /home/rubinder/.m2/repository/org/apache/tomcat/embed/tomcat-embed-core/7.0.55/tomcat-embed-core-7.0.55.jar
7f670812d000-7f6708132000 r--s 0002f000 08:01 787120                     /home/rubinder/.m2/repository/org/apache/tomcat/embed/tomcat-embed-websocket/7.0.55/tomcat-embed-websocket-7.0.55.jar
7f6708132000-7f6708134000 r--s 00013000 08:01 787114                     /home/rubinder/.m2/repository/org/apache/tomcat/embed/tomcat-embed-logging-log4j/7.0.55/tomcat-embed-logging-log4j-7.0.55.jar
7f6708134000-7f6708137000 r--s 00028000 08:01 787112                     /home/rubinder/.m2/repository/org/apache/tomcat/embed/tomcat-embed-el/7.0.55/tomcat-embed-el-7.0.55.jar
7f6708137000-7f670814c000 r--s 00116000 08:01 530118                     /home/rubinder/.gvm/grails/2.4.4/lib/org.apache.ivy/ivy/jars/ivy-2.3.0.jar
7f670814c000-7f670816a000 r--s 001bd000 08:01 530092                     /home/rubinder/.gvm/grails/2.4.4/lib/org.apache.ant/ant/jars/ant-1.8.4.jar
7f670816a000-7f67081d5000 r--s 00685000 08:01 530215                     /home/rubinder/.gvm/grails/2.4.4/lib/org.codehaus.groovy/groovy-all/jars/groovy-all-2.3.7.jar
7f67081d5000-7f6708240000 r--s 00e21000 08:07 140196                     /usr/lib/jvm/java-7-oracle/lib/tools.jar
7f6708240000-7f6708243000 ---p 00000000 00:00 0 
7f6708243000-7f6708341000 rw-p 00000000 00:00 0                          [stack:15104]
7f6708341000-7f670860a000 r--p 00000000 08:07 2755905                    /usr/lib/locale/locale-archive
7f670860a000-7f670860d000 ---p 00000000 00:00 0 
7f670860d000-7f670870b000 rw-p 00000000 00:00 0                          [stack:15103]
7f670870b000-7f670870e000 ---p 00000000 00:00 0 
7f670870e000-7f670880c000 rw-p 00000000 00:00 0                          [stack:15102]
7f670880c000-7f670880d000 ---p 00000000 00:00 0 
7f670880d000-7f6709867000 rw-p 00000000 00:00 0                          [stack:15101]
7f6709867000-7f6709a27000 r--s 039fb000 08:07 139680                     /usr/lib/jvm/java-7-oracle/jre/lib/rt.jar
7f6709a27000-7f670bc9d000 rw-p 00000000 00:00 0 
7f670bc9d000-7f670bc9e000 ---p 00000000 00:00 0 
7f670bc9e000-7f670bd9e000 rw-p 00000000 00:00 0                          [stack:15100]
7f670bd9e000-7f670bd9f000 ---p 00000000 00:00 0 
7f670bd9f000-7f670be9f000 rw-p 00000000 00:00 0                          [stack:15099]
7f670be9f000-7f670bea0000 ---p 00000000 00:00 0 
7f670bea0000-7f670bfa0000 rw-p 00000000 00:00 0                          [stack:15098]
7f670bfa0000-7f670bfa1000 ---p 00000000 00:00 0 
7f670bfa1000-7f670c0e7000 rw-p 00000000 00:00 0                          [stack:15097]
7f670c0e7000-7f670c1a1000 rw-p 00000000 00:00 0 
7f670c1a1000-7f670c1d4000 rw-p 00000000 00:00 0 
7f670c1d4000-7f670c221000 rw-p 00000000 00:00 0 
7f670c221000-7f670c267000 rw-p 00000000 00:00 0 
7f670c267000-7f670c321000 rw-p 00000000 00:00 0 
7f670c321000-7f670c3a1000 rw-p 00000000 00:00 0 
7f670c3a1000-7f670c3a2000 rw-p 00000000 00:00 0 
7f670c3a2000-7f670ca12000 rwxp 00000000 00:00 0 
7f670ca12000-7f670f3a2000 rw-p 00000000 00:00 0 
7f670f3a2000-7f670f3b9000 r-xp 00000000 08:07 139027                     /usr/lib/jvm/java-7-oracle/jre/lib/amd64/libzip.so
7f670f3b9000-7f670f5b9000 ---p 00017000 08:07 139027                     /usr/lib/jvm/java-7-oracle/jre/lib/amd64/libzip.so
7f670f5b9000-7f670f5ba000 rw-p 00017000 08:07 139027                     /usr/lib/jvm/java-7-oracle/jre/lib/amd64/libzip.so
7f670f5ba000-7f670f5c6000 r-xp 00000000 08:07 135339                     /lib/x86_64-linux-gnu/libnss_files-2.21.so
7f670f5c6000-7f670f7c5000 ---p 0000c000 08:07 135339                     /lib/x86_64-linux-gnu/libnss_files-2.21.so
7f670f7c5000-7f670f7c6000 r--p 0000b000 08:07 135339                     /lib/x86_64-linux-gnu/libnss_files-2.21.so
7f670f7c6000-7f670f7c7000 rw-p 0000c000 08:07 135339                     /lib/x86_64-linux-gnu/libnss_files-2.21.so
7f670f7c7000-7f670f7d2000 r-xp 00000000 08:07 135312                     /lib/x86_64-linux-gnu/libnss_nis-2.21.so
7f670f7d2000-7f670f9d1000 ---p 0000b000 08:07 135312                     /lib/x86_64-linux-gnu/libnss_nis-2.21.so
7f670f9d1000-7f670f9d2000 r--p 0000a000 08:07 135312                     /lib/x86_64-linux-gnu/libnss_nis-2.21.so
7f670f9d2000-7f670f9d3000 rw-p 0000b000 08:07 135312                     /lib/x86_64-linux-gnu/libnss_nis-2.21.so
7f670f9d3000-7f670f9ea000 r-xp 00000000 08:07 135347                     /lib/x86_64-linux-gnu/libnsl-2.21.so
7f670f9ea000-7f670fbe9000 ---p 00017000 08:07 135347                     /lib/x86_64-linux-gnu/libnsl-2.21.so
7f670fbe9000-7f670fbea000 r--p 00016000 08:07 135347                     /lib/x86_64-linux-gnu/libnsl-2.21.so
7f670fbea000-7f670fbeb000 rw-p 00017000 08:07 135347                     /lib/x86_64-linux-gnu/libnsl-2.21.so
7f670fbeb000-7f670fbed000 rw-p 00000000 00:00 0 
7f670fbed000-7f670fbf5000 r-xp 00000000 08:07 135341                     /lib/x86_64-linux-gnu/libnss_compat-2.21.so
7f670fbf5000-7f670fdf4000 ---p 00008000 08:07 135341                     /lib/x86_64-linux-gnu/libnss_compat-2.21.so
7f670fdf4000-7f670fdf5000 r--p 00007000 08:07 135341                     /lib/x86_64-linux-gnu/libnss_compat-2.21.so
7f670fdf5000-7f670fdf6000 rw-p 00008000 08:07 135341                     /lib/x86_64-linux-gnu/libnss_compat-2.21.so
7f670fdf6000-7f670fe00000 r-xp 00000000 08:07 139040                     /usr/lib/jvm/java-7-oracle/jre/lib/amd64/libinstrument.so
7f670fe00000-7f670ffff000 ---p 0000a000 08:07 139040                     /usr/lib/jvm/java-7-oracle/jre/lib/amd64/libinstrument.so
7f670ffff000-7f6710000000 rw-p 00009000 08:07 139040                     /usr/lib/jvm/java-7-oracle/jre/lib/amd64/libinstrument.so
7f6710000000-7f6710e77000 rw-p 00000000 00:00 0 
7f6710e77000-7f6714000000 ---p 00000000 00:00 0 
7f6714000000-7f6714001000 r--s 00000000 08:07 265899                     /usr/share/java/jayatanaag.jar
7f6714001000-7f671400a000 r--s 0009f000 08:01 787110                     /home/rubinder/.m2/repository/org/apache/tomcat/embed/tomcat-embed-jasper/7.0.55/tomcat-embed-jasper-7.0.55.jar
7f671400a000-7f671400c000 r--s 0000c000 08:01 787108                     /home/rubinder/.m2/repository/org/apache/tomcat/tomcat-catalina-ant/7.0.55/tomcat-catalina-ant-7.0.55.jar
7f671400c000-7f671400e000 r--s 0001a000 08:01 530313                     /home/rubinder/.gvm/grails/2.4.4/lib/org.fusesource.jansi/jansi/jars/jansi-1.11.jar
7f671400e000-7f6714011000 r--s 00018000 08:01 530095                     /home/rubinder/.gvm/grails/2.4.4/lib/org.apache.ant/ant-junit/jars/ant-junit-1.8.4.jar
7f6714011000-7f6714015000 r--s 00031000 08:01 530065                     /home/rubinder/.gvm/grails/2.4.4/lib/jline/jline/jars/jline-2.12.jar
7f6714015000-7f6714023000 r--s 000db000 08:01 657648                     /home/rubinder/.gvm/grails/2.4.4/dist/grails-bootstrap-2.4.4.jar
7f6714023000-7f67140b1000 rw-p 00000000 00:00 0 
7f67140b1000-7f67140fe000 rw-p 00000000 00:00 0 
7f67140fe000-7f6714127000 r-xp 00000000 08:07 138993                     /usr/lib/jvm/java-7-oracle/jre/lib/amd64/libjava.so
7f6714127000-7f6714327000 ---p 00029000 08:07 138993                     /usr/lib/jvm/java-7-oracle/jre/lib/amd64/libjava.so
7f6714327000-7f6714329000 rw-p 00029000 08:07 138993                     /usr/lib/jvm/java-7-oracle/jre/lib/amd64/libjava.so
7f6714329000-7f6714336000 r-xp 00000000 08:07 139020                     /usr/lib/jvm/java-7-oracle/jre/lib/amd64/libverify.so
7f6714336000-7f6714535000 ---p 0000d000 08:07 139020                     /usr/lib/jvm/java-7-oracle/jre/lib/amd64/libverify.so
7f6714535000-7f6714537000 rw-p 0000c000 08:07 139020                     /usr/lib/jvm/java-7-oracle/jre/lib/amd64/libverify.so
7f6714537000-7f671453e000 r-xp 00000000 08:07 135348                     /lib/x86_64-linux-gnu/librt-2.21.so
7f671453e000-7f671473d000 ---p 00007000 08:07 135348                     /lib/x86_64-linux-gnu/librt-2.21.so
7f671473d000-7f671473e000 r--p 00006000 08:07 135348                     /lib/x86_64-linux-gnu/librt-2.21.so
7f671473e000-7f671473f000 rw-p 00007000 08:07 135348                     /lib/x86_64-linux-gnu/librt-2.21.so
7f671473f000-7f6714846000 r-xp 00000000 08:07 135345                     /lib/x86_64-linux-gnu/libm-2.21.so
7f6714846000-7f6714a45000 ---p 00107000 08:07 135345                     /lib/x86_64-linux-gnu/libm-2.21.so
7f6714a45000-7f6714a46000 r--p 00106000 08:07 135345                     /lib/x86_64-linux-gnu/libm-2.21.so
7f6714a46000-7f6714a47000 rw-p 00107000 08:07 135345                     /lib/x86_64-linux-gnu/libm-2.21.so
7f6714a47000-7f67155bd000 r-xp 00000000 08:07 139047                     /usr/lib/jvm/java-7-oracle/jre/lib/amd64/server/libjvm.so
7f67155bd000-7f67157bc000 ---p 00b76000 08:07 139047                     /usr/lib/jvm/java-7-oracle/jre/lib/amd64/server/libjvm.so
7f67157bc000-7f6715880000 rw-p 00b75000 08:07 139047                     /usr/lib/jvm/java-7-oracle/jre/lib/amd64/server/libjvm.so
7f6715880000-7f67158c1000 rw-p 00000000 00:00 0 
7f67158c1000-7f6715a81000 r-xp 00000000 08:07 135352                     /lib/x86_64-linux-gnu/libc-2.21.so
7f6715a81000-7f6715c81000 ---p 001c0000 08:07 135352                     /lib/x86_64-linux-gnu/libc-2.21.so
7f6715c81000-7f6715c85000 r--p 001c0000 08:07 135352                     /lib/x86_64-linux-gnu/libc-2.21.so
7f6715c85000-7f6715c87000 rw-p 001c4000 08:07 135352                     /lib/x86_64-linux-gnu/libc-2.21.so
7f6715c87000-7f6715c8b000 rw-p 00000000 00:00 0 
7f6715c8b000-7f6715c8e000 r-xp 00000000 08:07 135318                     /lib/x86_64-linux-gnu/libdl-2.21.so
7f6715c8e000-7f6715e8d000 ---p 00003000 08:07 135318                     /lib/x86_64-linux-gnu/libdl-2.21.so
7f6715e8d000-7f6715e8e000 r--p 00002000 08:07 135318                     /lib/x86_64-linux-gnu/libdl-2.21.so
7f6715e8e000-7f6715e8f000 rw-p 00003000 08:07 135318                     /lib/x86_64-linux-gnu/libdl-2.21.so
7f6715e8f000-7f6715ea4000 r-xp 00000000 08:07 139728                     /usr/lib/jvm/java-7-oracle/lib/amd64/jli/libjli.so
7f6715ea4000-7f67160a3000 ---p 00015000 08:07 139728                     /usr/lib/jvm/java-7-oracle/lib/amd64/jli/libjli.so
7f67160a3000-7f67160a4000 rw-p 00014000 08:07 139728                     /usr/lib/jvm/java-7-oracle/lib/amd64/jli/libjli.so
7f67160a4000-7f67160bc000 r-xp 00000000 08:07 135332                     /lib/x86_64-linux-gnu/libpthread-2.21.so
7f67160bc000-7f67162bc000 ---p 00018000 08:07 135332                     /lib/x86_64-linux-gnu/libpthread-2.21.so
7f67162bc000-7f67162bd000 r--p 00018000 08:07 135332                     /lib/x86_64-linux-gnu/libpthread-2.21.so
7f67162bd000-7f67162be000 rw-p 00019000 08:07 135332                     /lib/x86_64-linux-gnu/libpthread-2.21.so
7f67162be000-7f67162c2000 rw-p 00000000 00:00 0 
7f67162c2000-7f67162e6000 r-xp 00000000 08:07 135325                     /lib/x86_64-linux-gnu/ld-2.21.so
7f67162e6000-7f67162e7000 r--s 00013000 08:01 918237                     /home/rubinder/Workspace/linksharing/target/work/plugins/tomcat-7.0.55/grails-plugin-tomcat-7.0.55.jar
7f67162e7000-7f67162e8000 r--s 00001000 08:01 530101                     /home/rubinder/.gvm/grails/2.4.4/lib/org.apache.ant/ant-trax/jars/ant-trax-1.7.1.jar
7f67162e8000-7f67162e9000 r--s 00004000 08:01 530098                     /home/rubinder/.gvm/grails/2.4.4/lib/org.apache.ant/ant-launcher/jars/ant-launcher-1.8.4.jar
7f67162e9000-7f67162eb000 r--s 00005000 08:01 530374                     /home/rubinder/.gvm/grails/2.4.4/lib/org.slf4j/slf4j-api/jars/slf4j-api-1.7.5.jar
7f67162eb000-7f67162f4000 r--s 0006f000 08:01 530080                     /home/rubinder/.gvm/grails/2.4.4/lib/log4j/log4j/jars/log4j-1.2.17.jar
7f67162f4000-7f6716322000 rw-p 00000000 00:00 0 
7f6716322000-7f67163c8000 rw-p 00000000 00:00 0 
7f67163c8000-7f67163cb000 ---p 00000000 00:00 0 
7f67163cb000-7f67164cd000 rw-p 00000000 00:00 0                          [stack:15096]
7f67164cd000-7f67164d0000 r--s 0000d000 08:01 657984                     /home/rubinder/.gvm/grails/2.4.4/dist/grails-plugin-log4j-2.4.4.jar
7f67164d0000-7f67164d2000 r--s 00013000 08:01 530172                     /home/rubinder/.gvm/grails/2.4.4/lib/org.apache.tomcat.embed/tomcat-embed-logging-log4j/jars/tomcat-embed-logging-log4j-7.0.50.jar
7f67164d2000-7f67164d7000 r--s 00050000 08:01 530200                     /home/rubinder/.gvm/grails/2.4.4/lib/org.codehaus.gant/gant_groovy1.8/jars/gant_groovy1.8-1.9.6.jar
7f67164d7000-7f67164d9000 r--s 00003000 08:01 530362                     /home/rubinder/.gvm/grails/2.4.4/lib/org.slf4j/jcl-over-slf4j/jars/jcl-over-slf4j-1.7.5.jar
7f67164d9000-7f67164e1000 rw-s 00000000 08:07 789731                     /tmp/hsperfdata_rubinder/15093
7f67164e1000-7f67164e2000 rw-p 00000000 00:00 0 
7f67164e2000-7f67164e3000 ---p 00000000 00:00 0 
7f67164e3000-7f67164e5000 rw-p 00000000 00:00 0 
7f67164e5000-7f67164e6000 r--p 00023000 08:07 135325                     /lib/x86_64-linux-gnu/ld-2.21.so
7f67164e6000-7f67164e7000 rw-p 00024000 08:07 135325                     /lib/x86_64-linux-gnu/ld-2.21.so
7f67164e7000-7f67164e8000 rw-p 00000000 00:00 0 
7ffe06485000-7ffe064a7000 rw-p 00000000 00:00 0                          [stack]
7ffe06561000-7ffe06563000 r--p 00000000 00:00 0                          [vvar]
7ffe06563000-7ffe06565000 r-xp 00000000 00:00 0                          [vdso]
ffffffffff600000-ffffffffff601000 r-xp 00000000 00:00 0                  [vsyscall]

VM Arguments:
jvm_args: -javaagent:/usr/share/java/jayatanaag.jar -Dfile.encoding=UTF-8 -Xmx768M -Xms64M -XX:MaxPermSize=256m -Dgrails.fork.parent.process.port=36113 -Dgrails.fork.active=true -Dgrails.build.execution.context=/tmp/linksharing7207050069503314894grails-execution-context -Dgrails.home=/home/rubinder/.gvm/grails/2.4.4 -javaagent:/home/rubinder/.gvm/grails/2.4.4/lib/org.springframework/springloaded/jars/springloaded-1.2.1.RELEASE.jar -Xverify:none -Dspringloaded.synchronize=true -Djdk.reflect.allowGetCallerClass=true -Dspringloaded=profile=grails;cacheDir=/home/rubinder/.grails/2.4.4 
java_command: org.grails.plugins.tomcat.fork.ForkedTomcatServer
Launcher Type: SUN_STANDARD

Environment Variables:
JAVA_HOME=/usr/lib/jvm/java-7-oracle
JAVA_TOOL_OPTIONS=-javaagent:/usr/share/java/jayatanaag.jar 
PATH=/home/rubinder/.gvm/springboot/current/bin:/home/rubinder/.gvm/lazybones/current/bin:/home/rubinder/.gvm/jbossforge/current/bin:/home/rubinder/.gvm/jbake/current/bin:/home/rubinder/.gvm/groovyserv/current/bin:/home/rubinder/.gvm/groovy/current/bin:/home/rubinder/.gvm/griffon/current/bin:/home/rubinder/.gvm/grails/current/bin:/home/rubinder/.gvm/gradle/current/bin:/home/rubinder/.gvm/glide/current/bin:/home/rubinder/.gvm/gaiden/current/bin:/home/rubinder/.gvm/crash/current/bin:/home/rubinder/.gvm/asciidoctorj/current/bin:/usr/local/sbin:/usr/local/bin:/usr/sbin:/usr/bin:/sbin:/bin:/usr/games:/usr/local/games:/usr/lib/jvm/java-7-oracle/bin:/usr/lib/jvm/java-7-oracle/db/bin:/usr/lib/jvm/java-7-oracle/jre/bin:/opt/idea/bin
SHELL=/bin/bash
DISPLAY=:0

Signal Handlers:
SIGSEGV: [libjvm.so+0x9a3b20], sa_mask[0]=0x7ffbfeff, sa_flags=0x10000004
SIGBUS: [libjvm.so+0x9a3b20], sa_mask[0]=0x7ffbfeff, sa_flags=0x10000004
SIGFPE: [libjvm.so+0x81e740], sa_mask[0]=0x7ffbfeff, sa_flags=0x10000004
SIGPIPE: [libjvm.so+0x81e740], sa_mask[0]=0x7ffbfeff, sa_flags=0x10000004
SIGXFSZ: [libjvm.so+0x81e740], sa_mask[0]=0x7ffbfeff, sa_flags=0x10000004
SIGILL: [libjvm.so+0x81e740], sa_mask[0]=0x7ffbfeff, sa_flags=0x10000004
SIGUSR1: SIG_DFL, sa_mask[0]=0x00000000, sa_flags=0x00000000
SIGUSR2: [libjvm.so+0x81ffb0], sa_mask[0]=0x00000004, sa_flags=0x10000004
SIGHUP: [libjvm.so+0x8210d0], sa_mask[0]=0x7ffbfeff, sa_flags=0x10000004
SIGINT: [libjvm.so+0x8210d0], sa_mask[0]=0x7ffbfeff, sa_flags=0x10000004
SIGTERM: [libjvm.so+0x8210d0], sa_mask[0]=0x7ffbfeff, sa_flags=0x10000004
SIGQUIT: [libjvm.so+0x8210d0], sa_mask[0]=0x7ffbfeff, sa_flags=0x10000004


---------------  S Y S T E M  ---------------

OS:jessie/sid

uname:Linux 3.19.0-22-generic #22-Ubuntu SMP Tue Jun 16 17:15:15 UTC 2015 x86_64
libc:glibc 2.21 NPTL 2.21 
rlimit: STACK 8192k, CORE 0k, NPROC 31559, NOFILE 65536, AS infinity
load average:1.55 1.03 0.81

/proc/meminfo:
MemTotal:        8101404 kB
MemFree:         1426236 kB
MemAvailable:    2870336 kB
Buffers:          205492 kB
Cached:          1871792 kB
SwapCached:           40 kB
Active:          5319980 kB
Inactive:        1145136 kB
Active(anon):    4370572 kB
Inactive(anon):   506932 kB
Active(file):     949408 kB
Inactive(file):   638204 kB
Unevictable:          32 kB
Mlocked:              32 kB
SwapTotal:      16600060 kB
SwapFree:       16599332 kB
Dirty:             16128 kB
Writeback:             0 kB
AnonPages:       4387824 kB
Mapped:           595452 kB
Shmem:            489680 kB
Slab:              91612 kB
SReclaimable:      50864 kB
SUnreclaim:        40748 kB
KernelStack:       12352 kB
PageTables:        48612 kB
NFS_Unstable:          0 kB
Bounce:                0 kB
WritebackTmp:          0 kB
CommitLimit:    20650760 kB
Committed_AS:   11138888 kB
VmallocTotal:   34359738367 kB
VmallocUsed:      557140 kB
VmallocChunk:   34359084512 kB
HardwareCorrupted:     0 kB
AnonHugePages:   3051520 kB
CmaTotal:              0 kB
CmaFree:               0 kB
HugePages_Total:       0
HugePages_Free:        0
HugePages_Rsvd:        0
HugePages_Surp:        0
Hugepagesize:       2048 kB
DirectMap4k:      175872 kB
DirectMap2M:     4993024 kB
DirectMap1G:     4194304 kB


CPU:total 4 (2 cores per cpu, 2 threads per core) family 6 model 69 stepping 1, cmov, cx8, fxsr, mmx, sse, sse2, sse3, ssse3, sse4.1, sse4.2, popcnt, avx, avx2, aes, erms, ht, tsc, tscinvbit

/proc/cpuinfo:
processor	: 0
vendor_id	: GenuineIntel
cpu family	: 6
model		: 69
model name	: Intel(R) Core(TM) i7-4510U CPU @ 2.00GHz
stepping	: 1
microcode	: 0x1c
cpu MHz		: 2745.539
cache size	: 4096 KB
physical id	: 0
siblings	: 4
core id		: 0
cpu cores	: 2
apicid		: 0
initial apicid	: 0
fpu		: yes
fpu_exception	: yes
cpuid level	: 13
wp		: yes
flags		: fpu vme de pse tsc msr pae mce cx8 apic sep mtrr pge mca cmov pat pse36 clflush dts acpi mmx fxsr sse sse2 ss ht tm pbe syscall nx pdpe1gb rdtscp lm constant_tsc arch_perfmon pebs bts rep_good nopl xtopology nonstop_tsc aperfmperf eagerfpu pni pclmulqdq dtes64 monitor ds_cpl vmx est tm2 ssse3 fma cx16 xtpr pdcm pcid sse4_1 sse4_2 movbe popcnt tsc_deadline_timer aes xsave avx f16c rdrand lahf_lm abm ida arat epb pln pts dtherm tpr_shadow vnmi flexpriority ept vpid fsgsbase tsc_adjust bmi1 avx2 smep bmi2 erms invpcid xsaveopt
bugs		:
bogomips	: 5187.63
clflush size	: 64
cache_alignment	: 64
address sizes	: 39 bits physical, 48 bits virtual
power management:

processor	: 1
vendor_id	: GenuineIntel
cpu family	: 6
model		: 69
model name	: Intel(R) Core(TM) i7-4510U CPU @ 2.00GHz
stepping	: 1
microcode	: 0x1c
cpu MHz		: 2012.562
cache size	: 4096 KB
physical id	: 0
siblings	: 4
core id		: 0
cpu cores	: 2
apicid		: 1
initial apicid	: 1
fpu		: yes
fpu_exception	: yes
cpuid level	: 13
wp		: yes
flags		: fpu vme de pse tsc msr pae mce cx8 apic sep mtrr pge mca cmov pat pse36 clflush dts acpi mmx fxsr sse sse2 ss ht tm pbe syscall nx pdpe1gb rdtscp lm constant_tsc arch_perfmon pebs bts rep_good nopl xtopology nonstop_tsc aperfmperf eagerfpu pni pclmulqdq dtes64 monitor ds_cpl vmx est tm2 ssse3 fma cx16 xtpr pdcm pcid sse4_1 sse4_2 movbe popcnt tsc_deadline_timer aes xsave avx f16c rdrand lahf_lm abm ida arat epb pln pts dtherm tpr_shadow vnmi flexpriority ept vpid fsgsbase tsc_adjust bmi1 avx2 smep bmi2 erms invpcid xsaveopt
bugs		:
bogomips	: 5187.63
clflush size	: 64
cache_alignment	: 64
address sizes	: 39 bits physical, 48 bits virtual
power management:

processor	: 2
vendor_id	: GenuineIntel
cpu family	: 6
model		: 69
model name	: Intel(R) Core(TM) i7-4510U CPU @ 2.00GHz
stepping	: 1
microcode	: 0x1c
cpu MHz		: 2624.578
cache size	: 4096 KB
physical id	: 0
siblings	: 4
core id		: 1
cpu cores	: 2
apicid		: 2
initial apicid	: 2
fpu		: yes
fpu_exception	: yes
cpuid level	: 13
wp		: yes
flags		: fpu vme de pse tsc msr pae mce cx8 apic sep mtrr pge mca cmov pat pse36 clflush dts acpi mmx fxsr sse sse2 ss ht tm pbe syscall nx pdpe1gb rdtscp lm constant_tsc arch_perfmon pebs bts rep_good nopl xtopology nonstop_tsc aperfmperf eagerfpu pni pclmulqdq dtes64 monitor ds_cpl vmx est tm2 ssse3 fma cx16 xtpr pdcm pcid sse4_1 sse4_2 movbe popcnt tsc_deadline_timer aes xsave avx f16c rdrand lahf_lm abm ida arat epb pln pts dtherm tpr_shadow vnmi flexpriority ept vpid fsgsbase tsc_adjust bmi1 avx2 smep bmi2 erms invpcid xsaveopt
bugs		:
bogomips	: 5187.63
clflush size	: 64
cache_alignment	: 64
address sizes	: 39 bits physical, 48 bits virtual
power management:

processor	: 3
vendor_id	: GenuineIntel
cpu family	: 6
model		: 69
model name	: Intel(R) Core(TM) i7-4510U CPU @ 2.00GHz
stepping	: 1
microcode	: 0x1c
cpu MHz		: 1850.671
cache size	: 4096 KB
physical id	: 0
siblings	: 4
core id		: 1
cpu cores	: 2
apicid		: 3
initial apicid	: 3
fpu		: yes
fpu_exception	: yes
cpuid level	: 13
wp		: yes
flags		: fpu vme de pse tsc msr pae mce cx8 apic sep mtrr pge mca cmov pat pse36 clflush dts acpi mmx fxsr sse sse2 ss ht tm pbe syscall nx pdpe1gb rdtscp lm constant_tsc arch_perfmon pebs bts rep_good nopl xtopology nonstop_tsc aperfmperf eagerfpu pni pclmulqdq dtes64 monitor ds_cpl vmx est tm2 ssse3 fma cx16 xtpr pdcm pcid sse4_1 sse4_2 movbe popcnt tsc_deadline_timer aes xsave avx f16c rdrand lahf_lm abm ida arat epb pln pts dtherm tpr_shadow vnmi flexpriority ept vpid fsgsbase tsc_adjust bmi1 avx2 smep bmi2 erms invpcid xsaveopt
bugs		:
bogomips	: 5187.63
clflush size	: 64
cache_alignment	: 64
address sizes	: 39 bits physical, 48 bits virtual
power management:



Memory: 4k page, physical 8101404k(1426236k free), swap 16600060k(16599332k free)

vm_info: Java HotSpot(TM) 64-Bit Server VM (24.80-b11) for linux-amd64 JRE (1.7.0_80-b15), built on Apr 10 2015 19:53:14 by "java_re" with gcc 4.3.0 20080428 (Red Hat 4.3.0-8)

time: Thu Jul 23 16:53:33 2015
elapsed time: 19 seconds

