#
# A fatal error has been detected by the Java Runtime Environment:
#
#  SIGSEGV (0xb) at pc=0x00007f96fe131d72, pid=16174, tid=140286254372608
#
# JRE version: Java(TM) SE Runtime Environment (7.0_80-b15) (build 1.7.0_80-b15)
# Java VM: Java HotSpot(TM) 64-Bit Server VM (24.80-b11 mixed mode linux-amd64 compressed oops)
# Problematic frame:
# V  [libjvm.so+0x5abd72]  PhaseIFG::remove_node(unsigned int)+0x122
#
# Failed to write core dump. Core dumps have been disabled. To enable core dumping, try "ulimit -c unlimited" before starting Java again
#
# If you would like to submit a bug report, please visit:
#   http://bugreport.java.com/bugreport/crash.jsp
#

---------------  T H R E A D  ---------------

Current thread (0x00007f96f82c2800):  JavaThread "C2 CompilerThread1" daemon [_thread_in_native, id=16188, stack(0x00007f96f04bd000,0x00007f96f05be000)]

siginfo:si_signo=SIGSEGV: si_errno=0, si_code=128 (), si_addr=0x0000000000000000

Registers:
RAX=0x00047f96c865d9c8, RBX=0x0000000000000000, RCX=0x00000000000000b8, RDX=0x0000000000000000
RSP=0x00007f96f05b9490, RBP=0x00007f96f05b9530, RSI=0x00007f96c95290d0, RDI=0x0000000000000d3f
R8 =0x00000000ffffc000, R9 =0x0000000000000000, R10=0x0000000000000000, R11=0x0000000000000000
R12=0x00007f96c96d1c00, R13=0x0000000004000000, R14=0x00007f96f05b9740, R15=0x00000000fbffffff
RIP=0x00007f96fe131d72, EFLAGS=0x0000000000010202, CSGSFS=0x0000000000000033, ERR=0x0000000000000000
  TRAPNO=0x000000000000000d

Top of Stack: (sp=0x00007f96f05b9490)
0x00007f96f05b9490:   00007f96f05b94c0 00000000000e7040
0x00007f96f05b94a0:   00007f96000000b8 00007f9600000008
0x00007f96f05b94b0:   0000000000001e0f 00000000000000b8
0x00007f96f05b94c0:   00000d4400000000 00007f9600000002
0x00007f96f05b94d0:   00007f96c8e6e4c0 00007f960000000e
0x00007f96f05b94e0:   00007f96c8534f88 00007f9600000029
0x00007f96f05b94f0:   00007f96c958b9b0 00007f96c9623ad0
0x00007f96f05b9500:   00007f96c963ad70 00007f96f05b9540
0x00007f96f05b9510:   00007f96f05bae20 0000000000000000
0x00007f96f05b9520:   00007f96fe9c9080 00007f96f05b9620
0x00007f96f05b9530:   00007f96f05b95e0 00007f96fdf4f937
0x00007f96f05b9540:   0000172f00000000 00007f9600000008
0x00007f96f05b9550:   00007f96c43d37a0 00007f9600000001
0x00007f96f05b9560:   00007f96c85354a8 00007f9600000001
0x00007f96f05b9570:   00007f96c958bc30 00007f96c4599ec8
0x00007f96f05b9580:   00007f96f05b95c0 00007f96fdfa2421
0x00007f96f05b9590:   00007f96c43023d8 000000000000066d
0x00007f96f05b95a0:   00007f96f05b9620 00000010000000a0
0x00007f96f05b95b0:   0000001400000016 00007f96c97441c0
0x00007f96f05b95c0:   00000000000028b2 00007f96c97441c0
0x00007f96f05b95d0:   00000000000028b3 0000000000000000
0x00007f96f05b95e0:   00007f96f05b9840 00007f96fdf52174
0x00007f96f05b95f0:   00007f96f05b96e0 00007f96f05b97b0
0x00007f96f05b9600:   00007f96f05b9740 00007f96f05b97e0
0x00007f96f05b9610:   00007f96f05bae20 000000080000066d
0x00007f96f05b9620:   00007f96fe973cb0 000000000000000c
0x00007f96f05b9630:   00007f96f05bbc80 00007f96f05bae20
0x00007f96f05b9640:   0000000000000007 00007f96c87947f0
0x00007f96f05b9650:   00007f96c82ca950 00007f96fea8489c
0x00007f96f05b9660:   0b007f96c4599ed8 000000000000bc50
0x00007f96f05b9670:   00007f96c8a24590 00007f96c8000020
0x00007f96f05b9680:   000000000000bc50 000000000000bc50 

Instructions: (pc=0x00007f96fe131d72)
0x00007f96fe131d52:   90 89 4d 94 01 f0 85 c0 74 78 89 c7 48 8b 4d 88
0x00007f96fe131d62:   48 8d 34 bf 48 c1 e6 05 49 03 76 10 48 8b 46 08
0x00007f96fe131d72:   48 8b 14 08 44 89 f8 8b 0c 9a 21 c8 44 85 e9 89
0x00007f96fe131d82:   04 9a 74 03 83 2e 01 48 8d 04 7f 41 0f b6 4c 24 

Register to memory mapping:

RAX=0x00047f96c865d9c8 is an unknown value
RBX=0x0000000000000000 is an unknown value
RCX=0x00000000000000b8 is an unknown value
RDX=0x0000000000000000 is an unknown value
RSP=0x00007f96f05b9490 is pointing into the stack for thread: 0x00007f96f82c2800
RBP=0x00007f96f05b9530 is pointing into the stack for thread: 0x00007f96f82c2800
RSI=0x00007f96c95290d0 is an unknown value
RDI=0x0000000000000d3f is an unknown value
R8 =0x00000000ffffc000 is an unknown value
R9 =0x0000000000000000 is an unknown value
R10=0x0000000000000000 is an unknown value
R11=0x0000000000000000 is an unknown value
R12=0x00007f96c96d1c00 is an unknown value
R13=0x0000000004000000 is an unknown value
R14=0x00007f96f05b9740 is pointing into the stack for thread: 0x00007f96f82c2800
R15=0x00000000fbffffff is an unknown value


Stack: [0x00007f96f04bd000,0x00007f96f05be000],  sp=0x00007f96f05b9490,  free space=1009k
Native frames: (J=compiled Java code, j=interpreted, Vv=VM code, C=native code)
V  [libjvm.so+0x5abd72]  PhaseIFG::remove_node(unsigned int)+0x122
V  [libjvm.so+0x3c9937]  PhaseChaitin::Simplify()+0x97
V  [libjvm.so+0x3cc174]  PhaseChaitin::Register_Allocate()+0x844
V  [libjvm.so+0x444b9f]  Compile::Code_Gen()+0x36f
V  [libjvm.so+0x447d02]  Compile::Compile(ciEnv*, C2Compiler*, ciMethod*, int, bool, bool)+0x1352
V  [libjvm.so+0x3b2516]  C2Compiler::compile_method(ciEnv*, ciMethod*, int)+0x176
V  [libjvm.so+0x44f6ce]  CompileBroker::invoke_compiler_on_method(CompileTask*)+0x33e
V  [libjvm.so+0x450458]  CompileBroker::compiler_thread_loop()+0x3e8
V  [libjvm.so+0x95bfff]  JavaThread::thread_main_inner()+0xdf
V  [libjvm.so+0x95c105]  JavaThread::run()+0xf5
V  [libjvm.so+0x8238c8]  java_start(Thread*)+0x108


Current CompileTask:
C2:  10828 1039             org.codehaus.groovy.grails.io.support.AntPathMatcher::doMatch (606 bytes)


---------------  P R O C E S S  ---------------

Java Threads: ( => current thread )
  0x00007f9688091800 JavaThread "Thread-8" daemon [_thread_in_native, id=16244, stack(0x00007f96ea4d3000,0x00007f96ea5d4000)]
  0x00007f967c011000 JavaThread "http-bio-8080-exec-3" daemon [_thread_in_native, id=16240, stack(0x00007f96ea5d4000,0x00007f96ea6d5000)]
  0x00007f968c004000 JavaThread "http-bio-8080-exec-2" daemon [_thread_blocked, id=16238, stack(0x00007f96ea6e0000,0x00007f96ea7e1000)]
  0x00007f96f800c800 JavaThread "DestroyJavaVM" [_thread_blocked, id=16176, stack(0x00007f96ff507000,0x00007f96ff608000)]
  0x00007f96f829b000 JavaThread "Thread-6" [_thread_blocked, id=16237, stack(0x00007f96ea7e1000,0x00007f96ea8e2000)]
  0x00007f968c001800 JavaThread "http-bio-8080-exec-1" daemon [_thread_in_native, id=16236, stack(0x00007f96ea8e2000,0x00007f96ea9e3000)]
  0x00007f96f8299800 JavaThread "http-bio-8080-AsyncTimeout" daemon [_thread_blocked, id=16235, stack(0x00007f96ea9e3000,0x00007f96eaae4000)]
  0x00007f96f8298800 JavaThread "http-bio-8080-Acceptor-0" daemon [_thread_in_native, id=16234, stack(0x00007f96eaae4000,0x00007f96eabe5000)]
  0x00007f96f830a000 JavaThread "ContainerBackgroundProcessor[StandardEngine[Tomcat]]" daemon [_thread_blocked, id=16233, stack(0x00007f96eabe5000,0x00007f96eace6000)]
  0x00007f96a8694800 JavaThread "Abandoned connection cleanup thread" daemon [_thread_blocked, id=16231, stack(0x00007f96eace6000,0x00007f96eade7000)]
  0x00007f96a867a000 JavaThread "PoolCleaner[1749480890:1437651837748]" daemon [_thread_blocked, id=16230, stack(0x00007f96eade7000,0x00007f96eaee8000)]
  0x00007f96a8086800 JavaThread "FileSystemWatcher: files=#88 cl=groovy.lang.GroovyClassLoader@6846f5ba" daemon [_thread_blocked, id=16222, stack(0x00007f96eaee8000,0x00007f96eafe9000)]
  0x00007f96a4001800 JavaThread "localhost-startStop-1" daemon [_thread_blocked, id=16221, stack(0x00007f96eafe9000,0x00007f96eb0ea000)]
  0x00007f96f8d36000 JavaThread "Tomcat-startStop-1" daemon [_thread_blocked, id=16220, stack(0x00007f96eb0ea000,0x00007f96eb1eb000)]
  0x00007f96f8d00000 JavaThread "Thread-3" [_thread_in_native, id=16218, stack(0x00007f96eb3f3000,0x00007f96eb4f4000)]
  0x00007f96f8771000 JavaThread "Thread-2" [_thread_blocked, id=16215, stack(0x00007f96eb6d5000,0x00007f96eb7d6000)]
  0x00007f96f8465000 JavaThread "NonBlockingInputStreamThread" daemon [_thread_blocked, id=16203, stack(0x00007f96ebeff000,0x00007f96ec000000)]
  0x00007f96f844f800 JavaThread "process reaper" daemon [_thread_blocked, id=16192, stack(0x00007f96f0282000,0x00007f96f02bb000)]
  0x00007f96f82d6000 JavaThread "Service Thread" daemon [_thread_blocked, id=16189, stack(0x00007f96f03bc000,0x00007f96f04bd000)]
=>0x00007f96f82c2800 JavaThread "C2 CompilerThread1" daemon [_thread_in_native, id=16188, stack(0x00007f96f04bd000,0x00007f96f05be000)]
  0x00007f96f82cb000 JavaThread "C2 CompilerThread0" daemon [_thread_in_native, id=16187, stack(0x00007f96f05be000,0x00007f96f06bf000)]
  0x00007f96f815b000 JavaThread "Signal Dispatcher" daemon [_thread_blocked, id=16186, stack(0x00007f96f13a1000,0x00007f96f14a2000)]
  0x00007f96f813a000 JavaThread "Finalizer" daemon [_thread_blocked, id=16185, stack(0x00007f96f176b000,0x00007f96f186c000)]
  0x00007f96f8138000 JavaThread "Reference Handler" daemon [_thread_blocked, id=16184, stack(0x00007f96f186c000,0x00007f96f196d000)]

Other Threads:
  0x00007f96f8133800 VMThread [stack: 0x00007f96f196d000,0x00007f96f1a6e000] [id=16183]
  0x00007f96f82f0800 WatcherThread [stack: 0x00007f96f02bb000,0x00007f96f03bc000] [id=16190]

VM state:not at safepoint (normal execution)

VM Mutex/Monitor currently owned by a thread: None

Heap
 PSYoungGen      total 237568K, used 57753K [0x00000000f0000000, 0x0000000100000000, 0x0000000100000000)
  eden space 212992K, 15% used [0x00000000f0000000,0x00000000f206ccd8,0x00000000fd000000)
  from space 24576K, 99% used [0x00000000fd000000,0x00000000fe7f9820,0x00000000fe800000)
  to   space 24576K, 0% used [0x00000000fe800000,0x00000000fe800000,0x0000000100000000)
 ParOldGen       total 100352K, used 48078K [0x00000000d0000000, 0x00000000d6200000, 0x00000000f0000000)
  object space 100352K, 47% used [0x00000000d0000000,0x00000000d2ef3878,0x00000000d6200000)
 PSPermGen       total 58880K, used 47167K [0x00000000c0000000, 0x00000000c3980000, 0x00000000d0000000)
  object space 58880K, 80% used [0x00000000c0000000,0x00000000c2e0fe98,0x00000000c3980000)

Card table byte_map: [0x00007f96fc3de000,0x00007f96fc5df000] byte_map_base: 0x00007f96fbdde000

Polling page: 0x00007f96ff621000

Code Cache  [0x00007f96f5000000, 0x00007f96f5500000, 0x00007f96f8000000)
 total_blobs=1576 nmethods=972 adapters=556 free_code_cache=44413Kb largest_free_block=45124416

Compilation events (10 events):
Event: 10.665 Thread 0x00007f96f82cb000 nmethod 1114 0x00007f96f53d1110 code [0x00007f96f53d1240, 0x00007f96f53d1298]
Event: 10.665 Thread 0x00007f96f82cb000 1115             java.lang.String::valueOf (14 bytes)
Event: 10.665 Thread 0x00007f96f82cb000 nmethod 1115 0x00007f96f53d0e50 code [0x00007f96f53d0fa0, 0x00007f96f53d1018]
Event: 10.665 Thread 0x00007f96f82cb000 1116             java.util.StringTokenizer::setMaxDelimCodePoint (156 bytes)
Event: 10.668 Thread 0x00007f96f82cb000 nmethod 1116 0x00007f96f52de310 code [0x00007f96f52de460, 0x00007f96f52de698]
Event: 10.668 Thread 0x00007f96f82cb000 1117             java.util.LinkedHashMap::addEntry (38 bytes)
Event: 10.675 Thread 0x00007f96f82cb000 nmethod 1117 0x00007f96f53d1d50 code [0x00007f96f53d1f00, 0x00007f96f53d2368]
Event: 10.675 Thread 0x00007f96f82cb000 1118             java.util.LinkedHashMap::removeEldestEntry (2 bytes)
Event: 10.675 Thread 0x00007f96f82cb000 nmethod 1118 0x00007f96f52df610 code [0x00007f96f52df740, 0x00007f96f52df798]
Event: 10.675 Thread 0x00007f96f82cb000 1119   !         java.beans.Introspector::getTargetPropertyInfo (589 bytes)

GC Heap History (10 events):
Event: 6.263 GC heap before
{Heap before GC invocations=13 (full 1):
 PSYoungGen      total 251392K, used 251360K [0x00000000f0000000, 0x0000000100000000, 0x0000000100000000)
  eden space 240640K, 100% used [0x00000000f0000000,0x00000000feb00000,0x00000000feb00000)
  from space 10752K, 99% used [0x00000000feb00000,0x00000000ff578118,0x00000000ff580000)
  to   space 10752K, 0% used [0x00000000ff580000,0x00000000ff580000,0x0000000100000000)
 ParOldGen       total 47104K, used 19654K [0x00000000d0000000, 0x00000000d2e00000, 0x00000000f0000000)
  object space 47104K, 41% used [0x00000000d0000000,0x00000000d1331ab0,0x00000000d2e00000)
 PSPermGen       total 35840K, used 35099K [0x00000000c0000000, 0x00000000c2300000, 0x00000000d0000000)
  object space 35840K, 97% used [0x00000000c0000000,0x00000000c2246e78,0x00000000c2300000)
Event: 6.293 GC heap after
Heap after GC invocations=13 (full 1):
 PSYoungGen      total 233984K, used 10725K [0x00000000f0000000, 0x0000000100000000, 0x0000000100000000)
  eden space 223232K, 0% used [0x00000000f0000000,0x00000000f0000000,0x00000000fda00000)
  from space 10752K, 99% used [0x00000000ff580000,0x00000000ffff9758,0x0000000100000000)
  to   space 19456K, 0% used [0x00000000fda00000,0x00000000fda00000,0x00000000fed00000)
 ParOldGen       total 47104K, used 32662K [0x00000000d0000000, 0x00000000d2e00000, 0x00000000f0000000)
  object space 47104K, 69% used [0x00000000d0000000,0x00000000d1fe5848,0x00000000d2e00000)
 PSPermGen       total 35840K, used 35099K [0x00000000c0000000, 0x00000000c2300000, 0x00000000d0000000)
  object space 35840K, 97% used [0x00000000c0000000,0x00000000c2246e78,0x00000000c2300000)
}
Event: 7.298 GC heap before
{Heap before GC invocations=14 (full 1):
 PSYoungGen      total 233984K, used 233957K [0x00000000f0000000, 0x0000000100000000, 0x0000000100000000)
  eden space 223232K, 100% used [0x00000000f0000000,0x00000000fda00000,0x00000000fda00000)
  from space 10752K, 99% used [0x00000000ff580000,0x00000000ffff9758,0x0000000100000000)
  to   space 19456K, 0% used [0x00000000fda00000,0x00000000fda00000,0x00000000fed00000)
 ParOldGen       total 47104K, used 32662K [0x00000000d0000000, 0x00000000d2e00000, 0x00000000f0000000)
  object space 47104K, 69% used [0x00000000d0000000,0x00000000d1fe5848,0x00000000d2e00000)
 PSPermGen       total 37888K, used 37827K [0x00000000c0000000, 0x00000000c2500000, 0x00000000d0000000)
  object space 37888K, 99% used [0x00000000c0000000,0x00000000c24f0c10,0x00000000c2500000)
Event: 7.331 GC heap after
Heap after GC invocations=14 (full 1):
 PSYoungGen      total 242688K, used 19447K [0x00000000f0000000, 0x0000000100000000, 0x0000000100000000)
  eden space 223232K, 0% used [0x00000000f0000000,0x00000000f0000000,0x00000000fda00000)
  from space 19456K, 99% used [0x00000000fda00000,0x00000000fecfdc90,0x00000000fed00000)
  to   space 19456K, 0% used [0x00000000fed00000,0x00000000fed00000,0x0000000100000000)
 ParOldGen       total 47104K, used 37140K [0x00000000d0000000, 0x00000000d2e00000, 0x00000000f0000000)
  object space 47104K, 78% used [0x00000000d0000000,0x00000000d24453e0,0x00000000d2e00000)
 PSPermGen       total 37888K, used 37827K [0x00000000c0000000, 0x00000000c2500000, 0x00000000d0000000)
  object space 37888K, 99% used [0x00000000c0000000,0x00000000c24f0c10,0x00000000c2500000)
}
Event: 7.331 GC heap before
{Heap before GC invocations=15 (full 2):
 PSYoungGen      total 242688K, used 19447K [0x00000000f0000000, 0x0000000100000000, 0x0000000100000000)
  eden space 223232K, 0% used [0x00000000f0000000,0x00000000f0000000,0x00000000fda00000)
  from space 19456K, 99% used [0x00000000fda00000,0x00000000fecfdc90,0x00000000fed00000)
  to   space 19456K, 0% used [0x00000000fed00000,0x00000000fed00000,0x0000000100000000)
 ParOldGen       total 47104K, used 37140K [0x00000000d0000000, 0x00000000d2e00000, 0x00000000f0000000)
  object space 47104K, 78% used [0x00000000d0000000,0x00000000d24453e0,0x00000000d2e00000)
 PSPermGen       total 37888K, used 37827K [0x00000000c0000000, 0x00000000c2500000, 0x00000000d0000000)
  object space 37888K, 99% used [0x00000000c0000000,0x00000000c24f0c10,0x00000000c2500000)
Event: 7.587 GC heap after
Heap after GC invocations=15 (full 2):
 PSYoungGen      total 242688K, used 4076K [0x00000000f0000000, 0x0000000100000000, 0x0000000100000000)
  eden space 223232K, 0% used [0x00000000f0000000,0x00000000f0000000,0x00000000fda00000)
  from space 19456K, 20% used [0x00000000fda00000,0x00000000fddfb120,0x00000000fed00000)
  to   space 19456K, 0% used [0x00000000fed00000,0x00000000fed00000,0x0000000100000000)
 ParOldGen       total 100352K, used 47092K [0x00000000d0000000, 0x00000000d6200000, 0x00000000f0000000)
  object space 100352K, 46% used [0x00000000d0000000,0x00000000d2dfd1a8,0x00000000d6200000)
 PSPermGen       total 58880K, used 37817K [0x00000000c0000000, 0x00000000c3980000, 0x00000000d0000000)
  object space 58880K, 64% used [0x00000000c0000000,0x00000000c24ee790,0x00000000c3980000)
}
Event: 8.547 GC heap before
{Heap before GC invocations=16 (full 2):
 PSYoungGen      total 242688K, used 227308K [0x00000000f0000000, 0x0000000100000000, 0x0000000100000000)
  eden space 223232K, 100% used [0x00000000f0000000,0x00000000fda00000,0x00000000fda00000)
  from space 19456K, 20% used [0x00000000fda00000,0x00000000fddfb120,0x00000000fed00000)
  to   space 19456K, 0% used [0x00000000fed00000,0x00000000fed00000,0x0000000100000000)
 ParOldGen       total 100352K, used 47092K [0x00000000d0000000, 0x00000000d6200000, 0x00000000f0000000)
  object space 100352K, 46% used [0x00000000d0000000,0x00000000d2dfd1a8,0x00000000d6200000)
 PSPermGen       total 58880K, used 40664K [0x00000000c0000000, 0x00000000c3980000, 0x00000000d0000000)
  object space 58880K, 69% used [0x00000000c0000000,0x00000000c27b6038,0x00000000c3980000)
Event: 8.577 GC heap after
Heap after GC invocations=16 (full 2):
 PSYoungGen      total 232448K, used 13482K [0x00000000f0000000, 0x0000000100000000, 0x0000000100000000)
  eden space 212992K, 0% used [0x00000000f0000000,0x00000000f0000000,0x00000000fd000000)
  from space 19456K, 69% used [0x00000000fed00000,0x00000000ffa2abf8,0x0000000100000000)
  to   space 24576K, 0% used [0x00000000fd000000,0x00000000fd000000,0x00000000fe800000)
 ParOldGen       total 100352K, used 47300K [0x00000000d0000000, 0x00000000d6200000, 0x00000000f0000000)
  object space 100352K, 47% used [0x00000000d0000000,0x00000000d2e311a8,0x00000000d6200000)
 PSPermGen       total 58880K, used 40664K [0x00000000c0000000, 0x00000000c3980000, 0x00000000d0000000)
  object space 58880K, 69% used [0x00000000c0000000,0x00000000c27b6038,0x00000000c3980000)
}
Event: 9.709 GC heap before
{Heap before GC invocations=17 (full 2):
 PSYoungGen      total 232448K, used 226474K [0x00000000f0000000, 0x0000000100000000, 0x0000000100000000)
  eden space 212992K, 100% used [0x00000000f0000000,0x00000000fd000000,0x00000000fd000000)
  from space 19456K, 69% used [0x00000000fed00000,0x00000000ffa2abf8,0x0000000100000000)
  to   space 24576K, 0% used [0x00000000fd000000,0x00000000fd000000,0x00000000fe800000)
 ParOldGen       total 100352K, used 47300K [0x00000000d0000000, 0x00000000d6200000, 0x00000000f0000000)
  object space 100352K, 47% used [0x00000000d0000000,0x00000000d2e311a8,0x00000000d6200000)
 PSPermGen       total 58880K, used 45876K [0x00000000c0000000, 0x00000000c3980000, 0x00000000d0000000)
  object space 58880K, 77% used [0x00000000c0000000,0x00000000c2ccd220,0x00000000c3980000)
Event: 9.750 GC heap after
Heap after GC invocations=17 (full 2):
 PSYoungGen      total 237568K, used 24550K [0x00000000f0000000, 0x0000000100000000, 0x0000000100000000)
  eden space 212992K, 0% used [0x00000000f0000000,0x00000000f0000000,0x00000000fd000000)
  from space 24576K, 99% used [0x00000000fd000000,0x00000000fe7f9820,0x00000000fe800000)
  to   space 24576K, 0% used [0x00000000fe800000,0x00000000fe800000,0x0000000100000000)
 ParOldGen       total 100352K, used 48078K [0x00000000d0000000, 0x00000000d6200000, 0x00000000f0000000)
  object space 100352K, 47% used [0x00000000d0000000,0x00000000d2ef3878,0x00000000d6200000)
 PSPermGen       total 58880K, used 45876K [0x00000000c0000000, 0x00000000c3980000, 0x00000000d0000000)
  object space 58880K, 77% used [0x00000000c0000000,0x00000000c2ccd220,0x00000000c3980000)
}

Deoptimization events (10 events):
Event: 9.470 Thread 0x00007f968c001800 Uncommon trap: reason=predicate action=maybe_recompile pc=0x00007f96f53222ec method=java.lang.String.regionMatches(ZILjava/lang/String;II)Z @ 63
Event: 9.552 Thread 0x00007f968c001800 Uncommon trap: reason=unstable_if action=reinterpret pc=0x00007f96f5351b28 method=java.util.concurrent.locks.ReentrantLock$Sync.nonfairTryAcquire(I)Z @ 19
Event: 9.554 Thread 0x00007f968c001800 Uncommon trap: reason=unstable_if action=reinterpret pc=0x00007f96f51ddf50 method=java.util.concurrent.locks.ReentrantLock$Sync.nonfairTryAcquire(I)Z @ 19
Event: 9.555 Thread 0x00007f968c001800 Uncommon trap: reason=unstable_if action=reinterpret pc=0x00007f96f53d7178 method=java.util.concurrent.locks.ReentrantLock$Sync.nonfairTryAcquire(I)Z @ 10
Event: 9.878 Thread 0x00007f96f829b000 Uncommon trap: reason=unstable_if action=reinterpret pc=0x00007f96f520a2e4 method=org.codehaus.groovy.runtime.InvokerHelper.asList(Ljava/lang/Object;)Ljava/util/List; @ 27
Event: 10.074 Thread 0x00007f96f829b000 Uncommon trap: reason=unstable_if action=reinterpret pc=0x00007f96f5305524 method=com.sun.org.apache.xerces.internal.impl.XMLEntityScanner.scanData(Ljava/lang/String;Lcom/sun/org/apache/xerces/internal/util/XMLStringBuffer;)Z @ 60
Event: 10.297 Thread 0x00007f96f829b000 Uncommon trap: reason=unstable_if action=reinterpret pc=0x00007f96f52d2dc4 method=org.codehaus.groovy.runtime.metaclass.MetaMethodIndex.isNonRealMethod(Lgroovy/lang/MetaMethod;)Z @ 4
Event: 10.298 Thread 0x00007f96f829b000 Uncommon trap: reason=null_check action=make_not_entrant pc=0x00007f96f54aebbc method=java.beans.IndexedPropertyDescriptor.setIndexedWriteMethod0(Ljava/lang/reflect/Method;)V @ 42
Event: 10.307 Thread 0x00007f96f829b000 Uncommon trap: reason=bimorphic action=maybe_recompile pc=0x00007f96f5257824 method=java.lang.AbstractStringBuilder.append(Ljava/lang/CharSequence;II)Ljava/lang/AbstractStringBuilder; @ 18
Event: 10.320 Thread 0x00007f96f829b000 Uncommon trap: reason=unstable_if action=reinterpret pc=0x00007f96f5459010 method=groovy.lang.MetaClassImpl.establishStaticMetaProperty(Lgroovy/lang/MetaProperty;)Lgroovy/lang/MetaProperty; @ 165

Internal exceptions (10 events):
Event: 10.379 Thread 0x00007f9688091800 Threw 0x00000000f1d6d5f0 at /HUDSON/workspace/7u-2-build-linux-amd64/jdk7u80/2329/hotspot/src/share/vm/prims/jni.cpp:717
Event: 10.380 Thread 0x00007f9688091800 Threw 0x00000000f1d6d7b0 at /HUDSON/workspace/7u-2-build-linux-amd64/jdk7u80/2329/hotspot/src/share/vm/prims/jni.cpp:717
Event: 10.380 Thread 0x00007f9688091800 Threw 0x00000000f1d6da20 at /HUDSON/workspace/7u-2-build-linux-amd64/jdk7u80/2329/hotspot/src/share/vm/prims/jni.cpp:717
Event: 10.381 Thread 0x00007f9688091800 Threw 0x00000000f1d6dbe0 at /HUDSON/workspace/7u-2-build-linux-amd64/jdk7u80/2329/hotspot/src/share/vm/prims/jni.cpp:717
Event: 10.381 Thread 0x00007f9688091800 Threw 0x00000000f1d6dda0 at /HUDSON/workspace/7u-2-build-linux-amd64/jdk7u80/2329/hotspot/src/share/vm/prims/jni.cpp:717
Event: 10.381 Thread 0x00007f9688091800 Threw 0x00000000f1d6df60 at /HUDSON/workspace/7u-2-build-linux-amd64/jdk7u80/2329/hotspot/src/share/vm/prims/jni.cpp:717
Event: 10.381 Thread 0x00007f9688091800 Threw 0x00000000f1d6e120 at /HUDSON/workspace/7u-2-build-linux-amd64/jdk7u80/2329/hotspot/src/share/vm/prims/jni.cpp:717
Event: 10.382 Thread 0x00007f9688091800 Threw 0x00000000f1d6e2e0 at /HUDSON/workspace/7u-2-build-linux-amd64/jdk7u80/2329/hotspot/src/share/vm/prims/jni.cpp:717
Event: 10.382 Thread 0x00007f9688091800 Threw 0x00000000f1d6e4a0 at /HUDSON/workspace/7u-2-build-linux-amd64/jdk7u80/2329/hotspot/src/share/vm/prims/jni.cpp:717
Event: 10.382 Thread 0x00007f9688091800 Threw 0x00000000f1d6e660 at /HUDSON/workspace/7u-2-build-linux-amd64/jdk7u80/2329/hotspot/src/share/vm/prims/jni.cpp:717

Events (10 events):
Event: 10.356 loading class 0x00007f96880685c0
Event: 10.356 loading class 0x00007f96880685c0 done
Event: 10.368 Thread 0x00007f96f82cb000 flushing nmethod 0x00007f96f51a1910
Event: 10.381 Thread 0x00007f96f82cb000 flushing nmethod 0x00007f96f524e8d0
Event: 10.383 Thread 0x00007f96f82cb000 flushing nmethod 0x00007f96f525e5d0
Event: 10.389 Thread 0x00007f96f82cb000 flushing nmethod 0x00007f96f53269d0
Event: 10.389 Thread 0x00007f96f82cb000 flushing nmethod 0x00007f96f5353710
Event: 10.395 Thread 0x00007f96f82cb000 flushing nmethod 0x00007f96f53d0110
Event: 10.395 Thread 0x00007f96f82cb000 flushing nmethod 0x00007f96f5440e90
Event: 10.412 Thread 0x00007f96f82cb000 flushing nmethod 0x00007f96f545aad0


Dynamic libraries:
00400000-00401000 r-xp 00000000 08:07 140222                             /usr/lib/jvm/java-7-oracle/bin/java
00600000-00601000 rw-p 00000000 08:07 140222                             /usr/lib/jvm/java-7-oracle/bin/java
010be000-010df000 rw-p 00000000 00:00 0                                  [heap]
c0000000-c3980000 rw-p 00000000 00:00 0 
c3980000-d0000000 rw-p 00000000 00:00 0 
d0000000-d6200000 rw-p 00000000 00:00 0 
d6200000-d8700000 ---p 00000000 00:00 0 
d8700000-f0000000 rw-p 00000000 00:00 0 
f0000000-100000000 rw-p 00000000 00:00 0 
7f9674000000-7f9674021000 rw-p 00000000 00:00 0 
7f9674021000-7f9678000000 ---p 00000000 00:00 0 
7f967c000000-7f967c021000 rw-p 00000000 00:00 0 
7f967c021000-7f9680000000 ---p 00000000 00:00 0 
7f9680000000-7f9680021000 rw-p 00000000 00:00 0 
7f9680021000-7f9684000000 ---p 00000000 00:00 0 
7f9684000000-7f96840f4000 rw-p 00000000 00:00 0 
7f96840f4000-7f9688000000 ---p 00000000 00:00 0 
7f9688000000-7f9688109000 rw-p 00000000 00:00 0 
7f9688109000-7f968c000000 ---p 00000000 00:00 0 
7f968c000000-7f968c021000 rw-p 00000000 00:00 0 
7f968c021000-7f9690000000 ---p 00000000 00:00 0 
7f9690000000-7f9690021000 rw-p 00000000 00:00 0 
7f9690021000-7f9694000000 ---p 00000000 00:00 0 
7f9694000000-7f9694021000 rw-p 00000000 00:00 0 
7f9694021000-7f9698000000 ---p 00000000 00:00 0 
7f9698000000-7f9698021000 rw-p 00000000 00:00 0 
7f9698021000-7f969c000000 ---p 00000000 00:00 0 
7f969c000000-7f969c021000 rw-p 00000000 00:00 0 
7f969c021000-7f96a0000000 ---p 00000000 00:00 0 
7f96a0000000-7f96a0021000 rw-p 00000000 00:00 0 
7f96a0021000-7f96a4000000 ---p 00000000 00:00 0 
7f96a4000000-7f96a4021000 rw-p 00000000 00:00 0 
7f96a4021000-7f96a8000000 ---p 00000000 00:00 0 
7f96a8000000-7f96a86fe000 rw-p 00000000 00:00 0 
7f96a86fe000-7f96ac000000 ---p 00000000 00:00 0 
7f96ac000000-7f96ac021000 rw-p 00000000 00:00 0 
7f96ac021000-7f96b0000000 ---p 00000000 00:00 0 
7f96b0000000-7f96b0021000 rw-p 00000000 00:00 0 
7f96b0021000-7f96b4000000 ---p 00000000 00:00 0 
7f96b4000000-7f96b4021000 rw-p 00000000 00:00 0 
7f96b4021000-7f96b8000000 ---p 00000000 00:00 0 
7f96b8000000-7f96b8021000 rw-p 00000000 00:00 0 
7f96b8021000-7f96bc000000 ---p 00000000 00:00 0 
7f96bc000000-7f96bc021000 rw-p 00000000 00:00 0 
7f96bc021000-7f96c0000000 ---p 00000000 00:00 0 
7f96c0000000-7f96c0021000 rw-p 00000000 00:00 0 
7f96c0021000-7f96c4000000 ---p 00000000 00:00 0 
7f96c4000000-7f96c56e6000 rw-p 00000000 00:00 0 
7f96c56e6000-7f96c8000000 ---p 00000000 00:00 0 
7f96c8000000-7f96c998c000 rw-p 00000000 00:00 0 
7f96c998c000-7f96cc000000 ---p 00000000 00:00 0 
7f96cc000000-7f96cc037000 rw-p 00000000 00:00 0 
7f96cc037000-7f96d0000000 ---p 00000000 00:00 0 
7f96d0000000-7f96d0021000 rw-p 00000000 00:00 0 
7f96d0021000-7f96d4000000 ---p 00000000 00:00 0 
7f96d4000000-7f96d4021000 rw-p 00000000 00:00 0 
7f96d4021000-7f96d8000000 ---p 00000000 00:00 0 
7f96d8000000-7f96d8021000 rw-p 00000000 00:00 0 
7f96d8021000-7f96dc000000 ---p 00000000 00:00 0 
7f96dc000000-7f96dc027000 rw-p 00000000 00:00 0 
7f96dc027000-7f96e0000000 ---p 00000000 00:00 0 
7f96e0000000-7f96e0021000 rw-p 00000000 00:00 0 
7f96e0021000-7f96e4000000 ---p 00000000 00:00 0 
7f96e4000000-7f96e4021000 rw-p 00000000 00:00 0 
7f96e4021000-7f96e8000000 ---p 00000000 00:00 0 
7f96ea4d2000-7f96ea4d3000 rw-p 00000000 00:00 0 
7f96ea4d3000-7f96ea4d6000 ---p 00000000 00:00 0 
7f96ea4d6000-7f96ea5d4000 rw-p 00000000 00:00 0                          [stack:16244]
7f96ea5d4000-7f96ea5d7000 ---p 00000000 00:00 0 
7f96ea5d7000-7f96ea6d5000 rw-p 00000000 00:00 0                          [stack:16240]
7f96ea6d5000-7f96ea6e0000 r--s 0037c000 08:07 139701                     /usr/lib/jvm/java-7-oracle/jre/lib/charsets.jar
7f96ea6e0000-7f96ea6e3000 ---p 00000000 00:00 0 
7f96ea6e3000-7f96ea7e1000 rw-p 00000000 00:00 0                          [stack:16238]
7f96ea7e1000-7f96ea7e4000 ---p 00000000 00:00 0 
7f96ea7e4000-7f96ea8e2000 rw-p 00000000 00:00 0                          [stack:16237]
7f96ea8e2000-7f96ea8e5000 ---p 00000000 00:00 0 
7f96ea8e5000-7f96ea9e3000 rw-p 00000000 00:00 0                          [stack:16236]
7f96ea9e3000-7f96ea9e6000 ---p 00000000 00:00 0 
7f96ea9e6000-7f96eaae4000 rw-p 00000000 00:00 0                          [stack:16235]
7f96eaae4000-7f96eaae7000 ---p 00000000 00:00 0 
7f96eaae7000-7f96eabe5000 rw-p 00000000 00:00 0                          [stack:16234]
7f96eabe5000-7f96eabe8000 ---p 00000000 00:00 0 
7f96eabe8000-7f96eace6000 rw-p 00000000 00:00 0                          [stack:16233]
7f96eace6000-7f96eace9000 ---p 00000000 00:00 0 
7f96eace9000-7f96eade7000 rw-p 00000000 00:00 0                          [stack:16231]
7f96eade7000-7f96eadea000 ---p 00000000 00:00 0 
7f96eadea000-7f96eaee8000 rw-p 00000000 00:00 0                          [stack:16230]
7f96eaee8000-7f96eaeeb000 ---p 00000000 00:00 0 
7f96eaeeb000-7f96eafe9000 rw-p 00000000 00:00 0                          [stack:16222]
7f96eafe9000-7f96eafec000 ---p 00000000 00:00 0 
7f96eafec000-7f96eb0ea000 rw-p 00000000 00:00 0                          [stack:16221]
7f96eb0ea000-7f96eb0ed000 ---p 00000000 00:00 0 
7f96eb0ed000-7f96eb1eb000 rw-p 00000000 00:00 0                          [stack:16220]
7f96eb1eb000-7f96eb1f3000 r-xp 00000000 08:07 139006                     /usr/lib/jvm/java-7-oracle/jre/lib/amd64/libmanagement.so
7f96eb1f3000-7f96eb3f2000 ---p 00008000 08:07 139006                     /usr/lib/jvm/java-7-oracle/jre/lib/amd64/libmanagement.so
7f96eb3f2000-7f96eb3f3000 rw-p 00007000 08:07 139006                     /usr/lib/jvm/java-7-oracle/jre/lib/amd64/libmanagement.so
7f96eb3f3000-7f96eb3f6000 ---p 00000000 00:00 0 
7f96eb3f6000-7f96eb4f4000 rw-p 00000000 00:00 0                          [stack:16218]
7f96eb4f4000-7f96eb4f7000 r--s 00012000 08:01 530047                     /home/rubinder/.gvm/grails/2.4.4/lib/javax.servlet/javax.servlet-api/jars/javax.servlet-api-3.0.1.jar
7f96eb4f7000-7f96eb4fc000 r--s 00040000 08:01 658152                     /home/rubinder/.gvm/grails/2.4.4/dist/grails-project-api-2.4.4.jar
7f96eb4fc000-7f96eb50d000 r--s 000d2000 08:01 787589                     /home/rubinder/.m2/repository/org/liquibase/liquibase-core/2.0.5/liquibase-core-2.0.5.jar
7f96eb50d000-7f96eb513000 r--s 0004c000 08:01 530323                     /home/rubinder/.gvm/grails/2.4.4/lib/org.grails/grails-datastore-simple/jars/grails-datastore-simple-3.1.3.RELEASE.jar
7f96eb513000-7f96eb518000 r--s 00048000 08:01 787586                     /home/rubinder/.m2/repository/dom4j/dom4j/1.6.1/dom4j-1.6.1.jar
7f96eb518000-7f96eb519000 r--s 00002000 08:01 787584                     /home/rubinder/.m2/repository/org/jboss/logging/jboss-logging-annotations/1.2.0.Beta1/jboss-logging-annotations-1.2.0.Beta1.jar
7f96eb519000-7f96eb51c000 r--s 00010000 08:01 787583                     /home/rubinder/.m2/repository/org/hibernate/common/hibernate-commons-annotations/4.0.4.Final/hibernate-commons-annotations-4.0.4.Final.jar
7f96eb51c000-7f96eb524000 r--s 00052000 08:01 787580                     /home/rubinder/.m2/repository/org/springframework/spring-orm/4.0.7.RELEASE/spring-orm-4.0.7.RELEASE.jar
7f96eb524000-7f96eb526000 r--s 0000a000 08:01 787578                     /home/rubinder/.m2/repository/org/grails/grails-datastore-gorm-plugin-support/3.1.3.RELEASE/grails-datastore-gorm-plugin-support-3.1.3.RELEASE.jar
7f96eb526000-7f96eb52c000 r--s 00041000 08:01 787577                     /home/rubinder/.m2/repository/org/grails/grails-datastore-gorm-hibernate-core/3.1.3.RELEASE/grails-datastore-gorm-hibernate-core-3.1.3.RELEASE.jar
7f96eb52c000-7f96eb534000 r--s 00062000 08:01 787574                     /home/rubinder/.m2/repository/org/grails/grails-datastore-gorm-hibernate4/3.1.3.RELEASE/grails-datastore-gorm-hibernate4-3.1.3.RELEASE.jar
7f96eb534000-7f96eb53e000 r--s 00080000 08:01 530320                     /home/rubinder/.gvm/grails/2.4.4/lib/org.grails/grails-datastore-gorm/jars/grails-datastore-gorm-3.1.3.RELEASE.jar
7f96eb53e000-7f96eb549000 r--s 00054000 08:01 530317                     /home/rubinder/.gvm/grails/2.4.4/lib/org.grails/grails-datastore-core/jars/grails-datastore-core-3.1.3.RELEASE.jar
7f96eb549000-7f96eb54b000 r--s 0000d000 08:01 787572                     /home/rubinder/.m2/repository/org/jboss/logging/jboss-logging/3.1.0.GA/jboss-logging-3.1.0.GA.jar
7f96eb54b000-7f96eb561000 r--s 000e6000 08:01 787570                     /home/rubinder/.m2/repository/net/sf/ehcache/ehcache-core/2.4.8/ehcache-core-2.4.8.jar
7f96eb561000-7f96eb563000 r--s 00011000 08:01 787569                     /home/rubinder/.m2/repository/org/jboss/jandex/1.1.0.Final/jandex-1.1.0.Final.jar
7f96eb563000-7f96eb568000 r--s 00068000 08:01 787568                     /home/rubinder/.m2/repository/antlr/antlr/2.7.7/antlr-2.7.7.jar
7f96eb568000-7f96eb569000 r--s 00006000 08:01 787564                     /home/rubinder/.m2/repository/org/jboss/spec/javax/transaction/jboss-transaction-api_1.2_spec/1.0.0.Final/jboss-transaction-api_1.2_spec-1.0.0.Final.jar
7f96eb569000-7f96eb5c7000 r--s 004a5000 08:01 787563                     /home/rubinder/.m2/repository/org/hibernate/hibernate-core/4.3.6.Final/hibernate-core-4.3.6.Final.jar
7f96eb5c7000-7f96eb5cb000 r--s 0001e000 08:01 787560                     /home/rubinder/.m2/repository/org/hibernate/hibernate-ehcache/4.3.6.Final/hibernate-ehcache-4.3.6.Final.jar
7f96eb5cb000-7f96eb5cd000 r--s 0000d000 08:01 787559                     /home/rubinder/.m2/repository/com/fasterxml/classmate/1.0.0/classmate-1.0.0.jar
7f96eb5cd000-7f96eb5d1000 r--s 0000c000 08:01 787556                     /home/rubinder/.m2/repository/javax/validation/validation-api/1.1.0.Final/validation-api-1.1.0.Final.jar
7f96eb5d1000-7f96eb5e0000 r--s 0008a000 08:01 787554                     /home/rubinder/.m2/repository/org/hibernate/hibernate-validator/5.1.1.Final/hibernate-validator-5.1.1.Final.jar
7f96eb5e0000-7f96eb5e4000 r--s 00027000 08:01 530001                     /home/rubinder/.gvm/grails/2.4.4/lib/commons-io/commons-io/jars/commons-io-2.2.jar
7f96eb5e4000-7f96eb5f1000 r--s 00109000 08:01 787552                     /home/rubinder/.m2/repository/org/mozilla/rhino/1.7R4/rhino-1.7R4.jar
7f96eb5f1000-7f96eb5fa000 r--s 000a5000 08:01 787550                     /home/rubinder/.m2/repository/org/javassist/javassist/3.17.1-GA/javassist-3.17.1-GA.jar
7f96eb5fa000-7f96eb602000 r--s 000cf000 08:01 919776                     /home/rubinder/.m2/repository/mysql/mysql-connector-java/5.1.29/mysql-connector-java-5.1.29.jar
7f96eb602000-7f96eb604000 r--s 00085000 08:01 658173                     /home/rubinder/.gvm/grails/2.4.4/dist/grails-resources-2.4.4.jar
7f96eb604000-7f96eb611000 r--s 00189000 08:01 529968                     /home/rubinder/.gvm/grails/2.4.4/lib/com.h2database/h2/jars/h2-1.3.176.jar
7f96eb611000-7f96eb613000 r--s 0000e000 08:01 658005                     /home/rubinder/.gvm/grails/2.4.4/dist/grails-plugin-mimetypes-2.4.4.jar
7f96eb613000-7f96eb616000 r--s 00018000 08:01 657900                     /home/rubinder/.gvm/grails/2.4.4/dist/grails-plugin-domain-class-2.4.4.jar
7f96eb616000-7f96eb61a000 r--s 00021000 08:01 657837                     /home/rubinder/.gvm/grails/2.4.4/dist/grails-plugin-converters-2.4.4.jar
7f96eb61a000-7f96eb61b000 r--s 0000e000 08:01 530222                     /home/rubinder/.gvm/grails/2.4.4/lib/org.codehaus.jsr166-mirror/jsr166y/jars/jsr166y-1.7.0.jar
7f96eb61b000-7f96eb637000 r--s 00136000 08:01 530208                     /home/rubinder/.gvm/grails/2.4.4/lib/org.codehaus.gpars/gpars/jars/gpars-1.2.1.jar
7f96eb637000-7f96eb639000 r--s 00011000 08:01 657627                     /home/rubinder/.gvm/grails/2.4.4/dist/grails-async-2.4.4.jar
7f96eb639000-7f96eb63b000 r--s 0000e000 08:01 657774                     /home/rubinder/.gvm/grails/2.4.4/dist/grails-plugin-async-2.4.4.jar
7f96eb63b000-7f96eb63f000 r--s 00019000 08:01 529954                     /home/rubinder/.gvm/grails/2.4.4/lib/com.googlecode.concurrentlinkedhashmap/concurrentlinkedhashmap-lru/jars/concurrentlinkedhashmap-lru-1.4.jar
7f96eb63f000-7f96eb643000 r--s 00028000 08:01 530012                     /home/rubinder/.gvm/grails/2.4.4/lib/commons-validator/commons-validator/jars/commons-validator-1.4.0.jar
7f96eb643000-7f96eb646000 r--s 00012000 08:01 658257                     /home/rubinder/.gvm/grails/2.4.4/dist/grails-validation-2.4.4.jar
7f96eb646000-7f96eb648000 r--s 0000e000 08:01 658110                     /home/rubinder/.gvm/grails/2.4.4/dist/grails-plugin-url-mappings-2.4.4.jar
7f96eb648000-7f96eb649000 r--s 00006000 08:01 658068                     /home/rubinder/.gvm/grails/2.4.4/dist/grails-plugin-servlets-2.4.4.jar
7f96eb649000-7f96eb650000 r--s 00036000 08:01 530473                     /home/rubinder/.gvm/grails/2.4.4/lib/org.springframework/spring-tx/jars/spring-tx-4.0.7.RELEASE.jar
7f96eb650000-7f96eb652000 r--s 00009000 08:01 658047                     /home/rubinder/.gvm/grails/2.4.4/dist/grails-plugin-services-2.4.4.jar
7f96eb652000-7f96eb653000 r--s 00001000 08:01 530368                     /home/rubinder/.gvm/grails/2.4.4/lib/org.slf4j/jul-to-slf4j/jars/jul-to-slf4j-1.7.5.jar
7f96eb653000-7f96eb655000 r--s 0000c000 08:01 658404                     /home/rubinder/.gvm/grails/2.4.4/dist/grails-web-gsp-taglib-2.4.4.jar
7f96eb655000-7f96eb656000 r--s 00000000 08:01 657753                     /home/rubinder/.gvm/grails/2.4.4/dist/grails-logging-2.4.4.jar
7f96eb656000-7f96eb65c000 r--s 00033000 08:01 529986                     /home/rubinder/.gvm/grails/2.4.4/lib/commons-codec/commons-codec/jars/commons-codec-1.6.jar
7f96eb65c000-7f96eb66b000 r--s 00096000 08:01 530480                     /home/rubinder/.gvm/grails/2.4.4/lib/org.springframework/spring-web/jars/spring-web-4.0.7.RELEASE.jar
7f96eb66b000-7f96eb670000 r--s 0002e000 08:01 657732                     /home/rubinder/.gvm/grails/2.4.4/dist/grails-encoder-2.4.4.jar
7f96eb670000-7f96eb672000 r--s 00012000 08:01 657795                     /home/rubinder/.gvm/grails/2.4.4/dist/grails-plugin-codecs-2.4.4.jar
7f96eb672000-7f96eb678000 r--s 00058000 08:01 657942                     /home/rubinder/.gvm/grails/2.4.4/dist/grails-plugin-gsp-2.4.4.jar
7f96eb678000-7f96eb67a000 r--s 0000b000 08:01 657921                     /home/rubinder/.gvm/grails/2.4.4/dist/grails-plugin-filters-2.4.4.jar
7f96eb67a000-7f96eb67f000 r--s 00041000 08:01 530008                     /home/rubinder/.gvm/grails/2.4.4/lib/commons-lang/commons-lang/jars/commons-lang-2.6.jar
7f96eb67f000-7f96eb684000 r--s 00017000 08:01 530344                     /home/rubinder/.gvm/grails/2.4.4/lib/org.hibernate.javax.persistence/hibernate-jpa-2.1-api/jars/hibernate-jpa-2.1-api-1.0.0.Final.jar
7f96eb684000-7f96eb686000 r--s 00000000 08:01 529903                     /home/rubinder/.gvm/grails/2.4.4/lib/aopalliance/aopalliance/jars/aopalliance-1.0.jar
7f96eb686000-7f96eb692000 r--s 00098000 08:01 530427                     /home/rubinder/.gvm/grails/2.4.4/lib/org.springframework/spring-beans/jars/spring-beans-4.0.7.RELEASE.jar
7f96eb692000-7f96eb6a6000 r--s 000db000 08:01 530445                     /home/rubinder/.gvm/grails/2.4.4/lib/org.springframework/spring-core/jars/spring-core-4.0.7.RELEASE.jar
7f96eb6a6000-7f96eb6a9000 r--s 00041000 08:01 530515                     /home/rubinder/.gvm/grails/2.4.4/lib/xalan/serializer/jars/serializer-2.7.1.jar
7f96eb6a9000-7f96eb6ab000 r--s 00009000 08:01 658215                     /home/rubinder/.gvm/grails/2.4.4/dist/grails-spring-2.4.4.jar
7f96eb6ab000-7f96eb6b8000 r--s 000a6000 08:01 657669                     /home/rubinder/.gvm/grails/2.4.4/dist/grails-core-2.4.4.jar
7f96eb6b8000-7f96eb6bd000 r--s 0002a000 08:01 529933                     /home/rubinder/.gvm/grails/2.4.4/lib/com.google.code.gson/gson/jars/gson-2.2.4.jar
7f96eb6bd000-7f96eb6d5000 r--s 001ae000 08:01 530183                     /home/rubinder/.gvm/grails/2.4.4/lib/org.aspectj/aspectjweaver/jars/aspectjweaver-1.8.2.jar
7f96eb6d5000-7f96eb6d8000 ---p 00000000 00:00 0 
7f96eb6d8000-7f96eb7d6000 rw-p 00000000 00:00 0                          [stack:16215]
7f96eb7d6000-7f96eb7e6000 r-xp 00000000 08:07 138998                     /usr/lib/jvm/java-7-oracle/jre/lib/amd64/libnio.so
7f96eb7e6000-7f96eb9e6000 ---p 00010000 08:07 138998                     /usr/lib/jvm/java-7-oracle/jre/lib/amd64/libnio.so
7f96eb9e6000-7f96eb9e7000 rw-p 00010000 08:07 138998                     /usr/lib/jvm/java-7-oracle/jre/lib/amd64/libnio.so
7f96eb9e7000-7f96ebce8000 rw-p 00000000 00:00 0 
7f96ebce8000-7f96ebcff000 r-xp 00000000 08:07 139032                     /usr/lib/jvm/java-7-oracle/jre/lib/amd64/libnet.so
7f96ebcff000-7f96ebefe000 ---p 00017000 08:07 139032                     /usr/lib/jvm/java-7-oracle/jre/lib/amd64/libnet.so
7f96ebefe000-7f96ebeff000 rw-p 00016000 08:07 139032                     /usr/lib/jvm/java-7-oracle/jre/lib/amd64/libnet.so
7f96ebeff000-7f96ebf02000 ---p 00000000 00:00 0 
7f96ebf02000-7f96ec000000 rw-p 00000000 00:00 0                          [stack:16203]
7f96ec000000-7f96ec021000 rw-p 00000000 00:00 0 
7f96ec021000-7f96f0000000 ---p 00000000 00:00 0 
7f96f0000000-7f96f0001000 r--s 00005000 08:01 657963                     /home/rubinder/.gvm/grails/2.4.4/dist/grails-plugin-i18n-2.4.4.jar
7f96f0001000-7f96f0002000 r--s 00005000 08:01 657858                     /home/rubinder/.gvm/grails/2.4.4/dist/grails-plugin-databinding-2.4.4.jar
7f96f0002000-7f96f0006000 r--s 00019000 08:01 530179                     /home/rubinder/.gvm/grails/2.4.4/lib/org.aspectj/aspectjrt/jars/aspectjrt-1.8.2.jar
7f96f0006000-7f96f0008000 r--s 0001d000 08:01 658320                     /home/rubinder/.gvm/grails/2.4.4/dist/grails-web-databinding-2.4.4.jar
7f96f0008000-7f96f000a000 r--s 0000b000 08:01 530420                     /home/rubinder/.gvm/grails/2.4.4/lib/org.springframework/spring-aspects/jars/spring-aspects-4.0.7.RELEASE.jar
7f96f000a000-7f96f0010000 r--s 00027000 08:01 530088                     /home/rubinder/.gvm/grails/2.4.4/lib/opensymphony/sitemesh/jars/sitemesh-2.4.jar
7f96f0010000-7f96f0012000 r--s 0000b000 08:01 658467                     /home/rubinder/.gvm/grails/2.4.4/dist/grails-web-sitemesh-2.4.4.jar
7f96f0012000-7f96f0016000 r--s 00023000 08:01 658488                     /home/rubinder/.gvm/grails/2.4.4/dist/grails-web-url-mappings-2.4.4.jar
7f96f0016000-7f96f0018000 r--s 00009000 08:01 658446                     /home/rubinder/.gvm/grails/2.4.4/dist/grails-web-mvc-2.4.4.jar
7f96f0018000-7f96f001a000 r--s 00013000 08:01 657690                     /home/rubinder/.gvm/grails/2.4.4/dist/grails-databinding-2.4.4.jar
7f96f001a000-7f96f001e000 r--s 0001e000 08:01 530438                     /home/rubinder/.gvm/grails/2.4.4/lib/org.springframework/spring-context-support/jars/spring-context-support-4.0.7.RELEASE.jar
7f96f001e000-7f96f002a000 r--s 00096000 08:01 530484                     /home/rubinder/.gvm/grails/2.4.4/lib/org.springframework/spring-webmvc/jars/spring-webmvc-4.0.7.RELEASE.jar
7f96f002a000-7f96f002f000 r--s 00030000 08:01 658299                     /home/rubinder/.gvm/grails/2.4.4/dist/grails-web-common-2.4.4.jar
7f96f002f000-7f96f0031000 r--s 0000f000 08:01 529997                     /home/rubinder/.gvm/grails/2.4.4/lib/commons-fileupload/commons-fileupload/jars/commons-fileupload-1.3.1.jar
7f96f0031000-7f96f0035000 r--s 00024000 08:01 658425                     /home/rubinder/.gvm/grails/2.4.4/dist/grails-web-jsp-2.4.4.jar
7f96f0035000-7f96f003c000 r--s 0004f000 08:01 658383                     /home/rubinder/.gvm/grails/2.4.4/dist/grails-web-gsp-2.4.4.jar
7f96f003c000-7f96f003e000 r--s 00009000 08:01 658278                     /home/rubinder/.gvm/grails/2.4.4/dist/grails-web-2.4.4.jar
7f96f003e000-7f96f0040000 r--s 00008000 08:01 658131                     /home/rubinder/.gvm/grails/2.4.4/dist/grails-plugin-validation-2.4.4.jar
7f96f0040000-7f96f0044000 r--s 00020000 08:01 657816                     /home/rubinder/.gvm/grails/2.4.4/dist/grails-plugin-controllers-2.4.4.jar
7f96f0044000-7f96f0049000 r--s 0002e000 08:01 530452                     /home/rubinder/.gvm/grails/2.4.4/lib/org.springframework/spring-expression/jars/spring-expression-4.0.7.RELEASE.jar
7f96f0049000-7f96f0052000 r--s 0004e000 08:01 530416                     /home/rubinder/.gvm/grails/2.4.4/lib/org.springframework/spring-aop/jars/spring-aop-4.0.7.RELEASE.jar
7f96f0052000-7f96f0069000 r--s 000d8000 08:01 530434                     /home/rubinder/.gvm/grails/2.4.4/lib/org.springframework/spring-context/jars/spring-context-4.0.7.RELEASE.jar
7f96f0069000-7f96f006b000 r--s 00008000 08:01 530166                     /home/rubinder/.gvm/grails/2.4.4/lib/org.apache.tomcat/tomcat-juli/jars/tomcat-juli-7.0.50.jar
7f96f006b000-7f96f006d000 r--s 0001d000 08:01 530161                     /home/rubinder/.gvm/grails/2.4.4/lib/org.apache.tomcat/tomcat-jdbc/jars/tomcat-jdbc-7.0.50.jar
7f96f006d000-7f96f0077000 r--s 0005e000 08:01 530459                     /home/rubinder/.gvm/grails/2.4.4/lib/org.springframework/spring-jdbc/jars/spring-jdbc-4.0.7.RELEASE.jar
7f96f0077000-7f96f0081000 r--s 00253000 08:07 139075                     /usr/lib/jvm/java-7-oracle/jre/lib/resources.jar
7f96f0081000-7f96f0082000 r-xp 00000000 08:07 789751                     /tmp/libjansi-64-2674210607568172233.so
7f96f0082000-7f96f0281000 ---p 00001000 08:07 789751                     /tmp/libjansi-64-2674210607568172233.so
7f96f0281000-7f96f0282000 rw-p 00000000 08:07 789751                     /tmp/libjansi-64-2674210607568172233.so
7f96f0282000-7f96f0285000 ---p 00000000 00:00 0 
7f96f0285000-7f96f02bb000 rw-p 00000000 00:00 0                          [stack:16192]
7f96f02bb000-7f96f02bc000 ---p 00000000 00:00 0 
7f96f02bc000-7f96f03bc000 rw-p 00000000 00:00 0                          [stack:16190]
7f96f03bc000-7f96f03bf000 ---p 00000000 00:00 0 
7f96f03bf000-7f96f04bd000 rw-p 00000000 00:00 0                          [stack:16189]
7f96f04bd000-7f96f04c0000 ---p 00000000 00:00 0 
7f96f04c0000-7f96f05be000 rw-p 00000000 00:00 0                          [stack:16188]
7f96f05be000-7f96f05c1000 ---p 00000000 00:00 0 
7f96f05c1000-7f96f06bf000 rw-p 00000000 00:00 0                          [stack:16187]
7f96f06bf000-7f96f06c4000 r-xp 00000000 08:07 2761929                    /usr/lib/x86_64-linux-gnu/libXdmcp.so.6.0.0
7f96f06c4000-7f96f08c3000 ---p 00005000 08:07 2761929                    /usr/lib/x86_64-linux-gnu/libXdmcp.so.6.0.0
7f96f08c3000-7f96f08c4000 r--p 00004000 08:07 2761929                    /usr/lib/x86_64-linux-gnu/libXdmcp.so.6.0.0
7f96f08c4000-7f96f08c5000 rw-p 00005000 08:07 2761929                    /usr/lib/x86_64-linux-gnu/libXdmcp.so.6.0.0
7f96f08c5000-7f96f08c7000 r-xp 00000000 08:07 2761918                    /usr/lib/x86_64-linux-gnu/libXau.so.6.0.0
7f96f08c7000-7f96f0ac7000 ---p 00002000 08:07 2761918                    /usr/lib/x86_64-linux-gnu/libXau.so.6.0.0
7f96f0ac7000-7f96f0ac8000 r--p 00002000 08:07 2761918                    /usr/lib/x86_64-linux-gnu/libXau.so.6.0.0
7f96f0ac8000-7f96f0ac9000 rw-p 00003000 08:07 2761918                    /usr/lib/x86_64-linux-gnu/libXau.so.6.0.0
7f96f0ac9000-7f96f0ae6000 r-xp 00000000 08:07 2763038                    /usr/lib/x86_64-linux-gnu/libxcb.so.1.1.0
7f96f0ae6000-7f96f0ce6000 ---p 0001d000 08:07 2763038                    /usr/lib/x86_64-linux-gnu/libxcb.so.1.1.0
7f96f0ce6000-7f96f0ce7000 r--p 0001d000 08:07 2763038                    /usr/lib/x86_64-linux-gnu/libxcb.so.1.1.0
7f96f0ce7000-7f96f0ce8000 rw-p 0001e000 08:07 2763038                    /usr/lib/x86_64-linux-gnu/libxcb.so.1.1.0
7f96f0ce8000-7f96f0e1b000 r-xp 00000000 08:07 2761914                    /usr/lib/x86_64-linux-gnu/libX11.so.6.3.0
7f96f0e1b000-7f96f101b000 ---p 00133000 08:07 2761914                    /usr/lib/x86_64-linux-gnu/libX11.so.6.3.0
7f96f101b000-7f96f101c000 r--p 00133000 08:07 2761914                    /usr/lib/x86_64-linux-gnu/libX11.so.6.3.0
7f96f101c000-7f96f1020000 rw-p 00134000 08:07 2761914                    /usr/lib/x86_64-linux-gnu/libX11.so.6.3.0
7f96f1020000-7f96f1021000 rw-p 00000000 00:00 0 
7f96f1021000-7f96f1022000 r--s 00000000 08:01 658362                     /home/rubinder/.gvm/grails/2.4.4/dist/grails-web-fileupload-2.4.4.jar
7f96f1022000-7f96f1024000 r--s 0000d000 08:01 657879                     /home/rubinder/.gvm/grails/2.4.4/dist/grails-plugin-datasource-2.4.4.jar
7f96f1024000-7f96f1028000 r--s 00038000 08:01 658026                     /home/rubinder/.gvm/grails/2.4.4/dist/grails-plugin-rest-2.4.4.jar
7f96f1028000-7f96f102a000 r--s 00001000 08:07 139631                     /usr/lib/jvm/java-7-oracle/jre/lib/ext/dnsns.jar
7f96f102a000-7f96f102e000 r--s 0008b000 08:07 139624                     /usr/lib/jvm/java-7-oracle/jre/lib/jsse.jar
7f96f102e000-7f96f1030000 r--s 00006000 08:07 265901                     /usr/share/java/jayatana.jar
7f96f1030000-7f96f1037000 r--s 00060000 08:01 530491                     /home/rubinder/.gvm/grails/2.4.4/lib/org.springframework/springloaded/jars/springloaded-1.2.1.RELEASE.jar
7f96f1037000-7f96f1039000 r-xp 00000000 08:07 2753098                    /usr/lib/jayatana/libjayatanaag.so
7f96f1039000-7f96f1238000 ---p 00002000 08:07 2753098                    /usr/lib/jayatana/libjayatanaag.so
7f96f1238000-7f96f1239000 r--p 00001000 08:07 2753098                    /usr/lib/jayatana/libjayatanaag.so
7f96f1239000-7f96f123a000 rw-p 00002000 08:07 2753098                    /usr/lib/jayatana/libjayatanaag.so
7f96f123a000-7f96f124a000 r--s 0019c000 08:01 787123                     /home/rubinder/.m2/repository/org/eclipse/jdt/core/compiler/ecj/3.7.2/ecj-3.7.2.jar
7f96f124a000-7f96f126c000 r--s 0026b000 08:01 787124                     /home/rubinder/.m2/repository/org/apache/tomcat/embed/tomcat-embed-core/7.0.55/tomcat-embed-core-7.0.55.jar
7f96f126c000-7f96f1271000 r--s 0002f000 08:01 787120                     /home/rubinder/.m2/repository/org/apache/tomcat/embed/tomcat-embed-websocket/7.0.55/tomcat-embed-websocket-7.0.55.jar
7f96f1271000-7f96f1273000 r--s 00013000 08:01 787114                     /home/rubinder/.m2/repository/org/apache/tomcat/embed/tomcat-embed-logging-log4j/7.0.55/tomcat-embed-logging-log4j-7.0.55.jar
7f96f1273000-7f96f1276000 r--s 00028000 08:01 787112                     /home/rubinder/.m2/repository/org/apache/tomcat/embed/tomcat-embed-el/7.0.55/tomcat-embed-el-7.0.55.jar
7f96f1276000-7f96f127f000 r--s 0009f000 08:01 787110                     /home/rubinder/.m2/repository/org/apache/tomcat/embed/tomcat-embed-jasper/7.0.55/tomcat-embed-jasper-7.0.55.jar
7f96f127f000-7f96f1281000 r--s 0000c000 08:01 787108                     /home/rubinder/.m2/repository/org/apache/tomcat/tomcat-catalina-ant/7.0.55/tomcat-catalina-ant-7.0.55.jar
7f96f1281000-7f96f1283000 r--s 0001a000 08:01 530313                     /home/rubinder/.gvm/grails/2.4.4/lib/org.fusesource.jansi/jansi/jars/jansi-1.11.jar
7f96f1283000-7f96f1298000 r--s 00116000 08:01 530118                     /home/rubinder/.gvm/grails/2.4.4/lib/org.apache.ivy/ivy/jars/ivy-2.3.0.jar
7f96f1298000-7f96f129b000 r--s 00018000 08:01 530095                     /home/rubinder/.gvm/grails/2.4.4/lib/org.apache.ant/ant-junit/jars/ant-junit-1.8.4.jar
7f96f129b000-7f96f12b9000 r--s 001bd000 08:01 530092                     /home/rubinder/.gvm/grails/2.4.4/lib/org.apache.ant/ant/jars/ant-1.8.4.jar
7f96f12b9000-7f96f12bd000 r--s 00031000 08:01 530065                     /home/rubinder/.gvm/grails/2.4.4/lib/jline/jline/jars/jline-2.12.jar
7f96f12bd000-7f96f12cb000 r--s 000db000 08:01 657648                     /home/rubinder/.gvm/grails/2.4.4/dist/grails-bootstrap-2.4.4.jar
7f96f12cb000-7f96f1336000 r--s 00685000 08:01 530215                     /home/rubinder/.gvm/grails/2.4.4/lib/org.codehaus.groovy/groovy-all/jars/groovy-all-2.3.7.jar
7f96f1336000-7f96f13a1000 r--s 00e21000 08:07 140196                     /usr/lib/jvm/java-7-oracle/lib/tools.jar
7f96f13a1000-7f96f13a4000 ---p 00000000 00:00 0 
7f96f13a4000-7f96f14a2000 rw-p 00000000 00:00 0                          [stack:16186]
7f96f14a2000-7f96f176b000 r--p 00000000 08:07 2755905                    /usr/lib/locale/locale-archive
7f96f176b000-7f96f176e000 ---p 00000000 00:00 0 
7f96f176e000-7f96f186c000 rw-p 00000000 00:00 0                          [stack:16185]
7f96f186c000-7f96f186f000 ---p 00000000 00:00 0 
7f96f186f000-7f96f196d000 rw-p 00000000 00:00 0                          [stack:16184]
7f96f196d000-7f96f196e000 ---p 00000000 00:00 0 
7f96f196e000-7f96f29c8000 rw-p 00000000 00:00 0                          [stack:16183]
7f96f29c8000-7f96f2b88000 r--s 039fb000 08:07 139680                     /usr/lib/jvm/java-7-oracle/jre/lib/rt.jar
7f96f2b88000-7f96f4dfe000 rw-p 00000000 00:00 0 
7f96f4dfe000-7f96f4dff000 ---p 00000000 00:00 0 
7f96f4dff000-7f96f4eff000 rw-p 00000000 00:00 0                          [stack:16181]
7f96f4eff000-7f96f4f00000 ---p 00000000 00:00 0 
7f96f4f00000-7f96f5000000 rw-p 00000000 00:00 0                          [stack:16180]
7f96f5000000-7f96f5500000 rwxp 00000000 00:00 0 
7f96f5500000-7f96f8d40000 rw-p 00000000 00:00 0 
7f96f8d40000-7f96fc000000 ---p 00000000 00:00 0 
7f96fc000000-7f96fc001000 r--s 00000000 08:07 265899                     /usr/share/java/jayatanaag.jar
7f96fc001000-7f96fc05c000 rw-p 00000000 00:00 0 
7f96fc05c000-7f96fc05d000 ---p 00000000 00:00 0 
7f96fc05d000-7f96fc15d000 rw-p 00000000 00:00 0                          [stack:16178]
7f96fc15d000-7f96fc15e000 ---p 00000000 00:00 0 
7f96fc15e000-7f96fc27b000 rw-p 00000000 00:00 0                          [stack:16177]
7f96fc27b000-7f96fc2de000 rw-p 00000000 00:00 0 
7f96fc2de000-7f96fc30f000 rw-p 00000000 00:00 0 
7f96fc30f000-7f96fc322000 ---p 00000000 00:00 0 
7f96fc322000-7f96fc3de000 rw-p 00000000 00:00 0 
7f96fc3de000-7f96fc3fb000 rw-p 00000000 00:00 0 
7f96fc3fb000-7f96fc45e000 rw-p 00000000 00:00 0 
7f96fc45e000-7f96fc48f000 rw-p 00000000 00:00 0 
7f96fc48f000-7f96fc4a2000 ---p 00000000 00:00 0 
7f96fc4a2000-7f96fc55e000 rw-p 00000000 00:00 0 
7f96fc55e000-7f96fc5de000 rw-p 00000000 00:00 0 
7f96fc5de000-7f96fc5df000 rw-p 00000000 00:00 0 
7f96fc5df000-7f96fc5f6000 r-xp 00000000 08:07 139027                     /usr/lib/jvm/java-7-oracle/jre/lib/amd64/libzip.so
7f96fc5f6000-7f96fc7f6000 ---p 00017000 08:07 139027                     /usr/lib/jvm/java-7-oracle/jre/lib/amd64/libzip.so
7f96fc7f6000-7f96fc7f7000 rw-p 00017000 08:07 139027                     /usr/lib/jvm/java-7-oracle/jre/lib/amd64/libzip.so
7f96fc7f7000-7f96fc803000 r-xp 00000000 08:07 135339                     /lib/x86_64-linux-gnu/libnss_files-2.21.so
7f96fc803000-7f96fca02000 ---p 0000c000 08:07 135339                     /lib/x86_64-linux-gnu/libnss_files-2.21.so
7f96fca02000-7f96fca03000 r--p 0000b000 08:07 135339                     /lib/x86_64-linux-gnu/libnss_files-2.21.so
7f96fca03000-7f96fca04000 rw-p 0000c000 08:07 135339                     /lib/x86_64-linux-gnu/libnss_files-2.21.so
7f96fca04000-7f96fca0f000 r-xp 00000000 08:07 135312                     /lib/x86_64-linux-gnu/libnss_nis-2.21.so
7f96fca0f000-7f96fcc0e000 ---p 0000b000 08:07 135312                     /lib/x86_64-linux-gnu/libnss_nis-2.21.so
7f96fcc0e000-7f96fcc0f000 r--p 0000a000 08:07 135312                     /lib/x86_64-linux-gnu/libnss_nis-2.21.so
7f96fcc0f000-7f96fcc10000 rw-p 0000b000 08:07 135312                     /lib/x86_64-linux-gnu/libnss_nis-2.21.so
7f96fcc10000-7f96fcc27000 r-xp 00000000 08:07 135347                     /lib/x86_64-linux-gnu/libnsl-2.21.so
7f96fcc27000-7f96fce26000 ---p 00017000 08:07 135347                     /lib/x86_64-linux-gnu/libnsl-2.21.so
7f96fce26000-7f96fce27000 r--p 00016000 08:07 135347                     /lib/x86_64-linux-gnu/libnsl-2.21.so
7f96fce27000-7f96fce28000 rw-p 00017000 08:07 135347                     /lib/x86_64-linux-gnu/libnsl-2.21.so
7f96fce28000-7f96fce2a000 rw-p 00000000 00:00 0 
7f96fce2a000-7f96fce32000 r-xp 00000000 08:07 135341                     /lib/x86_64-linux-gnu/libnss_compat-2.21.so
7f96fce32000-7f96fd031000 ---p 00008000 08:07 135341                     /lib/x86_64-linux-gnu/libnss_compat-2.21.so
7f96fd031000-7f96fd032000 r--p 00007000 08:07 135341                     /lib/x86_64-linux-gnu/libnss_compat-2.21.so
7f96fd032000-7f96fd033000 rw-p 00008000 08:07 135341                     /lib/x86_64-linux-gnu/libnss_compat-2.21.so
7f96fd033000-7f96fd03d000 r-xp 00000000 08:07 139040                     /usr/lib/jvm/java-7-oracle/jre/lib/amd64/libinstrument.so
7f96fd03d000-7f96fd23c000 ---p 0000a000 08:07 139040                     /usr/lib/jvm/java-7-oracle/jre/lib/amd64/libinstrument.so
7f96fd23c000-7f96fd23d000 rw-p 00009000 08:07 139040                     /usr/lib/jvm/java-7-oracle/jre/lib/amd64/libinstrument.so
7f96fd23d000-7f96fd266000 r-xp 00000000 08:07 138993                     /usr/lib/jvm/java-7-oracle/jre/lib/amd64/libjava.so
7f96fd266000-7f96fd466000 ---p 00029000 08:07 138993                     /usr/lib/jvm/java-7-oracle/jre/lib/amd64/libjava.so
7f96fd466000-7f96fd468000 rw-p 00029000 08:07 138993                     /usr/lib/jvm/java-7-oracle/jre/lib/amd64/libjava.so
7f96fd468000-7f96fd475000 r-xp 00000000 08:07 139020                     /usr/lib/jvm/java-7-oracle/jre/lib/amd64/libverify.so
7f96fd475000-7f96fd674000 ---p 0000d000 08:07 139020                     /usr/lib/jvm/java-7-oracle/jre/lib/amd64/libverify.so
7f96fd674000-7f96fd676000 rw-p 0000c000 08:07 139020                     /usr/lib/jvm/java-7-oracle/jre/lib/amd64/libverify.so
7f96fd676000-7f96fd67d000 r-xp 00000000 08:07 135348                     /lib/x86_64-linux-gnu/librt-2.21.so
7f96fd67d000-7f96fd87c000 ---p 00007000 08:07 135348                     /lib/x86_64-linux-gnu/librt-2.21.so
7f96fd87c000-7f96fd87d000 r--p 00006000 08:07 135348                     /lib/x86_64-linux-gnu/librt-2.21.so
7f96fd87d000-7f96fd87e000 rw-p 00007000 08:07 135348                     /lib/x86_64-linux-gnu/librt-2.21.so
7f96fd87e000-7f96fd985000 r-xp 00000000 08:07 135345                     /lib/x86_64-linux-gnu/libm-2.21.so
7f96fd985000-7f96fdb84000 ---p 00107000 08:07 135345                     /lib/x86_64-linux-gnu/libm-2.21.so
7f96fdb84000-7f96fdb85000 r--p 00106000 08:07 135345                     /lib/x86_64-linux-gnu/libm-2.21.so
7f96fdb85000-7f96fdb86000 rw-p 00107000 08:07 135345                     /lib/x86_64-linux-gnu/libm-2.21.so
7f96fdb86000-7f96fe6fc000 r-xp 00000000 08:07 139047                     /usr/lib/jvm/java-7-oracle/jre/lib/amd64/server/libjvm.so
7f96fe6fc000-7f96fe8fb000 ---p 00b76000 08:07 139047                     /usr/lib/jvm/java-7-oracle/jre/lib/amd64/server/libjvm.so
7f96fe8fb000-7f96fe9bf000 rw-p 00b75000 08:07 139047                     /usr/lib/jvm/java-7-oracle/jre/lib/amd64/server/libjvm.so
7f96fe9bf000-7f96fea00000 rw-p 00000000 00:00 0 
7f96fea00000-7f96febc0000 r-xp 00000000 08:07 135352                     /lib/x86_64-linux-gnu/libc-2.21.so
7f96febc0000-7f96fedc0000 ---p 001c0000 08:07 135352                     /lib/x86_64-linux-gnu/libc-2.21.so
7f96fedc0000-7f96fedc4000 r--p 001c0000 08:07 135352                     /lib/x86_64-linux-gnu/libc-2.21.so
7f96fedc4000-7f96fedc6000 rw-p 001c4000 08:07 135352                     /lib/x86_64-linux-gnu/libc-2.21.so
7f96fedc6000-7f96fedca000 rw-p 00000000 00:00 0 
7f96fedca000-7f96fedcd000 r-xp 00000000 08:07 135318                     /lib/x86_64-linux-gnu/libdl-2.21.so
7f96fedcd000-7f96fefcc000 ---p 00003000 08:07 135318                     /lib/x86_64-linux-gnu/libdl-2.21.so
7f96fefcc000-7f96fefcd000 r--p 00002000 08:07 135318                     /lib/x86_64-linux-gnu/libdl-2.21.so
7f96fefcd000-7f96fefce000 rw-p 00003000 08:07 135318                     /lib/x86_64-linux-gnu/libdl-2.21.so
7f96fefce000-7f96fefe3000 r-xp 00000000 08:07 139728                     /usr/lib/jvm/java-7-oracle/lib/amd64/jli/libjli.so
7f96fefe3000-7f96ff1e2000 ---p 00015000 08:07 139728                     /usr/lib/jvm/java-7-oracle/lib/amd64/jli/libjli.so
7f96ff1e2000-7f96ff1e3000 rw-p 00014000 08:07 139728                     /usr/lib/jvm/java-7-oracle/lib/amd64/jli/libjli.so
7f96ff1e3000-7f96ff1fb000 r-xp 00000000 08:07 135332                     /lib/x86_64-linux-gnu/libpthread-2.21.so
7f96ff1fb000-7f96ff3fb000 ---p 00018000 08:07 135332                     /lib/x86_64-linux-gnu/libpthread-2.21.so
7f96ff3fb000-7f96ff3fc000 r--p 00018000 08:07 135332                     /lib/x86_64-linux-gnu/libpthread-2.21.so
7f96ff3fc000-7f96ff3fd000 rw-p 00019000 08:07 135332                     /lib/x86_64-linux-gnu/libpthread-2.21.so
7f96ff3fd000-7f96ff401000 rw-p 00000000 00:00 0 
7f96ff401000-7f96ff425000 r-xp 00000000 08:07 135325                     /lib/x86_64-linux-gnu/ld-2.21.so
7f96ff425000-7f96ff426000 r--s 00013000 08:01 918237                     /home/rubinder/Workspace/linksharing/target/work/plugins/tomcat-7.0.55/grails-plugin-tomcat-7.0.55.jar
7f96ff426000-7f96ff427000 r--s 00001000 08:01 530101                     /home/rubinder/.gvm/grails/2.4.4/lib/org.apache.ant/ant-trax/jars/ant-trax-1.7.1.jar
7f96ff427000-7f96ff428000 r--s 00004000 08:01 530098                     /home/rubinder/.gvm/grails/2.4.4/lib/org.apache.ant/ant-launcher/jars/ant-launcher-1.8.4.jar
7f96ff428000-7f96ff42a000 r--s 00005000 08:01 530374                     /home/rubinder/.gvm/grails/2.4.4/lib/org.slf4j/slf4j-api/jars/slf4j-api-1.7.5.jar
7f96ff42a000-7f96ff433000 r--s 0006f000 08:01 530080                     /home/rubinder/.gvm/grails/2.4.4/lib/log4j/log4j/jars/log4j-1.2.17.jar
7f96ff433000-7f96ff45b000 rw-p 00000000 00:00 0 
7f96ff45b000-7f96ff507000 rw-p 00000000 00:00 0 
7f96ff507000-7f96ff50a000 ---p 00000000 00:00 0 
7f96ff50a000-7f96ff60c000 rw-p 00000000 00:00 0                          [stack:16176]
7f96ff60c000-7f96ff60f000 r--s 0000d000 08:01 657984                     /home/rubinder/.gvm/grails/2.4.4/dist/grails-plugin-log4j-2.4.4.jar
7f96ff60f000-7f96ff611000 r--s 00013000 08:01 530172                     /home/rubinder/.gvm/grails/2.4.4/lib/org.apache.tomcat.embed/tomcat-embed-logging-log4j/jars/tomcat-embed-logging-log4j-7.0.50.jar
7f96ff611000-7f96ff616000 r--s 00050000 08:01 530200                     /home/rubinder/.gvm/grails/2.4.4/lib/org.codehaus.gant/gant_groovy1.8/jars/gant_groovy1.8-1.9.6.jar
7f96ff616000-7f96ff618000 r--s 00003000 08:01 530362                     /home/rubinder/.gvm/grails/2.4.4/lib/org.slf4j/jcl-over-slf4j/jars/jcl-over-slf4j-1.7.5.jar
7f96ff618000-7f96ff620000 rw-s 00000000 08:07 789746                     /tmp/hsperfdata_rubinder/16174
7f96ff620000-7f96ff621000 rw-p 00000000 00:00 0 
7f96ff621000-7f96ff622000 r--p 00000000 00:00 0 
7f96ff622000-7f96ff624000 rw-p 00000000 00:00 0 
7f96ff624000-7f96ff625000 r--p 00023000 08:07 135325                     /lib/x86_64-linux-gnu/ld-2.21.so
7f96ff625000-7f96ff626000 rw-p 00024000 08:07 135325                     /lib/x86_64-linux-gnu/ld-2.21.so
7f96ff626000-7f96ff627000 rw-p 00000000 00:00 0 
7fff05329000-7fff0534b000 rw-p 00000000 00:00 0                          [stack]
7fff053a9000-7fff053ab000 r--p 00000000 00:00 0                          [vvar]
7fff053ab000-7fff053ad000 r-xp 00000000 00:00 0                          [vdso]
ffffffffff600000-ffffffffff601000 r-xp 00000000 00:00 0                  [vsyscall]

VM Arguments:
jvm_args: -javaagent:/usr/share/java/jayatanaag.jar -Dfile.encoding=UTF-8 -Xmx768M -Xms64M -XX:MaxPermSize=256m -Dgrails.fork.parent.process.port=59602 -Dgrails.fork.active=true -Dgrails.build.execution.context=/tmp/linksharing2793809826655995028grails-execution-context -Dgrails.home=/home/rubinder/.gvm/grails/2.4.4 -javaagent:/home/rubinder/.gvm/grails/2.4.4/lib/org.springframework/springloaded/jars/springloaded-1.2.1.RELEASE.jar -Xverify:none -Dspringloaded.synchronize=true -Djdk.reflect.allowGetCallerClass=true -Dspringloaded=profile=grails;cacheDir=/home/rubinder/.grails/2.4.4 
java_command: org.grails.plugins.tomcat.fork.ForkedTomcatServer
Launcher Type: SUN_STANDARD

Environment Variables:
JAVA_HOME=/usr/lib/jvm/java-7-oracle
JAVA_TOOL_OPTIONS=-javaagent:/usr/share/java/jayatanaag.jar 
PATH=/home/rubinder/.gvm/springboot/current/bin:/home/rubinder/.gvm/lazybones/current/bin:/home/rubinder/.gvm/jbossforge/current/bin:/home/rubinder/.gvm/jbake/current/bin:/home/rubinder/.gvm/groovyserv/current/bin:/home/rubinder/.gvm/groovy/current/bin:/home/rubinder/.gvm/griffon/current/bin:/home/rubinder/.gvm/grails/current/bin:/home/rubinder/.gvm/gradle/current/bin:/home/rubinder/.gvm/glide/current/bin:/home/rubinder/.gvm/gaiden/current/bin:/home/rubinder/.gvm/crash/current/bin:/home/rubinder/.gvm/asciidoctorj/current/bin:/usr/local/sbin:/usr/local/bin:/usr/sbin:/usr/bin:/sbin:/bin:/usr/games:/usr/local/games:/usr/lib/jvm/java-7-oracle/bin:/usr/lib/jvm/java-7-oracle/db/bin:/usr/lib/jvm/java-7-oracle/jre/bin:/opt/idea/bin
SHELL=/bin/bash
DISPLAY=:0

Signal Handlers:
SIGSEGV: [libjvm.so+0x9a3b20], sa_mask[0]=0x7ffbfeff, sa_flags=0x10000004
SIGBUS: [libjvm.so+0x9a3b20], sa_mask[0]=0x7ffbfeff, sa_flags=0x10000004
SIGFPE: [libjvm.so+0x81e740], sa_mask[0]=0x7ffbfeff, sa_flags=0x10000004
SIGPIPE: [libjvm.so+0x81e740], sa_mask[0]=0x7ffbfeff, sa_flags=0x10000004
SIGXFSZ: [libjvm.so+0x81e740], sa_mask[0]=0x7ffbfeff, sa_flags=0x10000004
SIGILL: [libjvm.so+0x81e740], sa_mask[0]=0x7ffbfeff, sa_flags=0x10000004
SIGUSR1: SIG_DFL, sa_mask[0]=0x00000000, sa_flags=0x00000000
SIGUSR2: [libjvm.so+0x81ffb0], sa_mask[0]=0x00000004, sa_flags=0x10000004
SIGHUP: [libjvm.so+0x8210d0], sa_mask[0]=0x7ffbfeff, sa_flags=0x10000004
SIGINT: [libjvm.so+0x8210d0], sa_mask[0]=0x7ffbfeff, sa_flags=0x10000004
SIGTERM: [libjvm.so+0x8210d0], sa_mask[0]=0x7ffbfeff, sa_flags=0x10000004
SIGQUIT: [libjvm.so+0x8210d0], sa_mask[0]=0x7ffbfeff, sa_flags=0x10000004


---------------  S Y S T E M  ---------------

OS:jessie/sid

uname:Linux 3.19.0-22-generic #22-Ubuntu SMP Tue Jun 16 17:15:15 UTC 2015 x86_64
libc:glibc 2.21 NPTL 2.21 
rlimit: STACK 8192k, CORE 0k, NPROC 31559, NOFILE 65536, AS infinity
load average:7.75 2.59 1.23

/proc/meminfo:
MemTotal:        8101404 kB
MemFree:         1658208 kB
MemAvailable:    2918624 kB
Buffers:          208048 kB
Cached:          1700552 kB
SwapCached:           40 kB
Active:          5060244 kB
Inactive:        1171656 kB
Active(anon):    4305904 kB
Inactive(anon):   523360 kB
Active(file):     754340 kB
Inactive(file):   648296 kB
Unevictable:          32 kB
Mlocked:              32 kB
SwapTotal:      16600060 kB
SwapFree:       16599332 kB
Dirty:             16084 kB
Writeback:             0 kB
AnonPages:       4323144 kB
Mapped:           605584 kB
Shmem:            506112 kB
Slab:              94068 kB
SReclaimable:      53444 kB
SUnreclaim:        40624 kB
KernelStack:       12176 kB
PageTables:        48604 kB
NFS_Unstable:          0 kB
Bounce:                0 kB
WritebackTmp:          0 kB
CommitLimit:    20650760 kB
Committed_AS:   11070688 kB
VmallocTotal:   34359738367 kB
VmallocUsed:      557140 kB
VmallocChunk:   34359099760 kB
HardwareCorrupted:     0 kB
AnonHugePages:   3049472 kB
CmaTotal:              0 kB
CmaFree:               0 kB
HugePages_Total:       0
HugePages_Free:        0
HugePages_Rsvd:        0
HugePages_Surp:        0
Hugepagesize:       2048 kB
DirectMap4k:      175872 kB
DirectMap2M:     4993024 kB
DirectMap1G:     4194304 kB


CPU:total 4 (2 cores per cpu, 2 threads per core) family 6 model 69 stepping 1, cmov, cx8, fxsr, mmx, sse, sse2, sse3, ssse3, sse4.1, sse4.2, popcnt, avx, avx2, aes, erms, ht, tsc, tscinvbit

/proc/cpuinfo:
processor	: 0
vendor_id	: GenuineIntel
cpu family	: 6
model		: 69
model name	: Intel(R) Core(TM) i7-4510U CPU @ 2.00GHz
stepping	: 1
microcode	: 0x1c
cpu MHz		: 2799.976
cache size	: 4096 KB
physical id	: 0
siblings	: 4
core id		: 0
cpu cores	: 2
apicid		: 0
initial apicid	: 0
fpu		: yes
fpu_exception	: yes
cpuid level	: 13
wp		: yes
flags		: fpu vme de pse tsc msr pae mce cx8 apic sep mtrr pge mca cmov pat pse36 clflush dts acpi mmx fxsr sse sse2 ss ht tm pbe syscall nx pdpe1gb rdtscp lm constant_tsc arch_perfmon pebs bts rep_good nopl xtopology nonstop_tsc aperfmperf eagerfpu pni pclmulqdq dtes64 monitor ds_cpl vmx est tm2 ssse3 fma cx16 xtpr pdcm pcid sse4_1 sse4_2 movbe popcnt tsc_deadline_timer aes xsave avx f16c rdrand lahf_lm abm ida arat epb pln pts dtherm tpr_shadow vnmi flexpriority ept vpid fsgsbase tsc_adjust bmi1 avx2 smep bmi2 erms invpcid xsaveopt
bugs		:
bogomips	: 5187.63
clflush size	: 64
cache_alignment	: 64
address sizes	: 39 bits physical, 48 bits virtual
power management:

processor	: 1
vendor_id	: GenuineIntel
cpu family	: 6
model		: 69
model name	: Intel(R) Core(TM) i7-4510U CPU @ 2.00GHz
stepping	: 1
microcode	: 0x1c
cpu MHz		: 2799.976
cache size	: 4096 KB
physical id	: 0
siblings	: 4
core id		: 0
cpu cores	: 2
apicid		: 1
initial apicid	: 1
fpu		: yes
fpu_exception	: yes
cpuid level	: 13
wp		: yes
flags		: fpu vme de pse tsc msr pae mce cx8 apic sep mtrr pge mca cmov pat pse36 clflush dts acpi mmx fxsr sse sse2 ss ht tm pbe syscall nx pdpe1gb rdtscp lm constant_tsc arch_perfmon pebs bts rep_good nopl xtopology nonstop_tsc aperfmperf eagerfpu pni pclmulqdq dtes64 monitor ds_cpl vmx est tm2 ssse3 fma cx16 xtpr pdcm pcid sse4_1 sse4_2 movbe popcnt tsc_deadline_timer aes xsave avx f16c rdrand lahf_lm abm ida arat epb pln pts dtherm tpr_shadow vnmi flexpriority ept vpid fsgsbase tsc_adjust bmi1 avx2 smep bmi2 erms invpcid xsaveopt
bugs		:
bogomips	: 5187.63
clflush size	: 64
cache_alignment	: 64
address sizes	: 39 bits physical, 48 bits virtual
power management:

processor	: 2
vendor_id	: GenuineIntel
cpu family	: 6
model		: 69
model name	: Intel(R) Core(TM) i7-4510U CPU @ 2.00GHz
stepping	: 1
microcode	: 0x1c
cpu MHz		: 2799.976
cache size	: 4096 KB
physical id	: 0
siblings	: 4
core id		: 1
cpu cores	: 2
apicid		: 2
initial apicid	: 2
fpu		: yes
fpu_exception	: yes
cpuid level	: 13
wp		: yes
flags		: fpu vme de pse tsc msr pae mce cx8 apic sep mtrr pge mca cmov pat pse36 clflush dts acpi mmx fxsr sse sse2 ss ht tm pbe syscall nx pdpe1gb rdtscp lm constant_tsc arch_perfmon pebs bts rep_good nopl xtopology nonstop_tsc aperfmperf eagerfpu pni pclmulqdq dtes64 monitor ds_cpl vmx est tm2 ssse3 fma cx16 xtpr pdcm pcid sse4_1 sse4_2 movbe popcnt tsc_deadline_timer aes xsave avx f16c rdrand lahf_lm abm ida arat epb pln pts dtherm tpr_shadow vnmi flexpriority ept vpid fsgsbase tsc_adjust bmi1 avx2 smep bmi2 erms invpcid xsaveopt
bugs		:
bogomips	: 5187.63
clflush size	: 64
cache_alignment	: 64
address sizes	: 39 bits physical, 48 bits virtual
power management:

processor	: 3
vendor_id	: GenuineIntel
cpu family	: 6
model		: 69
model name	: Intel(R) Core(TM) i7-4510U CPU @ 2.00GHz
stepping	: 1
microcode	: 0x1c
cpu MHz		: 2799.976
cache size	: 4096 KB
physical id	: 0
siblings	: 4
core id		: 1
cpu cores	: 2
apicid		: 3
initial apicid	: 3
fpu		: yes
fpu_exception	: yes
cpuid level	: 13
wp		: yes
flags		: fpu vme de pse tsc msr pae mce cx8 apic sep mtrr pge mca cmov pat pse36 clflush dts acpi mmx fxsr sse sse2 ss ht tm pbe syscall nx pdpe1gb rdtscp lm constant_tsc arch_perfmon pebs bts rep_good nopl xtopology nonstop_tsc aperfmperf eagerfpu pni pclmulqdq dtes64 monitor ds_cpl vmx est tm2 ssse3 fma cx16 xtpr pdcm pcid sse4_1 sse4_2 movbe popcnt tsc_deadline_timer aes xsave avx f16c rdrand lahf_lm abm ida arat epb pln pts dtherm tpr_shadow vnmi flexpriority ept vpid fsgsbase tsc_adjust bmi1 avx2 smep bmi2 erms invpcid xsaveopt
bugs		:
bogomips	: 5187.63
clflush size	: 64
cache_alignment	: 64
address sizes	: 39 bits physical, 48 bits virtual
power management:



Memory: 4k page, physical 8101404k(1658208k free), swap 16600060k(16599332k free)

vm_info: Java HotSpot(TM) 64-Bit Server VM (24.80-b11) for linux-amd64 JRE (1.7.0_80-b15), built on Apr 10 2015 19:53:14 by "java_re" with gcc 4.3.0 20080428 (Red Hat 4.3.0-8)

time: Thu Jul 23 17:13:59 2015
elapsed time: 10 seconds

